#! /usr/bin/env bash
exec /home/david/miniconda3/envs/digital/bin/vvp -f "$0" "$@" <<'# EOF'
:ivl_version "13.0 (devel)" "(0_8-6859-gf50cc35d2-dirty)";
:ivl_delay_selection "TYPICAL";
:vpi_time_precision - 12;
:vpi_module "/home/david/miniconda3/envs/digital/lib/ivl/system.vpi";
:vpi_module "/home/david/miniconda3/envs/digital/lib/ivl/vhdl_sys.vpi";
:vpi_module "/home/david/miniconda3/envs/digital/lib/ivl/vhdl_textio.vpi";
:vpi_module "/home/david/miniconda3/envs/digital/lib/ivl/v2005_math.vpi";
:vpi_module "/home/david/miniconda3/envs/digital/lib/ivl/va_math.vpi";
S_0x1d997140 .scope module, "SQRT_TB" "SQRT_TB" 2 4;
 .timescale -9 -12;
P_0x1da03440 .param/real "DUTY_CYCLE" 0 2 17, Cr<m4000000000000000gfc1>; value=0.500000
P_0x1da03480 .param/l "OFFSET" 0 2 18, +C4<00000000000000000000000000000000>;
P_0x1da034c0 .param/l "PERIOD" 0 2 16, +C4<00000000000000000000000000010100>;
v0x1da25de0_0 .var "A", 7 0;
v0x1da25ec0_0 .net "Q", 4 0, v0x1da238f0_0;  1 drivers
v0x1da25f80_0 .net "R", 8 0, v0x1da24240_0;  1 drivers
v0x1da26020_0 .var "clk", 0 0;
v0x1da260c0_0 .net "done", 0 0, v0x1da21e20_0;  1 drivers
v0x1da26200_0 .var "i", 20 0;
v0x1da262e0_0 .var "init", 0 0;
v0x1da263d0_0 .var "rst", 0 0;
E_0x1d9d9930 .event "reset_trigger";
E_0x1da06290 .event "reset_done_trigger";
S_0x1d9973c0 .scope begin, "TEST_CASE" "TEST_CASE" 2 63, 2 63 0, S_0x1d997140;
 .timescale -9 -12;
S_0x1d9dea40 .scope module, "uut" "SQRT" 2 14, 3 1 0, S_0x1d997140;
 .timescale -9 -12;
    .port_info 0 /INPUT 1 "clk";
    .port_info 1 /INPUT 1 "init";
    .port_info 2 /INPUT 1 "rst";
    .port_info 3 /INPUT 8 "A";
    .port_info 4 /OUTPUT 5 "Q";
    .port_info 5 /OUTPUT 9 "R";
    .port_info 6 /OUTPUT 1 "done";
v0x1da24ef0_0 .net "A", 7 0, v0x1da25de0_0;  1 drivers
v0x1da24fd0_0 .net "Q", 4 0, v0x1da238f0_0;  alias, 1 drivers
v0x1da250c0_0 .net "R", 8 0, v0x1da24240_0;  alias, 1 drivers
v0x1da251b0_0 .net "T", 5 0, v0x1da24b10_0;  1 drivers
v0x1da252c0_0 .net "clk", 0 0, v0x1da26020_0;  1 drivers
v0x1da253b0_0 .net "done", 0 0, v0x1da21e20_0;  alias, 1 drivers
v0x1da25450_0 .net "init", 0 0, v0x1da262e0_0;  1 drivers
v0x1da254f0_0 .net "rst", 0 0, v0x1da263d0_0;  1 drivers
v0x1da25590_0 .net "w_A", 7 0, v0x1da23300_0;  1 drivers
v0x1da256c0_0 .net "w_S", 8 0, v0x1da22910_0;  1 drivers
v0x1da25760_0 .net "w_T", 6 0, v0x1da055e0_0;  1 drivers
v0x1da25850_0 .net "w_cct", 0 0, v0x1da21b10_0;  1 drivers
v0x1da258f0_0 .net "w_dc", 0 0, v0x1da21d10_0;  1 drivers
v0x1da259e0_0 .net "w_j", 3 0, v0x1d9c9a90_0;  1 drivers
v0x1da25ad0_0 .net "w_rs", 0 0, v0x1da22060_0;  1 drivers
v0x1da25b70_0 .net "w_s", 0 0, v0x1da221d0_0;  1 drivers
v0x1da25c60_0 .net "w_sh", 0 0, v0x1da22270_0;  1 drivers
L_0x1da264c0 .part v0x1da22910_0, 8, 1;
L_0x1da26560 .part v0x1da23300_0, 6, 2;
L_0x1da26650 .part v0x1da22910_0, 8, 1;
S_0x1d9ded10 .scope module, "comp20" "comp2" 3 42, 4 1 0, S_0x1d9dea40;
 .timescale -9 -12;
    .port_info 0 /INPUT 6 "T";
    .port_info 1 /OUTPUT 7 "c2";
v0x1da04e10_0 .net "T", 5 0, v0x1da24b10_0;  alias, 1 drivers
v0x1da055e0_0 .var "c2", 6 0;
E_0x1da062d0 .event anyedge, v0x1da04e10_0, v0x1da055e0_0;
S_0x1da20fa0 .scope module, "cont0" "cont" 3 45, 5 1 0, S_0x1d9dea40;
 .timescale -9 -12;
    .port_info 0 /INPUT 1 "clk";
    .port_info 1 /INPUT 1 "rs";
    .port_info 2 /INPUT 1 "sh";
    .port_info 3 /OUTPUT 4 "j";
v0x1d9ca8c0_0 .net "clk", 0 0, v0x1da26020_0;  alias, 1 drivers
v0x1d9c9a90_0 .var "j", 3 0;
v0x1d9c8d60_0 .net "rs", 0 0, v0x1da22060_0;  alias, 1 drivers
v0x1d9c8370_0 .net "sh", 0 0, v0x1da22270_0;  alias, 1 drivers
E_0x1da21180 .event posedge, v0x1d9ca8c0_0;
S_0x1da21300 .scope module, "control_SQRT0" "control_SQRT" 3 48, 6 1 0, S_0x1d9dea40;
 .timescale -9 -12;
    .port_info 0 /INPUT 1 "clk";
    .port_info 1 /INPUT 1 "rst";
    .port_info 2 /INPUT 1 "init";
    .port_info 3 /INPUT 1 "S";
    .port_info 4 /INPUT 4 "j";
    .port_info 5 /OUTPUT 1 "rs";
    .port_info 6 /OUTPUT 1 "cct";
    .port_info 7 /OUTPUT 1 "dc";
    .port_info 8 /OUTPUT 1 "s";
    .port_info 9 /OUTPUT 1 "sh";
    .port_info 10 /OUTPUT 1 "done";
P_0x1da214e0 .param/l "ASIG" 0 6 19, C4<100>;
P_0x1da21520 .param/l "CHECK1" 0 6 18, C4<011>;
P_0x1da21560 .param/l "CHECK2" 0 6 21, C4<110>;
P_0x1da215a0 .param/l "CONCAT" 0 6 16, C4<001>;
P_0x1da215e0 .param/l "DEC" 0 6 17, C4<010>;
P_0x1da21620 .param/l "DONE" 0 6 22, C4<111>;
P_0x1da21660 .param/l "SHIFT" 0 6 20, C4<101>;
P_0x1da216a0 .param/l "START" 0 6 15, C4<000>;
v0x1d9ce590_0 .net "S", 0 0, L_0x1da26650;  1 drivers
v0x1da21b10_0 .var "cct", 0 0;
v0x1da21bd0_0 .net "clk", 0 0, v0x1da26020_0;  alias, 1 drivers
v0x1da21c70_0 .var "count", 3 0;
v0x1da21d10_0 .var "dc", 0 0;
v0x1da21e20_0 .var "done", 0 0;
v0x1da21ee0_0 .net "init", 0 0, v0x1da262e0_0;  alias, 1 drivers
v0x1da21fa0_0 .net "j", 3 0, v0x1d9c9a90_0;  alias, 1 drivers
v0x1da22060_0 .var "rs", 0 0;
v0x1da22130_0 .net "rst", 0 0, v0x1da263d0_0;  alias, 1 drivers
v0x1da221d0_0 .var "s", 0 0;
v0x1da22270_0 .var "sh", 0 0;
v0x1da22340_0 .var "state", 3 0;
E_0x1da21a70 .event anyedge, v0x1da22340_0;
S_0x1da225c0 .scope module, "dec0" "dec" 3 38, 7 1 0, S_0x1d9dea40;
 .timescale -9 -12;
    .port_info 0 /INPUT 1 "clk";
    .port_info 1 /INPUT 1 "rs";
    .port_info 2 /INPUT 1 "dc";
    .port_info 3 /INPUT 7 "c2";
    .port_info 4 /INPUT 9 "R";
    .port_info 5 /OUTPUT 9 "S";
v0x1da22810_0 .net "R", 8 0, v0x1da24240_0;  alias, 1 drivers
v0x1da22910_0 .var "S", 8 0;
v0x1da229f0_0 .net "c2", 6 0, v0x1da055e0_0;  alias, 1 drivers
v0x1da22af0_0 .net "clk", 0 0, v0x1da26020_0;  alias, 1 drivers
v0x1da22be0_0 .net "dc", 0 0, v0x1da21d10_0;  alias, 1 drivers
v0x1da22cd0_0 .net "rs", 0 0, v0x1da22060_0;  alias, 1 drivers
E_0x1da22790 .event negedge, v0x1d9ca8c0_0;
S_0x1da22e80 .scope module, "lsr0" "lsr" 3 22, 8 1 0, S_0x1d9dea40;
 .timescale -9 -12;
    .port_info 0 /INPUT 1 "clk";
    .port_info 1 /INPUT 1 "rs";
    .port_info 2 /INPUT 1 "sh";
    .port_info 3 /INPUT 8 "i";
    .port_info 4 /OUTPUT 8 "o";
v0x1da23160_0 .net "clk", 0 0, v0x1da26020_0;  alias, 1 drivers
v0x1da23220_0 .net "i", 7 0, v0x1da25de0_0;  alias, 1 drivers
v0x1da23300_0 .var "o", 7 0;
v0x1da233c0_0 .net "rs", 0 0, v0x1da22060_0;  alias, 1 drivers
v0x1da23460_0 .net "sh", 0 0, v0x1da22270_0;  alias, 1 drivers
S_0x1da23640 .scope module, "qcct0" "qcct" 3 26, 9 1 0, S_0x1d9dea40;
 .timescale -9 -12;
    .port_info 0 /INPUT 1 "clk";
    .port_info 1 /INPUT 1 "rs";
    .port_info 2 /INPUT 1 "cct";
    .port_info 3 /INPUT 1 "sh";
    .port_info 4 /INPUT 1 "S";
    .port_info 5 /OUTPUT 5 "Q";
v0x1da238f0_0 .var "Q", 4 0;
v0x1da239f0_0 .net "S", 0 0, L_0x1da264c0;  1 drivers
o0x7e230fdcf948 .functor BUFZ 1, C4<z>; HiZ drive
v0x1da23ab0_0 .net "cct", 0 0, o0x7e230fdcf948;  0 drivers
v0x1da23b50_0 .net "clk", 0 0, v0x1da26020_0;  alias, 1 drivers
v0x1da23bf0_0 .net "rs", 0 0, v0x1da22060_0;  alias, 1 drivers
v0x1da23d20_0 .net "sh", 0 0, v0x1da22270_0;  alias, 1 drivers
S_0x1da23ec0 .scope module, "rcct0" "rcct" 3 30, 10 1 0, S_0x1d9dea40;
 .timescale -9 -12;
    .port_info 0 /INPUT 1 "clk";
    .port_info 1 /INPUT 1 "rs";
    .port_info 2 /INPUT 1 "cct";
    .port_info 3 /INPUT 1 "s";
    .port_info 4 /INPUT 2 "A";
    .port_info 5 /INPUT 9 "S";
    .port_info 6 /OUTPUT 9 "R";
v0x1da24140_0 .net "A", 1 0, L_0x1da26560;  1 drivers
v0x1da24240_0 .var "R", 8 0;
v0x1da24300_0 .net "S", 8 0, v0x1da22910_0;  alias, 1 drivers
v0x1da243a0_0 .net "cct", 0 0, v0x1da21b10_0;  alias, 1 drivers
v0x1da24470_0 .net "clk", 0 0, v0x1da26020_0;  alias, 1 drivers
v0x1da24560_0 .net "rs", 0 0, v0x1da22060_0;  alias, 1 drivers
v0x1da24600_0 .net "s", 0 0, v0x1da221d0_0;  alias, 1 drivers
S_0x1da24740 .scope module, "tcct0" "tcct" 3 34, 11 1 0, S_0x1d9dea40;
 .timescale -9 -12;
    .port_info 0 /INPUT 1 "clk";
    .port_info 1 /INPUT 1 "rs";
    .port_info 2 /INPUT 1 "cct";
    .port_info 3 /INPUT 5 "Q";
    .port_info 4 /OUTPUT 6 "T";
v0x1da24a00_0 .net "Q", 4 0, v0x1da238f0_0;  alias, 1 drivers
v0x1da24b10_0 .var "T", 5 0;
v0x1da24be0_0 .net "cct", 0 0, v0x1da21b10_0;  alias, 1 drivers
v0x1da24d00_0 .net "clk", 0 0, v0x1da26020_0;  alias, 1 drivers
v0x1da24da0_0 .net "rs", 0 0, v0x1da22060_0;  alias, 1 drivers
    .scope S_0x1da22e80;
T_0 ;
    %wait E_0x1da22790;
    %load/vec4 v0x1da233c0_0;
    %flag_set/vec4 8;
    %jmp/0xz  T_0.0, 8;
    %load/vec4 v0x1da23220_0;
    %store/vec4 v0x1da23300_0, 0, 8;
    %jmp T_0.1;
T_0.0 ;
    %load/vec4 v0x1da23460_0;
    %flag_set/vec4 8;
    %jmp/0xz  T_0.2, 8;
    %load/vec4 v0x1da23300_0;
    %ix/load 4, 2, 0;
    %flag_set/imm 4, 0;
    %shiftl 4;
    %store/vec4 v0x1da23300_0, 0, 8;
    %jmp T_0.3;
T_0.2 ;
    %load/vec4 v0x1da23300_0;
    %store/vec4 v0x1da23300_0, 0, 8;
T_0.3 ;
T_0.1 ;
    %jmp T_0;
    .thread T_0;
    .scope S_0x1da23640;
T_1 ;
    %wait E_0x1da22790;
    %load/vec4 v0x1da23bf0_0;
    %flag_set/vec4 8;
    %jmp/0xz  T_1.0, 8;
    %pushi/vec4 0, 0, 5;
    %store/vec4 v0x1da238f0_0, 0, 5;
T_1.0 ;
    %load/vec4 v0x1da23d20_0;
    %flag_set/vec4 8;
    %jmp/0xz  T_1.2, 8;
    %load/vec4 v0x1da238f0_0;
    %load/vec4 v0x1da239f0_0;
    %concat/vec4; draw_concat_vec4
    %pad/u 5;
    %store/vec4 v0x1da238f0_0, 0, 5;
    %jmp T_1.3;
T_1.2 ;
    %load/vec4 v0x1da238f0_0;
    %store/vec4 v0x1da238f0_0, 0, 5;
T_1.3 ;
    %jmp T_1;
    .thread T_1;
    .scope S_0x1da23ec0;
T_2 ;
    %wait E_0x1da22790;
    %load/vec4 v0x1da24560_0;
    %flag_set/vec4 8;
    %jmp/0xz  T_2.0, 8;
    %pushi/vec4 0, 0, 9;
    %store/vec4 v0x1da24240_0, 0, 9;
T_2.0 ;
    %load/vec4 v0x1da243a0_0;
    %flag_set/vec4 8;
    %jmp/0xz  T_2.2, 8;
    %load/vec4 v0x1da24240_0;
    %load/vec4 v0x1da24140_0;
    %concat/vec4; draw_concat_vec4
    %pad/u 9;
    %store/vec4 v0x1da24240_0, 0, 9;
T_2.2 ;
    %load/vec4 v0x1da24600_0;
    %flag_set/vec4 8;
    %jmp/0xz  T_2.4, 8;
    %load/vec4 v0x1da24300_0;
    %store/vec4 v0x1da24240_0, 0, 9;
    %jmp T_2.5;
T_2.4 ;
    %load/vec4 v0x1da24240_0;
    %store/vec4 v0x1da24240_0, 0, 9;
T_2.5 ;
    %jmp T_2;
    .thread T_2;
    .scope S_0x1da24740;
T_3 ;
    %wait E_0x1da22790;
    %load/vec4 v0x1da24da0_0;
    %flag_set/vec4 8;
    %jmp/0xz  T_3.0, 8;
    %pushi/vec4 0, 0, 6;
    %store/vec4 v0x1da24b10_0, 0, 6;
T_3.0 ;
    %load/vec4 v0x1da24be0_0;
    %flag_set/vec4 8;
    %jmp/0xz  T_3.2, 8;
    %load/vec4 v0x1da24a00_0;
    %pad/u 6;
    %ix/load 4, 2, 0;
    %flag_set/imm 4, 0;
    %shiftl 4;
    %store/vec4 v0x1da24b10_0, 0, 6;
    %load/vec4 v0x1da24b10_0;
    %addi 1, 0, 6;
    %store/vec4 v0x1da24b10_0, 0, 6;
    %jmp T_3.3;
T_3.2 ;
    %load/vec4 v0x1da24b10_0;
    %store/vec4 v0x1da24b10_0, 0, 6;
T_3.3 ;
    %jmp T_3;
    .thread T_3;
    .scope S_0x1da225c0;
T_4 ;
    %pushi/vec4 0, 0, 9;
    %store/vec4 v0x1da22910_0, 0, 9;
    %end;
    .thread T_4;
    .scope S_0x1da225c0;
T_5 ;
    %wait E_0x1da22790;
    %load/vec4 v0x1da22cd0_0;
    %flag_set/vec4 8;
    %jmp/0xz  T_5.0, 8;
    %load/vec4 v0x1da22810_0;
    %store/vec4 v0x1da22910_0, 0, 9;
    %jmp T_5.1;
T_5.0 ;
    %load/vec4 v0x1da22be0_0;
    %flag_set/vec4 8;
    %jmp/0xz  T_5.2, 8;
    %load/vec4 v0x1da22910_0;
    %load/vec4 v0x1da229f0_0;
    %pad/u 9;
    %add;
    %store/vec4 v0x1da22910_0, 0, 9;
    %jmp T_5.3;
T_5.2 ;
    %load/vec4 v0x1da22910_0;
    %store/vec4 v0x1da22910_0, 0, 9;
T_5.3 ;
T_5.1 ;
    %jmp T_5;
    .thread T_5;
    .scope S_0x1d9ded10;
T_6 ;
    %wait E_0x1da062d0;
    %load/vec4 v0x1da04e10_0;
    %pad/u 7;
    %inv;
    %store/vec4 v0x1da055e0_0, 0, 7;
    %load/vec4 v0x1da055e0_0;
    %addi 1, 0, 7;
    %store/vec4 v0x1da055e0_0, 0, 7;
    %jmp T_6;
    .thread T_6, $push;
    .scope S_0x1da20fa0;
T_7 ;
    %pushi/vec4 0, 0, 4;
    %store/vec4 v0x1d9c9a90_0, 0, 4;
    %end;
    .thread T_7;
    .scope S_0x1da20fa0;
T_8 ;
    %wait E_0x1da21180;
    %load/vec4 v0x1d9c8d60_0;
    %flag_set/vec4 8;
    %jmp/0xz  T_8.0, 8;
    %pushi/vec4 4, 0, 4;
    %store/vec4 v0x1d9c9a90_0, 0, 4;
    %load/vec4 v0x1d9c8370_0;
    %flag_set/vec4 8;
    %jmp/0xz  T_8.2, 8;
    %load/vec4 v0x1d9c9a90_0;
    %subi 1, 0, 4;
    %store/vec4 v0x1d9c9a90_0, 0, 4;
    %jmp T_8.3;
T_8.2 ;
    %load/vec4 v0x1d9c9a90_0;
    %store/vec4 v0x1d9c9a90_0, 0, 4;
T_8.3 ;
T_8.0 ;
    %jmp T_8;
    .thread T_8;
    .scope S_0x1da21300;
T_9 ;
    %pushi/vec4 0, 0, 1;
    %store/vec4 v0x1da22060_0, 0, 1;
    %pushi/vec4 0, 0, 1;
    %store/vec4 v0x1da21d10_0, 0, 1;
    %end;
    .thread T_9;
    .scope S_0x1da21300;
T_10 ;
    %wait E_0x1da21180;
    %load/vec4 v0x1da22130_0;
    %flag_set/vec4 8;
    %jmp/0xz  T_10.0, 8;
    %pushi/vec4 0, 0, 4;
    %store/vec4 v0x1da22340_0, 0, 4;
    %jmp T_10.1;
T_10.0 ;
    %load/vec4 v0x1da22340_0;
    %dup/vec4;
    %pushi/vec4 0, 0, 4;
    %cmp/u;
    %jmp/1 T_10.2, 6;
    %dup/vec4;
    %pushi/vec4 1, 0, 4;
    %cmp/u;
    %jmp/1 T_10.3, 6;
    %dup/vec4;
    %pushi/vec4 2, 0, 4;
    %cmp/u;
    %jmp/1 T_10.4, 6;
    %dup/vec4;
    %pushi/vec4 3, 0, 4;
    %cmp/u;
    %jmp/1 T_10.5, 6;
    %dup/vec4;
    %pushi/vec4 4, 0, 4;
    %cmp/u;
    %jmp/1 T_10.6, 6;
    %dup/vec4;
    %pushi/vec4 5, 0, 4;
    %cmp/u;
    %jmp/1 T_10.7, 6;
    %dup/vec4;
    %pushi/vec4 6, 0, 4;
    %cmp/u;
    %jmp/1 T_10.8, 6;
    %dup/vec4;
    %pushi/vec4 7, 0, 4;
    %cmp/u;
    %jmp/1 T_10.9, 6;
    %pushi/vec4 0, 0, 4;
    %store/vec4 v0x1da22340_0, 0, 4;
    %jmp T_10.11;
T_10.2 ;
    %pushi/vec4 0, 0, 4;
    %store/vec4 v0x1da21c70_0, 0, 4;
    %load/vec4 v0x1da21ee0_0;
    %flag_set/vec4 8;
    %jmp/0xz  T_10.12, 8;
    %pushi/vec4 1, 0, 4;
    %store/vec4 v0x1da22340_0, 0, 4;
    %jmp T_10.13;
T_10.12 ;
    %pushi/vec4 0, 0, 4;
    %store/vec4 v0x1da22340_0, 0, 4;
T_10.13 ;
    %jmp T_10.11;
T_10.3 ;
    %pushi/vec4 2, 0, 4;
    %store/vec4 v0x1da22340_0, 0, 4;
    %jmp T_10.11;
T_10.4 ;
    %pushi/vec4 3, 0, 4;
    %store/vec4 v0x1da22340_0, 0, 4;
    %jmp T_10.11;
T_10.5 ;
    %load/vec4 v0x1d9ce590_0;
    %flag_set/vec4 8;
    %jmp/0xz  T_10.14, 8;
    %pushi/vec4 5, 0, 4;
    %store/vec4 v0x1da22340_0, 0, 4;
    %jmp T_10.15;
T_10.14 ;
    %pushi/vec4 4, 0, 4;
    %store/vec4 v0x1da22340_0, 0, 4;
T_10.15 ;
    %jmp T_10.11;
T_10.6 ;
    %pushi/vec4 5, 0, 4;
    %store/vec4 v0x1da22340_0, 0, 4;
    %jmp T_10.11;
T_10.7 ;
    %pushi/vec4 6, 0, 4;
    %store/vec4 v0x1da22340_0, 0, 4;
    %jmp T_10.11;
T_10.8 ;
    %load/vec4 v0x1da21fa0_0;
    %cmpi/ne 0, 0, 4;
    %jmp/0xz  T_10.16, 4;
    %pushi/vec4 7, 0, 4;
    %store/vec4 v0x1da22340_0, 0, 4;
    %jmp T_10.17;
T_10.16 ;
    %pushi/vec4 1, 0, 4;
    %store/vec4 v0x1da22340_0, 0, 4;
T_10.17 ;
    %jmp T_10.11;
T_10.9 ;
    %load/vec4 v0x1da21c70_0;
    %addi 1, 0, 4;
    %store/vec4 v0x1da21c70_0, 0, 4;
    %load/vec4 v0x1da21c70_0;
    %pad/u 32;
    %cmpi/u 9, 0, 32;
    %flag_or 5, 4; GT is !LE
    %flag_inv 5;
    %jmp/0xz  T_10.18, 5;
    %pushi/vec4 0, 0, 4;
    %store/vec4 v0x1da22340_0, 0, 4;
    %jmp T_10.19;
T_10.18 ;
    %pushi/vec4 7, 0, 4;
    %store/vec4 v0x1da22340_0, 0, 4;
T_10.19 ;
    %jmp T_10.11;
T_10.11 ;
    %pop/vec4 1;
T_10.1 ;
    %jmp T_10;
    .thread T_10;
    .scope S_0x1da21300;
T_11 ;
    %wait E_0x1da21a70;
    %load/vec4 v0x1da22340_0;
    %dup/vec4;
    %pushi/vec4 0, 0, 4;
    %cmp/u;
    %jmp/1 T_11.0, 6;
    %dup/vec4;
    %pushi/vec4 1, 0, 4;
    %cmp/u;
    %jmp/1 T_11.1, 6;
    %dup/vec4;
    %pushi/vec4 2, 0, 4;
    %cmp/u;
    %jmp/1 T_11.2, 6;
    %dup/vec4;
    %pushi/vec4 3, 0, 4;
    %cmp/u;
    %jmp/1 T_11.3, 6;
    %dup/vec4;
    %pushi/vec4 4, 0, 4;
    %cmp/u;
    %jmp/1 T_11.4, 6;
    %dup/vec4;
    %pushi/vec4 5, 0, 4;
    %cmp/u;
    %jmp/1 T_11.5, 6;
    %dup/vec4;
    %pushi/vec4 6, 0, 4;
    %cmp/u;
    %jmp/1 T_11.6, 6;
    %dup/vec4;
    %pushi/vec4 7, 0, 4;
    %cmp/u;
    %jmp/1 T_11.7, 6;
    %pushi/vec4 0, 0, 1;
    %store/vec4 v0x1da22060_0, 0, 1;
    %pushi/vec4 0, 0, 1;
    %store/vec4 v0x1da21b10_0, 0, 1;
    %pushi/vec4 0, 0, 1;
    %store/vec4 v0x1da21d10_0, 0, 1;
    %pushi/vec4 0, 0, 1;
    %store/vec4 v0x1da221d0_0, 0, 1;
    %pushi/vec4 0, 0, 1;
    %store/vec4 v0x1da22270_0, 0, 1;
    %pushi/vec4 0, 0, 1;
    %store/vec4 v0x1da21e20_0, 0, 1;
    %jmp T_11.9;
T_11.0 ;
    %pushi/vec4 1, 0, 1;
    %store/vec4 v0x1da22060_0, 0, 1;
    %pushi/vec4 0, 0, 1;
    %store/vec4 v0x1da21b10_0, 0, 1;
    %pushi/vec4 0, 0, 1;
    %store/vec4 v0x1da21d10_0, 0, 1;
    %pushi/vec4 0, 0, 1;
    %store/vec4 v0x1da221d0_0, 0, 1;
    %pushi/vec4 0, 0, 1;
    %store/vec4 v0x1da22270_0, 0, 1;
    %pushi/vec4 0, 0, 1;
    %store/vec4 v0x1da21e20_0, 0, 1;
    %jmp T_11.9;
T_11.1 ;
    %pushi/vec4 0, 0, 1;
    %store/vec4 v0x1da22060_0, 0, 1;
    %pushi/vec4 1, 0, 1;
    %store/vec4 v0x1da21b10_0, 0, 1;
    %pushi/vec4 0, 0, 1;
    %store/vec4 v0x1da21d10_0, 0, 1;
    %pushi/vec4 0, 0, 1;
    %store/vec4 v0x1da221d0_0, 0, 1;
    %pushi/vec4 0, 0, 1;
    %store/vec4 v0x1da22270_0, 0, 1;
    %pushi/vec4 0, 0, 1;
    %store/vec4 v0x1da21e20_0, 0, 1;
    %jmp T_11.9;
T_11.2 ;
    %pushi/vec4 0, 0, 1;
    %store/vec4 v0x1da22060_0, 0, 1;
    %pushi/vec4 0, 0, 1;
    %store/vec4 v0x1da21b10_0, 0, 1;
    %pushi/vec4 1, 0, 1;
    %store/vec4 v0x1da21d10_0, 0, 1;
    %pushi/vec4 0, 0, 1;
    %store/vec4 v0x1da221d0_0, 0, 1;
    %pushi/vec4 0, 0, 1;
    %store/vec4 v0x1da22270_0, 0, 1;
    %pushi/vec4 0, 0, 1;
    %store/vec4 v0x1da21e20_0, 0, 1;
    %jmp T_11.9;
T_11.3 ;
    %pushi/vec4 0, 0, 1;
    %store/vec4 v0x1da22060_0, 0, 1;
    %pushi/vec4 0, 0, 1;
    %store/vec4 v0x1da21b10_0, 0, 1;
    %pushi/vec4 0, 0, 1;
    %store/vec4 v0x1da21d10_0, 0, 1;
    %pushi/vec4 0, 0, 1;
    %store/vec4 v0x1da221d0_0, 0, 1;
    %pushi/vec4 0, 0, 1;
    %store/vec4 v0x1da22270_0, 0, 1;
    %pushi/vec4 0, 0, 1;
    %store/vec4 v0x1da21e20_0, 0, 1;
    %jmp T_11.9;
T_11.4 ;
    %pushi/vec4 0, 0, 1;
    %store/vec4 v0x1da22060_0, 0, 1;
    %pushi/vec4 0, 0, 1;
    %store/vec4 v0x1da21b10_0, 0, 1;
    %pushi/vec4 0, 0, 1;
    %store/vec4 v0x1da21d10_0, 0, 1;
    %pushi/vec4 1, 0, 1;
    %store/vec4 v0x1da221d0_0, 0, 1;
    %pushi/vec4 0, 0, 1;
    %store/vec4 v0x1da22270_0, 0, 1;
    %pushi/vec4 0, 0, 1;
    %store/vec4 v0x1da21e20_0, 0, 1;
    %jmp T_11.9;
T_11.5 ;
    %pushi/vec4 0, 0, 1;
    %store/vec4 v0x1da22060_0, 0, 1;
    %pushi/vec4 0, 0, 1;
    %store/vec4 v0x1da21b10_0, 0, 1;
    %pushi/vec4 0, 0, 1;
    %store/vec4 v0x1da21d10_0, 0, 1;
    %pushi/vec4 0, 0, 1;
    %store/vec4 v0x1da221d0_0, 0, 1;
    %pushi/vec4 1, 0, 1;
    %store/vec4 v0x1da22270_0, 0, 1;
    %pushi/vec4 0, 0, 1;
    %store/vec4 v0x1da21e20_0, 0, 1;
    %jmp T_11.9;
T_11.6 ;
    %pushi/vec4 0, 0, 1;
    %store/vec4 v0x1da22060_0, 0, 1;
    %pushi/vec4 0, 0, 1;
    %store/vec4 v0x1da21b10_0, 0, 1;
    %pushi/vec4 0, 0, 1;
    %store/vec4 v0x1da21d10_0, 0, 1;
    %pushi/vec4 0, 0, 1;
    %store/vec4 v0x1da221d0_0, 0, 1;
    %pushi/vec4 0, 0, 1;
    %store/vec4 v0x1da22270_0, 0, 1;
    %pushi/vec4 0, 0, 1;
    %store/vec4 v0x1da21e20_0, 0, 1;
    %jmp T_11.9;
T_11.7 ;
    %pushi/vec4 0, 0, 1;
    %store/vec4 v0x1da22060_0, 0, 1;
    %pushi/vec4 0, 0, 1;
    %store/vec4 v0x1da21b10_0, 0, 1;
    %pushi/vec4 0, 0, 1;
    %store/vec4 v0x1da21d10_0, 0, 1;
    %pushi/vec4 0, 0, 1;
    %store/vec4 v0x1da221d0_0, 0, 1;
    %pushi/vec4 0, 0, 1;
    %store/vec4 v0x1da22270_0, 0, 1;
    %pushi/vec4 1, 0, 1;
    %store/vec4 v0x1da21e20_0, 0, 1;
    %jmp T_11.9;
T_11.9 ;
    %pop/vec4 1;
    %jmp T_11;
    .thread T_11, $push;
    .scope S_0x1d997140;
T_12 ;
T_12.0 ;
    %wait E_0x1d9d9930;
    %wait E_0x1da22790;
    %pushi/vec4 1, 0, 1;
    %store/vec4 v0x1da263d0_0, 0, 1;
    %wait E_0x1da22790;
    %pushi/vec4 0, 0, 1;
    %store/vec4 v0x1da263d0_0, 0, 1;
    %event E_0x1da06290;
    %jmp T_12.0;
T_12.1 ;
    %end;
    .thread T_12;
    .scope S_0x1d997140;
T_13 ;
    %pushi/vec4 0, 0, 1;
    %store/vec4 v0x1da26020_0, 0, 1;
    %pushi/vec4 0, 0, 1;
    %store/vec4 v0x1da262e0_0, 0, 1;
    %pushi/vec4 0, 0, 1;
    %store/vec4 v0x1da263d0_0, 0, 1;
    %pushi/vec4 50, 0, 8;
    %store/vec4 v0x1da25de0_0, 0, 8;
    %end;
    .thread T_13;
    .scope S_0x1d997140;
T_14 ;
    %delay 0, 0;
T_14.0 ;
    %pushi/vec4 0, 0, 1;
    %store/vec4 v0x1da26020_0, 0, 1;
    %delay 10000, 0;
    %pushi/vec4 1, 0, 1;
    %store/vec4 v0x1da26020_0, 0, 1;
    %delay 10000, 0;
    %jmp T_14.0;
T_14.1 ;
    %end;
    .thread T_14;
    .scope S_0x1d997140;
T_15 ;
    %delay 10000, 0;
    %event E_0x1d9d9930;
    %wait E_0x1da06290;
    %wait E_0x1da21180;
    %pushi/vec4 0, 0, 1;
    %store/vec4 v0x1da262e0_0, 0, 1;
    %wait E_0x1da21180;
    %pushi/vec4 1, 0, 1;
    %store/vec4 v0x1da262e0_0, 0, 1;
    %pushi/vec4 0, 0, 21;
    %store/vec4 v0x1da26200_0, 0, 21;
T_15.0 ; Top of for-loop 
    %load/vec4 v0x1da26200_0;
    %pad/u 32;
    %cmpi/u 2, 0, 32;
    %jmp/0xz T_15.1, 5;
    %wait E_0x1da21180;
T_15.2 ; for-loop step statement
    %load/vec4 v0x1da26200_0;
    %addi 1, 0, 21;
    %store/vec4 v0x1da26200_0, 0, 21;
    %jmp T_15.0;
T_15.1 ; for-loop exit label
    %pushi/vec4 0, 0, 1;
    %store/vec4 v0x1da262e0_0, 0, 1;
    %pushi/vec4 0, 0, 21;
    %store/vec4 v0x1da26200_0, 0, 21;
T_15.3 ; Top of for-loop 
    %load/vec4 v0x1da26200_0;
    %pad/u 32;
    %cmpi/u 25, 0, 32;
    %jmp/0xz T_15.4, 5;
    %wait E_0x1da21180;
T_15.5 ; for-loop step statement
    %load/vec4 v0x1da26200_0;
    %addi 1, 0, 21;
    %store/vec4 v0x1da26200_0, 0, 21;
    %jmp T_15.3;
T_15.4 ; for-loop exit label
    %end;
    .thread T_15;
    .scope S_0x1d997140;
T_16 ;
    %fork t_1, S_0x1d9973c0;
    %jmp t_0;
    .scope S_0x1d9973c0;
t_1 ;
    %vpi_call 2 64 "$dumpfile", "SQRT_TB.vcd" {0 0 0};
    %vpi_call 2 65 "$dumpvars", 32'sb11111111111111111111111111111111, S_0x1d9dea40 {0 0 0};
    %delay 2000000, 0;
    %vpi_call 2 66 "$finish" {0 0 0};
    %end;
    .scope S_0x1d997140;
t_0 %join;
    %end;
    .thread T_16;
# The file index is used to find the file name in the following table.
:file_names 12;
    "N/A";
    "<interactive>";
    "SQRT_TB.v";
    "SQRT.v";
    "comp2.v";
    "cont.v";
    "control_SQRT.v";
    "dec.v";
    "lsr.v";
    "qcct.v";
    "rcct.v";
    "tcct.v";
# EOF
