#! /usr/bin/env bash
exec /home/david/miniconda3/envs/digital/bin/vvp -f "$0" "$@" <<'# EOF'
:ivl_version "13.0 (devel)" "(0_8-6859-gf50cc35d2-dirty)";
:ivl_delay_selection "TYPICAL";
:vpi_time_precision - 12;
:vpi_module "/home/david/miniconda3/envs/digital/lib/ivl/system.vpi";
:vpi_module "/home/david/miniconda3/envs/digital/lib/ivl/vhdl_sys.vpi";
:vpi_module "/home/david/miniconda3/envs/digital/lib/ivl/vhdl_textio.vpi";
:vpi_module "/home/david/miniconda3/envs/digital/lib/ivl/v2005_math.vpi";
:vpi_module "/home/david/miniconda3/envs/digital/lib/ivl/va_math.vpi";
S_0x16001140 .scope module, "SUM_TB" "SUM_TB" 2 4;
 .timescale -9 -12;
P_0x160361e0 .param/real "DUTY_CYCLE" 0 2 18, Cr<m4000000000000000gfc1>; value=0.500000
P_0x16036220 .param/l "OFFSET" 0 2 19, +C4<00000000000000000000000000000000>;
P_0x16036260 .param/l "PERIOD" 0 2 17, +C4<00000000000000000000000000010100>;
v0x1607a900_0 .var "A", 3 0;
v0x1607a9e0_0 .var "B", 3 0;
o0x7afe0f3cf918 .functor BUFZ 1, C4<z>; HiZ drive
v0x1607aa80_0 .net "Cout", 0 0, o0x7afe0f3cf918;  0 drivers
v0x1607ab20_0 .net "S", 3 0, v0x16036470_0;  1 drivers
v0x1607abc0_0 .var "clk", 0 0;
v0x1607acb0_0 .net "done", 0 0, v0x16079450_0;  1 drivers
v0x1607ada0_0 .var "i", 20 0;
v0x1607ae40_0 .var "init", 0 0;
v0x1607af30_0 .var "rst", 0 0;
E_0x160438c0 .event "reset_trigger";
E_0x1605a920 .event "reset_done_trigger";
S_0x160013c0 .scope begin, "TEST_CASE" "TEST_CASE" 2 65, 2 65 0, S_0x16001140;
 .timescale -9 -12;
S_0x160476a0 .scope module, "uut" "SUM" 2 15, 3 1 0, S_0x16001140;
 .timescale -9 -12;
    .port_info 0 /INPUT 1 "clk";
    .port_info 1 /INPUT 1 "init";
    .port_info 2 /INPUT 1 "rst";
    .port_info 3 /INPUT 4 "A";
    .port_info 4 /INPUT 4 "B";
    .port_info 5 /OUTPUT 4 "S";
    .port_info 6 /OUTPUT 1 "Cout";
    .port_info 7 /OUTPUT 1 "done";
v0x16079a60_0 .net "A", 3 0, v0x1607a900_0;  1 drivers
v0x16079b60_0 .net "B", 3 0, v0x1607a9e0_0;  1 drivers
v0x16079c40_0 .net "Cout", 0 0, o0x7afe0f3cf918;  alias, 0 drivers
v0x16079ce0_0 .net "S", 3 0, v0x16036470_0;  alias, 1 drivers
v0x16079da0_0 .net "clk", 0 0, v0x1607abc0_0;  1 drivers
v0x16079e40_0 .net "done", 0 0, v0x16079450_0;  alias, 1 drivers
v0x16079ee0_0 .net "init", 0 0, v0x1607ae40_0;  1 drivers
v0x16079f80_0 .net "rst", 0 0, v0x1607af30_0;  1 drivers
v0x1607a020_0 .net "w_A", 0 0, L_0x1607b060;  1 drivers
v0x1607a180_0 .net "w_B", 0 0, L_0x1607b150;  1 drivers
v0x1607a250_0 .net "w_Cin", 0 0, v0x16030ff0_0;  1 drivers
v0x1607a2f0_0 .net "w_Coutt", 0 0, v0x16078000_0;  1 drivers
v0x1607a390_0 .net "w_Sj", 0 0, v0x160780d0_0;  1 drivers
v0x1607a430_0 .net "w_h", 0 0, L_0x1608b3f0;  1 drivers
v0x1607a520_0 .net "w_j", 3 0, v0x160789f0_0;  1 drivers
v0x1607a610_0 .net "w_rs", 0 0, v0x16079680_0;  1 drivers
v0x1607a6b0_0 .net "w_sh", 0 0, v0x160797c0_0;  1 drivers
L_0x1607b060 .part/v v0x1607a900_0, v0x160789f0_0, 1;
L_0x1607b150 .part/v v0x1607a9e0_0, v0x160789f0_0, 1;
S_0x160478d0 .scope module, "acc0" "acc" 3 26, 4 1 0, S_0x160476a0;
 .timescale -9 -12;
    .port_info 0 /INPUT 1 "clk";
    .port_info 1 /INPUT 1 "rs";
    .port_info 2 /INPUT 1 "sh";
    .port_info 3 /INPUT 4 "j";
    .port_info 4 /INPUT 1 "Sj";
    .port_info 5 /OUTPUT 4 "S";
v0x16036470_0 .var "S", 3 0;
v0x16037710_0 .net "Sj", 0 0, v0x160780d0_0;  alias, 1 drivers
v0x16037a60_0 .net "clk", 0 0, v0x1607abc0_0;  alias, 1 drivers
v0x16037ea0_0 .net "j", 3 0, v0x160789f0_0;  alias, 1 drivers
v0x16038670_0 .net "rs", 0 0, v0x16079680_0;  alias, 1 drivers
v0x16034790_0 .net "sh", 0 0, v0x160797c0_0;  alias, 1 drivers
E_0x1605a960 .event negedge, v0x16037a60_0;
S_0x160774a0 .scope module, "carr0" "carr" 3 30, 5 1 0, S_0x160476a0;
 .timescale -9 -12;
    .port_info 0 /INPUT 1 "clk";
    .port_info 1 /INPUT 1 "rs";
    .port_info 2 /INPUT 1 "sh";
    .port_info 3 /INPUT 1 "Coutt";
    .port_info 4 /OUTPUT 1 "Cin";
v0x16030ff0_0 .var "Cin", 0 0;
v0x16077770_0 .net "Coutt", 0 0, v0x16078000_0;  alias, 1 drivers
v0x16077830_0 .net "clk", 0 0, v0x1607abc0_0;  alias, 1 drivers
v0x160778d0_0 .net "rs", 0 0, v0x16079680_0;  alias, 1 drivers
v0x16077970_0 .net "sh", 0 0, v0x160797c0_0;  alias, 1 drivers
S_0x16077a80 .scope module, "comp0" "comp" 3 22, 6 1 0, S_0x160476a0;
 .timescale -9 -12;
    .port_info 0 /INPUT 1 "A";
    .port_info 1 /INPUT 1 "B";
    .port_info 2 /INPUT 1 "Cin";
    .port_info 3 /OUTPUT 1 "S";
    .port_info 4 /OUTPUT 1 "Coutt";
v0x16077d60_0 .net "A", 0 0, L_0x1607b060;  alias, 1 drivers
v0x16077e40_0 .net "B", 0 0, L_0x1607b150;  alias, 1 drivers
v0x16077f00_0 .net "Cin", 0 0, v0x16030ff0_0;  alias, 1 drivers
v0x16078000_0 .var "Coutt", 0 0;
v0x160780d0_0 .var "S", 0 0;
E_0x1605a710 .event anyedge, v0x16077d60_0, v0x16077e40_0, v0x16030ff0_0;
S_0x16078210 .scope module, "cont0" "cont" 3 33, 7 1 0, S_0x160476a0;
 .timescale -9 -12;
    .port_info 0 /INPUT 1 "clk";
    .port_info 1 /INPUT 1 "rs";
    .port_info 2 /INPUT 1 "sh";
    .port_info 3 /OUTPUT 4 "j";
    .port_info 4 /OUTPUT 1 "h";
v0x16078520_0 .net *"_ivl_0", 31 0, L_0x1607b320;  1 drivers
L_0x7afe0f386018 .functor BUFT 1, C4<0000000000000000000000000000>, C4<0>, C4<0>, C4<0>;
v0x16078620_0 .net *"_ivl_3", 27 0, L_0x7afe0f386018;  1 drivers
L_0x7afe0f386060 .functor BUFT 1, C4<00000000000000000000000000000100>, C4<0>, C4<0>, C4<0>;
v0x16078700_0 .net/2u *"_ivl_4", 31 0, L_0x7afe0f386060;  1 drivers
v0x160787f0_0 .net "clk", 0 0, v0x1607abc0_0;  alias, 1 drivers
v0x160788e0_0 .net "h", 0 0, L_0x1608b3f0;  alias, 1 drivers
v0x160789f0_0 .var "j", 3 0;
v0x16078ab0_0 .net "rs", 0 0, v0x16079680_0;  alias, 1 drivers
v0x16078ba0_0 .net "sh", 0 0, v0x160797c0_0;  alias, 1 drivers
E_0x160784a0 .event posedge, v0x16037a60_0;
L_0x1607b320 .concat [ 4 28 0 0], v0x160789f0_0, L_0x7afe0f386018;
L_0x1608b3f0 .cmp/eq 32, L_0x1607b320, L_0x7afe0f386060;
S_0x16078d10 .scope module, "control_SUM0" "control_SUM" 3 37, 8 1 0, S_0x160476a0;
 .timescale -9 -12;
    .port_info 0 /INPUT 1 "clk";
    .port_info 1 /INPUT 1 "rst";
    .port_info 2 /INPUT 1 "init";
    .port_info 3 /INPUT 1 "h";
    .port_info 4 /OUTPUT 1 "rs";
    .port_info 5 /OUTPUT 1 "sh";
    .port_info 6 /OUTPUT 1 "done";
P_0x16036e00 .param/l "CALC" 0 8 14, C4<10>;
P_0x16036e40 .param/l "CHECK" 0 8 12, C4<00>;
P_0x16036e80 .param/l "DONE" 0 8 15, C4<11>;
P_0x16036ec0 .param/l "LOAD" 0 8 13, C4<01>;
v0x160792b0_0 .net "clk", 0 0, v0x1607abc0_0;  alias, 1 drivers
v0x16079370_0 .var "count", 3 0;
v0x16079450_0 .var "done", 0 0;
v0x160794f0_0 .net "h", 0 0, L_0x1608b3f0;  alias, 1 drivers
v0x16079590_0 .net "init", 0 0, v0x1607ae40_0;  alias, 1 drivers
v0x16079680_0 .var "rs", 0 0;
v0x16079720_0 .net "rst", 0 0, v0x16079680_0;  alias, 1 drivers
v0x160797c0_0 .var "sh", 0 0;
v0x16079860_0 .var "state", 1 0;
E_0x16079250 .event anyedge, v0x16079860_0;
    .scope S_0x16077a80;
T_0 ;
    %wait E_0x1605a710;
    %load/vec4 v0x16077d60_0;
    %load/vec4 v0x16077e40_0;
    %cmp/e;
    %jmp/0xz  T_0.0, 4;
    %load/vec4 v0x16077d60_0;
    %cmpi/e 1, 0, 1;
    %jmp/0xz  T_0.2, 4;
    %load/vec4 v0x16077f00_0;
    %store/vec4 v0x160780d0_0, 0, 1;
    %pushi/vec4 1, 0, 1;
    %store/vec4 v0x16078000_0, 0, 1;
    %jmp T_0.3;
T_0.2 ;
    %load/vec4 v0x16077f00_0;
    %store/vec4 v0x160780d0_0, 0, 1;
    %pushi/vec4 0, 0, 1;
    %store/vec4 v0x16078000_0, 0, 1;
T_0.3 ;
    %jmp T_0.1;
T_0.0 ;
    %load/vec4 v0x16077f00_0;
    %cmpi/e 1, 0, 1;
    %jmp/0xz  T_0.4, 4;
    %pushi/vec4 0, 0, 1;
    %store/vec4 v0x160780d0_0, 0, 1;
    %pushi/vec4 1, 0, 1;
    %store/vec4 v0x16078000_0, 0, 1;
    %jmp T_0.5;
T_0.4 ;
    %pushi/vec4 1, 0, 1;
    %store/vec4 v0x160780d0_0, 0, 1;
    %pushi/vec4 0, 0, 1;
    %store/vec4 v0x16078000_0, 0, 1;
T_0.5 ;
T_0.1 ;
    %jmp T_0;
    .thread T_0, $push;
    .scope S_0x160478d0;
T_1 ;
    %wait E_0x1605a960;
    %load/vec4 v0x16038670_0;
    %flag_set/vec4 8;
    %jmp/0xz  T_1.0, 8;
    %pushi/vec4 0, 0, 4;
    %store/vec4 v0x16036470_0, 0, 4;
    %jmp T_1.1;
T_1.0 ;
    %load/vec4 v0x16034790_0;
    %flag_set/vec4 8;
    %jmp/0xz  T_1.2, 8;
    %load/vec4 v0x16037710_0;
    %ix/getv 4, v0x16037ea0_0;
    %store/vec4 v0x16036470_0, 4, 1;
T_1.2 ;
T_1.1 ;
    %jmp T_1;
    .thread T_1;
    .scope S_0x160774a0;
T_2 ;
    %wait E_0x1605a960;
    %load/vec4 v0x160778d0_0;
    %flag_set/vec4 8;
    %jmp/0xz  T_2.0, 8;
    %pushi/vec4 0, 0, 1;
    %store/vec4 v0x16030ff0_0, 0, 1;
    %jmp T_2.1;
T_2.0 ;
    %load/vec4 v0x16077970_0;
    %flag_set/vec4 8;
    %jmp/0xz  T_2.2, 8;
    %load/vec4 v0x16077770_0;
    %store/vec4 v0x16030ff0_0, 0, 1;
T_2.2 ;
T_2.1 ;
    %jmp T_2;
    .thread T_2;
    .scope S_0x16078210;
T_3 ;
    %wait E_0x160784a0;
    %load/vec4 v0x16078ab0_0;
    %flag_set/vec4 8;
    %jmp/0xz  T_3.0, 8;
    %pushi/vec4 0, 0, 4;
    %store/vec4 v0x160789f0_0, 0, 4;
    %jmp T_3.1;
T_3.0 ;
    %load/vec4 v0x16078ba0_0;
    %flag_set/vec4 8;
    %jmp/0xz  T_3.2, 8;
    %load/vec4 v0x160789f0_0;
    %pad/u 32;
    %cmpi/u 4, 0, 32;
    %jmp/0xz  T_3.4, 5;
    %load/vec4 v0x160789f0_0;
    %addi 1, 0, 4;
    %store/vec4 v0x160789f0_0, 0, 4;
    %jmp T_3.5;
T_3.4 ;
    %load/vec4 v0x160789f0_0;
    %store/vec4 v0x160789f0_0, 0, 4;
T_3.5 ;
T_3.2 ;
T_3.1 ;
    %jmp T_3;
    .thread T_3;
    .scope S_0x16078d10;
T_4 ;
    %pushi/vec4 0, 0, 1;
    %store/vec4 v0x16079680_0, 0, 1;
    %pushi/vec4 0, 0, 1;
    %store/vec4 v0x160797c0_0, 0, 1;
    %pushi/vec4 0, 0, 1;
    %store/vec4 v0x16079450_0, 0, 1;
    %pushi/vec4 0, 0, 2;
    %store/vec4 v0x16079860_0, 0, 2;
    %end;
    .thread T_4;
    .scope S_0x16078d10;
T_5 ;
    %wait E_0x160784a0;
    %load/vec4 v0x16079720_0;
    %flag_set/vec4 8;
    %jmp/0xz  T_5.0, 8;
    %pushi/vec4 0, 0, 2;
    %store/vec4 v0x16079860_0, 0, 2;
    %jmp T_5.1;
T_5.0 ;
    %load/vec4 v0x16079860_0;
    %dup/vec4;
    %pushi/vec4 0, 0, 2;
    %cmp/u;
    %jmp/1 T_5.2, 6;
    %dup/vec4;
    %pushi/vec4 1, 0, 2;
    %cmp/u;
    %jmp/1 T_5.3, 6;
    %dup/vec4;
    %pushi/vec4 2, 0, 2;
    %cmp/u;
    %jmp/1 T_5.4, 6;
    %dup/vec4;
    %pushi/vec4 3, 0, 2;
    %cmp/u;
    %jmp/1 T_5.5, 6;
    %pushi/vec4 0, 0, 2;
    %store/vec4 v0x16079860_0, 0, 2;
    %jmp T_5.7;
T_5.2 ;
    %pushi/vec4 0, 0, 4;
    %store/vec4 v0x16079370_0, 0, 4;
    %load/vec4 v0x16079590_0;
    %flag_set/vec4 8;
    %jmp/0xz  T_5.8, 8;
    %pushi/vec4 1, 0, 2;
    %store/vec4 v0x16079860_0, 0, 2;
    %jmp T_5.9;
T_5.8 ;
    %pushi/vec4 0, 0, 2;
    %store/vec4 v0x16079860_0, 0, 2;
T_5.9 ;
    %jmp T_5.7;
T_5.3 ;
    %pushi/vec4 2, 0, 2;
    %store/vec4 v0x16079860_0, 0, 2;
    %jmp T_5.7;
T_5.4 ;
    %load/vec4 v0x160794f0_0;
    %flag_set/vec4 8;
    %jmp/0xz  T_5.10, 8;
    %pushi/vec4 3, 0, 2;
    %store/vec4 v0x16079860_0, 0, 2;
    %jmp T_5.11;
T_5.10 ;
    %pushi/vec4 2, 0, 2;
    %store/vec4 v0x16079860_0, 0, 2;
T_5.11 ;
    %jmp T_5.7;
T_5.5 ;
    %load/vec4 v0x16079370_0;
    %addi 1, 0, 4;
    %store/vec4 v0x16079370_0, 0, 4;
    %load/vec4 v0x16079370_0;
    %pad/u 32;
    %cmpi/u 9, 0, 32;
    %flag_or 5, 4; GT is !LE
    %flag_inv 5;
    %jmp/0xz  T_5.12, 5;
    %pushi/vec4 0, 0, 2;
    %store/vec4 v0x16079860_0, 0, 2;
    %jmp T_5.13;
T_5.12 ;
    %pushi/vec4 3, 0, 2;
    %store/vec4 v0x16079860_0, 0, 2;
T_5.13 ;
    %jmp T_5.7;
T_5.7 ;
    %pop/vec4 1;
T_5.1 ;
    %jmp T_5;
    .thread T_5;
    .scope S_0x16078d10;
T_6 ;
    %wait E_0x16079250;
    %load/vec4 v0x16079860_0;
    %dup/vec4;
    %pushi/vec4 0, 0, 2;
    %cmp/u;
    %jmp/1 T_6.0, 6;
    %dup/vec4;
    %pushi/vec4 1, 0, 2;
    %cmp/u;
    %jmp/1 T_6.1, 6;
    %dup/vec4;
    %pushi/vec4 2, 0, 2;
    %cmp/u;
    %jmp/1 T_6.2, 6;
    %dup/vec4;
    %pushi/vec4 3, 0, 2;
    %cmp/u;
    %jmp/1 T_6.3, 6;
    %jmp T_6.4;
T_6.0 ;
    %pushi/vec4 0, 0, 1;
    %store/vec4 v0x16079680_0, 0, 1;
    %pushi/vec4 0, 0, 1;
    %store/vec4 v0x160797c0_0, 0, 1;
    %pushi/vec4 0, 0, 1;
    %store/vec4 v0x16079450_0, 0, 1;
    %jmp T_6.4;
T_6.1 ;
    %pushi/vec4 1, 0, 1;
    %store/vec4 v0x16079680_0, 0, 1;
    %pushi/vec4 0, 0, 1;
    %store/vec4 v0x160797c0_0, 0, 1;
    %pushi/vec4 0, 0, 1;
    %store/vec4 v0x16079450_0, 0, 1;
    %jmp T_6.4;
T_6.2 ;
    %pushi/vec4 0, 0, 1;
    %store/vec4 v0x16079680_0, 0, 1;
    %pushi/vec4 1, 0, 1;
    %store/vec4 v0x160797c0_0, 0, 1;
    %pushi/vec4 0, 0, 1;
    %store/vec4 v0x16079450_0, 0, 1;
    %jmp T_6.4;
T_6.3 ;
    %pushi/vec4 0, 0, 1;
    %store/vec4 v0x16079680_0, 0, 1;
    %pushi/vec4 0, 0, 1;
    %store/vec4 v0x160797c0_0, 0, 1;
    %pushi/vec4 1, 0, 1;
    %store/vec4 v0x16079450_0, 0, 1;
    %jmp T_6.4;
T_6.4 ;
    %pop/vec4 1;
    %jmp T_6;
    .thread T_6, $push;
    .scope S_0x16001140;
T_7 ;
T_7.0 ;
    %wait E_0x160438c0;
    %wait E_0x1605a960;
    %pushi/vec4 1, 0, 1;
    %store/vec4 v0x1607af30_0, 0, 1;
    %wait E_0x1605a960;
    %pushi/vec4 0, 0, 1;
    %store/vec4 v0x1607af30_0, 0, 1;
    %event E_0x1605a920;
    %jmp T_7.0;
T_7.1 ;
    %end;
    .thread T_7;
    .scope S_0x16001140;
T_8 ;
    %pushi/vec4 0, 0, 1;
    %store/vec4 v0x1607abc0_0, 0, 1;
    %pushi/vec4 0, 0, 1;
    %store/vec4 v0x1607ae40_0, 0, 1;
    %pushi/vec4 0, 0, 1;
    %store/vec4 v0x1607af30_0, 0, 1;
    %pushi/vec4 5, 0, 4;
    %store/vec4 v0x1607a900_0, 0, 4;
    %pushi/vec4 3, 0, 4;
    %store/vec4 v0x1607a9e0_0, 0, 4;
    %end;
    .thread T_8;
    .scope S_0x16001140;
T_9 ;
    %delay 0, 0;
T_9.0 ;
    %pushi/vec4 0, 0, 1;
    %store/vec4 v0x1607abc0_0, 0, 1;
    %delay 10000, 0;
    %pushi/vec4 1, 0, 1;
    %store/vec4 v0x1607abc0_0, 0, 1;
    %delay 10000, 0;
    %jmp T_9.0;
T_9.1 ;
    %end;
    .thread T_9;
    .scope S_0x16001140;
T_10 ;
    %delay 10000, 0;
    %event E_0x160438c0;
    %wait E_0x1605a920;
    %wait E_0x160784a0;
    %pushi/vec4 0, 0, 1;
    %store/vec4 v0x1607ae40_0, 0, 1;
    %wait E_0x160784a0;
    %pushi/vec4 1, 0, 1;
    %store/vec4 v0x1607ae40_0, 0, 1;
    %pushi/vec4 0, 0, 21;
    %store/vec4 v0x1607ada0_0, 0, 21;
T_10.0 ; Top of for-loop 
    %load/vec4 v0x1607ada0_0;
    %pad/u 32;
    %cmpi/u 2, 0, 32;
    %jmp/0xz T_10.1, 5;
    %wait E_0x160784a0;
T_10.2 ; for-loop step statement
    %load/vec4 v0x1607ada0_0;
    %addi 1, 0, 21;
    %store/vec4 v0x1607ada0_0, 0, 21;
    %jmp T_10.0;
T_10.1 ; for-loop exit label
    %pushi/vec4 0, 0, 1;
    %store/vec4 v0x1607ae40_0, 0, 1;
    %pushi/vec4 0, 0, 21;
    %store/vec4 v0x1607ada0_0, 0, 21;
T_10.3 ; Top of for-loop 
    %load/vec4 v0x1607ada0_0;
    %pad/u 32;
    %cmpi/u 17, 0, 32;
    %jmp/0xz T_10.4, 5;
    %wait E_0x160784a0;
T_10.5 ; for-loop step statement
    %load/vec4 v0x1607ada0_0;
    %addi 1, 0, 21;
    %store/vec4 v0x1607ada0_0, 0, 21;
    %jmp T_10.3;
T_10.4 ; for-loop exit label
    %end;
    .thread T_10;
    .scope S_0x16001140;
T_11 ;
    %fork t_1, S_0x160013c0;
    %jmp t_0;
    .scope S_0x160013c0;
t_1 ;
    %vpi_call 2 66 "$dumpfile", "SUM_TB.vcd" {0 0 0};
    %vpi_call 2 67 "$dumpvars", 32'sb11111111111111111111111111111111, S_0x160476a0 {0 0 0};
    %delay 1200000, 0;
    %vpi_call 2 68 "$finish" {0 0 0};
    %end;
    .scope S_0x16001140;
t_0 %join;
    %end;
    .thread T_11;
# The file index is used to find the file name in the following table.
:file_names 9;
    "N/A";
    "<interactive>";
    "SUM_TB.v";
    "SUM.v";
    "acc.v";
    "carr.v";
    "comp.v";
    "cont.v";
    "control_SUM.v";
# EOF
