
 /----------------------------------------------------------------------------\
 |                                                                            |
 |  yosys -- Yosys Open SYnthesis Suite                                       |
 |                                                                            |
 |  Copyright (C) 2012 - 2020  Claire Xenia Wolf <claire@yosyshq.com>         |
 |                                                                            |
 |  Permission to use, copy, modify, and/or distribute this software for any  |
 |  purpose with or without fee is hereby granted, provided that the above    |
 |  copyright notice and this permission notice appear in all copies.         |
 |                                                                            |
 |  THE SOFTWARE IS PROVIDED "AS IS" AND THE AUTHOR DISCLAIMS ALL WARRANTIES  |
 |  WITH REGARD TO THIS SOFTWARE INCLUDING ALL IMPLIED WARRANTIES OF          |
 |  MERCHANTABILITY AND FITNESS. IN NO EVENT SHALL THE AUTHOR BE LIABLE FOR   |
 |  ANY SPECIAL, DIRECT, INDIRECT, OR CONSEQUENTIAL DAMAGES OR ANY DAMAGES    |
 |  WHATSOEVER RESULTING FROM LOSS OF USE, DATA OR PROFITS, WHETHER IN AN     |
 |  ACTION OF CONTRACT, NEGLIGENCE OR OTHER TORTIOUS ACTION, ARISING OUT OF   |
 |  OR IN CONNECTION WITH THE USE OR PERFORMANCE OF THIS SOFTWARE.            |
 |                                                                            |
 \----------------------------------------------------------------------------/

 Yosys 0.33+6 (git sha1 41b34a193, x86_64-conda-linux-gnu-cc 11.2.0 -fvisibility-inlines-hidden -fmessage-length=0 -march=nocona -mtune=haswell -ftree-vectorize -fPIC -fstack-protector-strong -fno-plt -O2 -ffunction-sections -fdebug-prefix-map=/root/conda-eda/conda-eda/workdir/conda-env/conda-bld/yosys_1694128612374/work=/usr/local/src/conda/yosys-0.33_7_g41b34a193 -fdebug-prefix-map=/home/david/miniconda3/envs/digital=/usr/local/src/conda-prefix -fPIC -Os -fno-merge-constants)


-- Parsing `BIN_BCD.v' using frontend ` -vlog2k' --

1. Executing Verilog-2005 frontend: BIN_BCD.v
Parsing Verilog input from `BIN_BCD.v' to AST representation.
Storing AST representation for module `$abstract\BIN_BCD'.
Successfully finished Verilog frontend.

-- Parsing `cct.v' using frontend ` -vlog2k' --

2. Executing Verilog-2005 frontend: cct.v
Parsing Verilog input from `cct.v' to AST representation.
Storing AST representation for module `$abstract\cct'.
Successfully finished Verilog frontend.

-- Parsing `control_BIN_BCD.v' using frontend ` -vlog2k' --

3. Executing Verilog-2005 frontend: control_BIN_BCD.v
Parsing Verilog input from `control_BIN_BCD.v' to AST representation.
Storing AST representation for module `$abstract\control_BIN_BCD'.
Successfully finished Verilog frontend.

-- Parsing `comp.v' using frontend ` -vlog2k' --

4. Executing Verilog-2005 frontend: comp.v
Parsing Verilog input from `comp.v' to AST representation.
Storing AST representation for module `$abstract\comp'.
Successfully finished Verilog frontend.

-- Parsing `compb.v' using frontend ` -vlog2k' --

5. Executing Verilog-2005 frontend: compb.v
Parsing Verilog input from `compb.v' to AST representation.
Storing AST representation for module `$abstract\compb'.
Successfully finished Verilog frontend.

-- Parsing `cont.v' using frontend ` -vlog2k' --

6. Executing Verilog-2005 frontend: cont.v
Parsing Verilog input from `cont.v' to AST representation.
Storing AST representation for module `$abstract\cont'.
Successfully finished Verilog frontend.

-- Running command `synth_ecp5 -top BIN_BCD -json BIN_BCD.json; write_verilog -attr2comment BIN_BCD_synth.v' --

7. Executing SYNTH_ECP5 pass.

7.1. Executing Verilog-2005 frontend: /home/david/miniconda3/envs/digital/bin/../share/yosys/ecp5/cells_sim.v
Parsing Verilog input from `/home/david/miniconda3/envs/digital/bin/../share/yosys/ecp5/cells_sim.v' to AST representation.
Generating RTLIL representation for module `\LUT4'.
Generating RTLIL representation for module `\$__ABC9_LUT5'.
Generating RTLIL representation for module `\$__ABC9_LUT6'.
Generating RTLIL representation for module `\$__ABC9_LUT7'.
Generating RTLIL representation for module `\L6MUX21'.
Generating RTLIL representation for module `\CCU2C'.
Generating RTLIL representation for module `\TRELLIS_RAM16X2'.
Generating RTLIL representation for module `\PFUMX'.
Generating RTLIL representation for module `\TRELLIS_DPR16X4'.
Generating RTLIL representation for module `\DPR16X4C'.
Generating RTLIL representation for module `\LUT2'.
Generating RTLIL representation for module `\TRELLIS_FF'.
Generating RTLIL representation for module `\TRELLIS_IO'.
Generating RTLIL representation for module `\INV'.
Generating RTLIL representation for module `\TRELLIS_COMB'.
Generating RTLIL representation for module `\DP16KD'.
Generating RTLIL representation for module `\FD1P3AX'.
Generating RTLIL representation for module `\FD1P3AY'.
Generating RTLIL representation for module `\FD1P3BX'.
Generating RTLIL representation for module `\FD1P3DX'.
Generating RTLIL representation for module `\FD1P3IX'.
Generating RTLIL representation for module `\FD1P3JX'.
Generating RTLIL representation for module `\FD1S3AX'.
Generating RTLIL representation for module `\FD1S3AY'.
Generating RTLIL representation for module `\FD1S3BX'.
Generating RTLIL representation for module `\FD1S3DX'.
Generating RTLIL representation for module `\FD1S3IX'.
Generating RTLIL representation for module `\FD1S3JX'.
Generating RTLIL representation for module `\IFS1P3BX'.
Generating RTLIL representation for module `\IFS1P3DX'.
Generating RTLIL representation for module `\IFS1P3IX'.
Generating RTLIL representation for module `\IFS1P3JX'.
Generating RTLIL representation for module `\OFS1P3BX'.
Generating RTLIL representation for module `\OFS1P3DX'.
Generating RTLIL representation for module `\OFS1P3IX'.
Generating RTLIL representation for module `\OFS1P3JX'.
Generating RTLIL representation for module `\IB'.
Generating RTLIL representation for module `\IBPU'.
Generating RTLIL representation for module `\IBPD'.
Generating RTLIL representation for module `\OB'.
Generating RTLIL representation for module `\OBZ'.
Generating RTLIL representation for module `\OBZPU'.
Generating RTLIL representation for module `\OBZPD'.
Generating RTLIL representation for module `\OBCO'.
Generating RTLIL representation for module `\BB'.
Generating RTLIL representation for module `\BBPU'.
Generating RTLIL representation for module `\BBPD'.
Generating RTLIL representation for module `\ILVDS'.
Generating RTLIL representation for module `\OLVDS'.
Successfully finished Verilog frontend.

7.2. Executing Verilog-2005 frontend: /home/david/miniconda3/envs/digital/bin/../share/yosys/ecp5/cells_bb.v
Parsing Verilog input from `/home/david/miniconda3/envs/digital/bin/../share/yosys/ecp5/cells_bb.v' to AST representation.
Generating RTLIL representation for module `\MULT18X18D'.
Generating RTLIL representation for module `\ALU54B'.
Generating RTLIL representation for module `\EHXPLLL'.
Generating RTLIL representation for module `\DTR'.
Generating RTLIL representation for module `\OSCG'.
Generating RTLIL representation for module `\USRMCLK'.
Generating RTLIL representation for module `\JTAGG'.
Generating RTLIL representation for module `\DELAYF'.
Generating RTLIL representation for module `\DELAYG'.
Generating RTLIL representation for module `\IDDRX1F'.
Generating RTLIL representation for module `\IDDRX2F'.
Generating RTLIL representation for module `\IDDR71B'.
Generating RTLIL representation for module `\IDDRX2DQA'.
Generating RTLIL representation for module `\ODDRX1F'.
Generating RTLIL representation for module `\ODDRX2F'.
Generating RTLIL representation for module `\ODDR71B'.
Generating RTLIL representation for module `\OSHX2A'.
Generating RTLIL representation for module `\ODDRX2DQA'.
Generating RTLIL representation for module `\ODDRX2DQSB'.
Generating RTLIL representation for module `\TSHX2DQA'.
Generating RTLIL representation for module `\TSHX2DQSA'.
Generating RTLIL representation for module `\DQSBUFM'.
Generating RTLIL representation for module `\DDRDLLA'.
Generating RTLIL representation for module `\DLLDELD'.
Generating RTLIL representation for module `\CLKDIVF'.
Generating RTLIL representation for module `\ECLKSYNCB'.
Generating RTLIL representation for module `\ECLKBRIDGECS'.
Generating RTLIL representation for module `\DCCA'.
Generating RTLIL representation for module `\DCSC'.
Generating RTLIL representation for module `\DCUA'.
Generating RTLIL representation for module `\EXTREFB'.
Generating RTLIL representation for module `\PCSCLKDIV'.
Generating RTLIL representation for module `\PUR'.
Generating RTLIL representation for module `\GSR'.
Generating RTLIL representation for module `\SGSR'.
Generating RTLIL representation for module `\PDPW16KD'.
Successfully finished Verilog frontend.

7.3. Executing HIERARCHY pass (managing design hierarchy).

7.4. Executing AST frontend in derive mode using pre-parsed AST for module `\BIN_BCD'.
Generating RTLIL representation for module `\BIN_BCD'.

7.4.1. Analyzing design hierarchy..
Top module:  \BIN_BCD

7.4.2. Executing AST frontend in derive mode using pre-parsed AST for module `\control_BIN_BCD'.
Generating RTLIL representation for module `\control_BIN_BCD'.
Note: Assuming pure combinatorial block at control_BIN_BCD.v:91.3-175.6 in
compliance with IEC 62142(E):2005 / IEEE Std. 1364.1(E):2002. Recommending
use of @* instead of @(...) for better match of synthesis and simulation.

7.4.3. Executing AST frontend in derive mode using pre-parsed AST for module `\cont'.
Generating RTLIL representation for module `\cont'.

7.4.4. Executing AST frontend in derive mode using pre-parsed AST for module `\compb'.
Generating RTLIL representation for module `\compb'.

7.4.5. Executing AST frontend in derive mode using pre-parsed AST for module `\comp'.
Generating RTLIL representation for module `\comp'.

7.4.6. Executing AST frontend in derive mode using pre-parsed AST for module `\cct'.
Generating RTLIL representation for module `\cct'.

7.4.7. Analyzing design hierarchy..
Top module:  \BIN_BCD
Used module:     \control_BIN_BCD
Used module:     \cont
Used module:     \compb
Used module:     \comp
Used module:     \cct

7.4.8. Analyzing design hierarchy..
Top module:  \BIN_BCD
Used module:     \control_BIN_BCD
Used module:     \cont
Used module:     \compb
Used module:     \comp
Used module:     \cct
Removing unused module `$abstract\cont'.
Removing unused module `$abstract\compb'.
Removing unused module `$abstract\comp'.
Removing unused module `$abstract\control_BIN_BCD'.
Removing unused module `$abstract\cct'.
Removing unused module `$abstract\BIN_BCD'.
Removed 6 unused modules.

7.5. Executing PROC pass (convert processes to netlists).

7.5.1. Executing PROC_CLEAN pass (remove empty switches from decision trees).
Found and cleaned up 1 empty switch in `\TRELLIS_DPR16X4.$proc$/home/david/miniconda3/envs/digital/bin/../share/yosys/ecp5/cells_sim.v:213$117'.
Cleaned up 1 empty switch.

7.5.2. Executing PROC_RMDEAD pass (remove dead branches from decision trees).
Marked 1 switch rules as full_case in process $proc$/home/david/miniconda3/envs/digital/bin/../share/yosys/ecp5/cells_sim.v:350$224 in module TRELLIS_FF.
Marked 1 switch rules as full_case in process $proc$/home/david/miniconda3/envs/digital/bin/../share/yosys/ecp5/cells_sim.v:285$176 in module DPR16X4C.
Marked 1 switch rules as full_case in process $proc$/home/david/miniconda3/envs/digital/bin/../share/yosys/ecp5/cells_sim.v:221$118 in module TRELLIS_DPR16X4.
Marked 2 switch rules as full_case in process $proc$cct.v:14$238 in module cct.
Marked 4 switch rules as full_case in process $proc$comp.v:10$235 in module comp.
Marked 2 switch rules as full_case in process $proc$compb.v:11$234 in module compb.
Marked 3 switch rules as full_case in process $proc$cont.v:9$231 in module cont.
Removed 1 dead cases from process $proc$control_BIN_BCD.v:91$229 in module control_BIN_BCD.
Marked 1 switch rules as full_case in process $proc$control_BIN_BCD.v:91$229 in module control_BIN_BCD.
Removed 1 dead cases from process $proc$control_BIN_BCD.v:40$226 in module control_BIN_BCD.
Marked 5 switch rules as full_case in process $proc$control_BIN_BCD.v:40$226 in module control_BIN_BCD.
Removed a total of 2 dead cases.

7.5.3. Executing PROC_PRUNE pass (remove redundant assignments in processes).
Removed 0 redundant assignments.
Promoted 63 assignments to connections.

7.5.4. Executing PROC_INIT pass (extract init attributes).
Found init rule in `\TRELLIS_FF.$proc$/home/david/miniconda3/envs/digital/bin/../share/yosys/ecp5/cells_sim.v:0$225'.
  Set init value: \Q = 1'0
Found init rule in `\cct.$proc$cct.v:0$240'.
  Set init value: \R = 20'00000000000000000000
Found init rule in `\control_BIN_BCD.$proc$control_BIN_BCD.v:0$230'.
  Set init value: \done = 1'0
  Set init value: \cct = 1'0
  Set init value: \rs = 1'0
  Set init value: \sh = 1'0
  Set init value: \asg = 1'0
  Set init value: \crc = 1'0
  Set init value: \state = 3'000

7.5.5. Executing PROC_ARST pass (detect async resets in processes).

7.5.6. Executing PROC_ROM pass (convert switches to ROMs).
Converted 1 switch.

7.5.7. Executing PROC_MUX pass (convert decision trees to multiplexers).
Creating decoders for process `\TRELLIS_FF.$proc$/home/david/miniconda3/envs/digital/bin/../share/yosys/ecp5/cells_sim.v:0$225'.
Creating decoders for process `\TRELLIS_FF.$proc$/home/david/miniconda3/envs/digital/bin/../share/yosys/ecp5/cells_sim.v:350$224'.
     1/1: $0\Q[0:0]
Creating decoders for process `\DPR16X4C.$proc$/home/david/miniconda3/envs/digital/bin/../share/yosys/ecp5/cells_sim.v:0$199'.
Creating decoders for process `\DPR16X4C.$proc$/home/david/miniconda3/envs/digital/bin/../share/yosys/ecp5/cells_sim.v:285$176'.
     1/3: $1$memwr$\ram$/home/david/miniconda3/envs/digital/bin/../share/yosys/ecp5/cells_sim.v:287$175_EN[3:0]$182
     2/3: $1$memwr$\ram$/home/david/miniconda3/envs/digital/bin/../share/yosys/ecp5/cells_sim.v:287$175_DATA[3:0]$181
     3/3: $1$memwr$\ram$/home/david/miniconda3/envs/digital/bin/../share/yosys/ecp5/cells_sim.v:287$175_ADDR[3:0]$180
Creating decoders for process `\TRELLIS_DPR16X4.$proc$/home/david/miniconda3/envs/digital/bin/../share/yosys/ecp5/cells_sim.v:0$142'.
Creating decoders for process `\TRELLIS_DPR16X4.$proc$/home/david/miniconda3/envs/digital/bin/../share/yosys/ecp5/cells_sim.v:221$118'.
     1/3: $1$memwr$\mem$/home/david/miniconda3/envs/digital/bin/../share/yosys/ecp5/cells_sim.v:223$116_EN[3:0]$124
     2/3: $1$memwr$\mem$/home/david/miniconda3/envs/digital/bin/../share/yosys/ecp5/cells_sim.v:223$116_DATA[3:0]$123
     3/3: $1$memwr$\mem$/home/david/miniconda3/envs/digital/bin/../share/yosys/ecp5/cells_sim.v:223$116_ADDR[3:0]$122
Creating decoders for process `\TRELLIS_DPR16X4.$proc$/home/david/miniconda3/envs/digital/bin/../share/yosys/ecp5/cells_sim.v:213$117'.
Creating decoders for process `\cct.$proc$cct.v:0$240'.
Creating decoders for process `\cct.$proc$cct.v:14$238'.
     1/2: $2\R[19:0]
     2/2: $1\R[19:0]
Creating decoders for process `\comp.$proc$comp.v:10$235'.
     1/4: $4\o[3:0]
     2/4: $3\o[3:0]
     3/4: $2\o[3:0]
     4/4: $1\o[3:0]
Creating decoders for process `\compb.$proc$compb.v:11$234'.
     1/2: $2\o[7:0]
     2/2: $1\o[7:0]
Creating decoders for process `\cont.$proc$cont.v:9$231'.
     1/4: $2\h[0:0]
     2/4: $2\j[3:0]
     3/4: $1\h[0:0]
     4/4: $1\j[3:0]
Creating decoders for process `\control_BIN_BCD.$proc$control_BIN_BCD.v:0$230'.
Creating decoders for process `\control_BIN_BCD.$proc$control_BIN_BCD.v:91$229'.
     1/1: { $1\done[0:0] $1\sh[0:0] $1\cct[0:0] $1\crc[0:0] $1\asg[0:0] $1\rs[0:0] }
Creating decoders for process `\control_BIN_BCD.$proc$control_BIN_BCD.v:40$226'.
     1/7: $5\state[2:0]
     2/7: $4\state[2:0]
     3/7: $3\state[2:0]
     4/7: $2\state[2:0]
     5/7: $2\count[3:0]
     6/7: $1\state[2:0]
     7/7: $1\count[3:0]

7.5.8. Executing PROC_DLATCH pass (convert process syncs to latches).
No latch inferred for signal `\control_BIN_BCD.\done' from process `\control_BIN_BCD.$proc$control_BIN_BCD.v:91$229'.
Removing init bit 1'0 for non-memory siginal `\control_BIN_BCD.\done` in process `\control_BIN_BCD.$proc$control_BIN_BCD.v:91$229`.
No latch inferred for signal `\control_BIN_BCD.\cct' from process `\control_BIN_BCD.$proc$control_BIN_BCD.v:91$229'.
Removing init bit 1'0 for non-memory siginal `\control_BIN_BCD.\cct` in process `\control_BIN_BCD.$proc$control_BIN_BCD.v:91$229`.
No latch inferred for signal `\control_BIN_BCD.\rs' from process `\control_BIN_BCD.$proc$control_BIN_BCD.v:91$229'.
Removing init bit 1'0 for non-memory siginal `\control_BIN_BCD.\rs` in process `\control_BIN_BCD.$proc$control_BIN_BCD.v:91$229`.
No latch inferred for signal `\control_BIN_BCD.\sh' from process `\control_BIN_BCD.$proc$control_BIN_BCD.v:91$229'.
Removing init bit 1'0 for non-memory siginal `\control_BIN_BCD.\sh` in process `\control_BIN_BCD.$proc$control_BIN_BCD.v:91$229`.
No latch inferred for signal `\control_BIN_BCD.\asg' from process `\control_BIN_BCD.$proc$control_BIN_BCD.v:91$229'.
Removing init bit 1'0 for non-memory siginal `\control_BIN_BCD.\asg` in process `\control_BIN_BCD.$proc$control_BIN_BCD.v:91$229`.
No latch inferred for signal `\control_BIN_BCD.\crc' from process `\control_BIN_BCD.$proc$control_BIN_BCD.v:91$229'.
Removing init bit 1'0 for non-memory siginal `\control_BIN_BCD.\crc` in process `\control_BIN_BCD.$proc$control_BIN_BCD.v:91$229`.

7.5.9. Executing PROC_DFF pass (convert process syncs to FFs).
Creating register for signal `\TRELLIS_FF.\Q' using process `\TRELLIS_FF.$proc$/home/david/miniconda3/envs/digital/bin/../share/yosys/ecp5/cells_sim.v:350$224'.
  created $dff cell `$procdff$388' with positive edge clock.
Creating register for signal `\DPR16X4C.\i' using process `\DPR16X4C.$proc$/home/david/miniconda3/envs/digital/bin/../share/yosys/ecp5/cells_sim.v:0$199'.
  created direct connection (no actual register cell created).
Creating register for signal `\DPR16X4C.$memwr$\ram$/home/david/miniconda3/envs/digital/bin/../share/yosys/ecp5/cells_sim.v:281$160_EN' using process `\DPR16X4C.$proc$/home/david/miniconda3/envs/digital/bin/../share/yosys/ecp5/cells_sim.v:0$199'.
  created direct connection (no actual register cell created).
Creating register for signal `\DPR16X4C.$memwr$\ram$/home/david/miniconda3/envs/digital/bin/../share/yosys/ecp5/cells_sim.v:281$161_EN' using process `\DPR16X4C.$proc$/home/david/miniconda3/envs/digital/bin/../share/yosys/ecp5/cells_sim.v:0$199'.
  created direct connection (no actual register cell created).
Creating register for signal `\DPR16X4C.$memwr$\ram$/home/david/miniconda3/envs/digital/bin/../share/yosys/ecp5/cells_sim.v:281$162_EN' using process `\DPR16X4C.$proc$/home/david/miniconda3/envs/digital/bin/../share/yosys/ecp5/cells_sim.v:0$199'.
  created direct connection (no actual register cell created).
Creating register for signal `\DPR16X4C.$memwr$\ram$/home/david/miniconda3/envs/digital/bin/../share/yosys/ecp5/cells_sim.v:281$163_EN' using process `\DPR16X4C.$proc$/home/david/miniconda3/envs/digital/bin/../share/yosys/ecp5/cells_sim.v:0$199'.
  created direct connection (no actual register cell created).
Creating register for signal `\DPR16X4C.$memwr$\ram$/home/david/miniconda3/envs/digital/bin/../share/yosys/ecp5/cells_sim.v:281$164_EN' using process `\DPR16X4C.$proc$/home/david/miniconda3/envs/digital/bin/../share/yosys/ecp5/cells_sim.v:0$199'.
  created direct connection (no actual register cell created).
Creating register for signal `\DPR16X4C.$memwr$\ram$/home/david/miniconda3/envs/digital/bin/../share/yosys/ecp5/cells_sim.v:281$165_EN' using process `\DPR16X4C.$proc$/home/david/miniconda3/envs/digital/bin/../share/yosys/ecp5/cells_sim.v:0$199'.
  created direct connection (no actual register cell created).
Creating register for signal `\DPR16X4C.$memwr$\ram$/home/david/miniconda3/envs/digital/bin/../share/yosys/ecp5/cells_sim.v:281$166_EN' using process `\DPR16X4C.$proc$/home/david/miniconda3/envs/digital/bin/../share/yosys/ecp5/cells_sim.v:0$199'.
  created direct connection (no actual register cell created).
Creating register for signal `\DPR16X4C.$memwr$\ram$/home/david/miniconda3/envs/digital/bin/../share/yosys/ecp5/cells_sim.v:281$167_EN' using process `\DPR16X4C.$proc$/home/david/miniconda3/envs/digital/bin/../share/yosys/ecp5/cells_sim.v:0$199'.
  created direct connection (no actual register cell created).
Creating register for signal `\DPR16X4C.$memwr$\ram$/home/david/miniconda3/envs/digital/bin/../share/yosys/ecp5/cells_sim.v:281$168_EN' using process `\DPR16X4C.$proc$/home/david/miniconda3/envs/digital/bin/../share/yosys/ecp5/cells_sim.v:0$199'.
  created direct connection (no actual register cell created).
Creating register for signal `\DPR16X4C.$memwr$\ram$/home/david/miniconda3/envs/digital/bin/../share/yosys/ecp5/cells_sim.v:281$169_EN' using process `\DPR16X4C.$proc$/home/david/miniconda3/envs/digital/bin/../share/yosys/ecp5/cells_sim.v:0$199'.
  created direct connection (no actual register cell created).
Creating register for signal `\DPR16X4C.$memwr$\ram$/home/david/miniconda3/envs/digital/bin/../share/yosys/ecp5/cells_sim.v:281$170_EN' using process `\DPR16X4C.$proc$/home/david/miniconda3/envs/digital/bin/../share/yosys/ecp5/cells_sim.v:0$199'.
  created direct connection (no actual register cell created).
Creating register for signal `\DPR16X4C.$memwr$\ram$/home/david/miniconda3/envs/digital/bin/../share/yosys/ecp5/cells_sim.v:281$171_EN' using process `\DPR16X4C.$proc$/home/david/miniconda3/envs/digital/bin/../share/yosys/ecp5/cells_sim.v:0$199'.
  created direct connection (no actual register cell created).
Creating register for signal `\DPR16X4C.$memwr$\ram$/home/david/miniconda3/envs/digital/bin/../share/yosys/ecp5/cells_sim.v:281$172_EN' using process `\DPR16X4C.$proc$/home/david/miniconda3/envs/digital/bin/../share/yosys/ecp5/cells_sim.v:0$199'.
  created direct connection (no actual register cell created).
Creating register for signal `\DPR16X4C.$memwr$\ram$/home/david/miniconda3/envs/digital/bin/../share/yosys/ecp5/cells_sim.v:281$173_EN' using process `\DPR16X4C.$proc$/home/david/miniconda3/envs/digital/bin/../share/yosys/ecp5/cells_sim.v:0$199'.
  created direct connection (no actual register cell created).
Creating register for signal `\DPR16X4C.$memwr$\ram$/home/david/miniconda3/envs/digital/bin/../share/yosys/ecp5/cells_sim.v:281$174_EN' using process `\DPR16X4C.$proc$/home/david/miniconda3/envs/digital/bin/../share/yosys/ecp5/cells_sim.v:0$199'.
  created direct connection (no actual register cell created).
Creating register for signal `\DPR16X4C.$memwr$\ram$/home/david/miniconda3/envs/digital/bin/../share/yosys/ecp5/cells_sim.v:287$175_ADDR' using process `\DPR16X4C.$proc$/home/david/miniconda3/envs/digital/bin/../share/yosys/ecp5/cells_sim.v:285$176'.
  created $dff cell `$procdff$389' with positive edge clock.
Creating register for signal `\DPR16X4C.$memwr$\ram$/home/david/miniconda3/envs/digital/bin/../share/yosys/ecp5/cells_sim.v:287$175_DATA' using process `\DPR16X4C.$proc$/home/david/miniconda3/envs/digital/bin/../share/yosys/ecp5/cells_sim.v:285$176'.
  created $dff cell `$procdff$390' with positive edge clock.
Creating register for signal `\DPR16X4C.$memwr$\ram$/home/david/miniconda3/envs/digital/bin/../share/yosys/ecp5/cells_sim.v:287$175_EN' using process `\DPR16X4C.$proc$/home/david/miniconda3/envs/digital/bin/../share/yosys/ecp5/cells_sim.v:285$176'.
  created $dff cell `$procdff$391' with positive edge clock.
Creating register for signal `\TRELLIS_DPR16X4.\i' using process `\TRELLIS_DPR16X4.$proc$/home/david/miniconda3/envs/digital/bin/../share/yosys/ecp5/cells_sim.v:0$142'.
  created direct connection (no actual register cell created).
Creating register for signal `\TRELLIS_DPR16X4.$memwr$\mem$/home/david/miniconda3/envs/digital/bin/../share/yosys/ecp5/cells_sim.v:207$100_EN' using process `\TRELLIS_DPR16X4.$proc$/home/david/miniconda3/envs/digital/bin/../share/yosys/ecp5/cells_sim.v:0$142'.
  created direct connection (no actual register cell created).
Creating register for signal `\TRELLIS_DPR16X4.$memwr$\mem$/home/david/miniconda3/envs/digital/bin/../share/yosys/ecp5/cells_sim.v:207$101_EN' using process `\TRELLIS_DPR16X4.$proc$/home/david/miniconda3/envs/digital/bin/../share/yosys/ecp5/cells_sim.v:0$142'.
  created direct connection (no actual register cell created).
Creating register for signal `\TRELLIS_DPR16X4.$memwr$\mem$/home/david/miniconda3/envs/digital/bin/../share/yosys/ecp5/cells_sim.v:207$102_EN' using process `\TRELLIS_DPR16X4.$proc$/home/david/miniconda3/envs/digital/bin/../share/yosys/ecp5/cells_sim.v:0$142'.
  created direct connection (no actual register cell created).
Creating register for signal `\TRELLIS_DPR16X4.$memwr$\mem$/home/david/miniconda3/envs/digital/bin/../share/yosys/ecp5/cells_sim.v:207$103_EN' using process `\TRELLIS_DPR16X4.$proc$/home/david/miniconda3/envs/digital/bin/../share/yosys/ecp5/cells_sim.v:0$142'.
  created direct connection (no actual register cell created).
Creating register for signal `\TRELLIS_DPR16X4.$memwr$\mem$/home/david/miniconda3/envs/digital/bin/../share/yosys/ecp5/cells_sim.v:207$104_EN' using process `\TRELLIS_DPR16X4.$proc$/home/david/miniconda3/envs/digital/bin/../share/yosys/ecp5/cells_sim.v:0$142'.
  created direct connection (no actual register cell created).
Creating register for signal `\TRELLIS_DPR16X4.$memwr$\mem$/home/david/miniconda3/envs/digital/bin/../share/yosys/ecp5/cells_sim.v:207$105_EN' using process `\TRELLIS_DPR16X4.$proc$/home/david/miniconda3/envs/digital/bin/../share/yosys/ecp5/cells_sim.v:0$142'.
  created direct connection (no actual register cell created).
Creating register for signal `\TRELLIS_DPR16X4.$memwr$\mem$/home/david/miniconda3/envs/digital/bin/../share/yosys/ecp5/cells_sim.v:207$106_EN' using process `\TRELLIS_DPR16X4.$proc$/home/david/miniconda3/envs/digital/bin/../share/yosys/ecp5/cells_sim.v:0$142'.
  created direct connection (no actual register cell created).
Creating register for signal `\TRELLIS_DPR16X4.$memwr$\mem$/home/david/miniconda3/envs/digital/bin/../share/yosys/ecp5/cells_sim.v:207$107_EN' using process `\TRELLIS_DPR16X4.$proc$/home/david/miniconda3/envs/digital/bin/../share/yosys/ecp5/cells_sim.v:0$142'.
  created direct connection (no actual register cell created).
Creating register for signal `\TRELLIS_DPR16X4.$memwr$\mem$/home/david/miniconda3/envs/digital/bin/../share/yosys/ecp5/cells_sim.v:207$108_EN' using process `\TRELLIS_DPR16X4.$proc$/home/david/miniconda3/envs/digital/bin/../share/yosys/ecp5/cells_sim.v:0$142'.
  created direct connection (no actual register cell created).
Creating register for signal `\TRELLIS_DPR16X4.$memwr$\mem$/home/david/miniconda3/envs/digital/bin/../share/yosys/ecp5/cells_sim.v:207$109_EN' using process `\TRELLIS_DPR16X4.$proc$/home/david/miniconda3/envs/digital/bin/../share/yosys/ecp5/cells_sim.v:0$142'.
  created direct connection (no actual register cell created).
Creating register for signal `\TRELLIS_DPR16X4.$memwr$\mem$/home/david/miniconda3/envs/digital/bin/../share/yosys/ecp5/cells_sim.v:207$110_EN' using process `\TRELLIS_DPR16X4.$proc$/home/david/miniconda3/envs/digital/bin/../share/yosys/ecp5/cells_sim.v:0$142'.
  created direct connection (no actual register cell created).
Creating register for signal `\TRELLIS_DPR16X4.$memwr$\mem$/home/david/miniconda3/envs/digital/bin/../share/yosys/ecp5/cells_sim.v:207$111_EN' using process `\TRELLIS_DPR16X4.$proc$/home/david/miniconda3/envs/digital/bin/../share/yosys/ecp5/cells_sim.v:0$142'.
  created direct connection (no actual register cell created).
Creating register for signal `\TRELLIS_DPR16X4.$memwr$\mem$/home/david/miniconda3/envs/digital/bin/../share/yosys/ecp5/cells_sim.v:207$112_EN' using process `\TRELLIS_DPR16X4.$proc$/home/david/miniconda3/envs/digital/bin/../share/yosys/ecp5/cells_sim.v:0$142'.
  created direct connection (no actual register cell created).
Creating register for signal `\TRELLIS_DPR16X4.$memwr$\mem$/home/david/miniconda3/envs/digital/bin/../share/yosys/ecp5/cells_sim.v:207$113_EN' using process `\TRELLIS_DPR16X4.$proc$/home/david/miniconda3/envs/digital/bin/../share/yosys/ecp5/cells_sim.v:0$142'.
  created direct connection (no actual register cell created).
Creating register for signal `\TRELLIS_DPR16X4.$memwr$\mem$/home/david/miniconda3/envs/digital/bin/../share/yosys/ecp5/cells_sim.v:207$114_EN' using process `\TRELLIS_DPR16X4.$proc$/home/david/miniconda3/envs/digital/bin/../share/yosys/ecp5/cells_sim.v:0$142'.
  created direct connection (no actual register cell created).
Creating register for signal `\TRELLIS_DPR16X4.$memwr$\mem$/home/david/miniconda3/envs/digital/bin/../share/yosys/ecp5/cells_sim.v:207$115_EN' using process `\TRELLIS_DPR16X4.$proc$/home/david/miniconda3/envs/digital/bin/../share/yosys/ecp5/cells_sim.v:0$142'.
  created direct connection (no actual register cell created).
Creating register for signal `\TRELLIS_DPR16X4.$memwr$\mem$/home/david/miniconda3/envs/digital/bin/../share/yosys/ecp5/cells_sim.v:223$116_ADDR' using process `\TRELLIS_DPR16X4.$proc$/home/david/miniconda3/envs/digital/bin/../share/yosys/ecp5/cells_sim.v:221$118'.
  created $dff cell `$procdff$392' with positive edge clock.
Creating register for signal `\TRELLIS_DPR16X4.$memwr$\mem$/home/david/miniconda3/envs/digital/bin/../share/yosys/ecp5/cells_sim.v:223$116_DATA' using process `\TRELLIS_DPR16X4.$proc$/home/david/miniconda3/envs/digital/bin/../share/yosys/ecp5/cells_sim.v:221$118'.
  created $dff cell `$procdff$393' with positive edge clock.
Creating register for signal `\TRELLIS_DPR16X4.$memwr$\mem$/home/david/miniconda3/envs/digital/bin/../share/yosys/ecp5/cells_sim.v:223$116_EN' using process `\TRELLIS_DPR16X4.$proc$/home/david/miniconda3/envs/digital/bin/../share/yosys/ecp5/cells_sim.v:221$118'.
  created $dff cell `$procdff$394' with positive edge clock.
Creating register for signal `\TRELLIS_DPR16X4.\muxwre' using process `\TRELLIS_DPR16X4.$proc$/home/david/miniconda3/envs/digital/bin/../share/yosys/ecp5/cells_sim.v:213$117'.
  created direct connection (no actual register cell created).
Creating register for signal `\cct.\R' using process `\cct.$proc$cct.v:14$238'.
  created $dff cell `$procdff$395' with negative edge clock.
Creating register for signal `\comp.\o' using process `\comp.$proc$comp.v:10$235'.
  created $dff cell `$procdff$396' with negative edge clock.
Creating register for signal `\compb.\o' using process `\compb.$proc$compb.v:11$234'.
  created $dff cell `$procdff$397' with negative edge clock.
Creating register for signal `\cont.\h' using process `\cont.$proc$cont.v:9$231'.
  created $dff cell `$procdff$398' with positive edge clock.
Creating register for signal `\cont.\j' using process `\cont.$proc$cont.v:9$231'.
  created $dff cell `$procdff$399' with positive edge clock.
Creating register for signal `\control_BIN_BCD.\state' using process `\control_BIN_BCD.$proc$control_BIN_BCD.v:40$226'.
  created $dff cell `$procdff$400' with positive edge clock.
Creating register for signal `\control_BIN_BCD.\count' using process `\control_BIN_BCD.$proc$control_BIN_BCD.v:40$226'.
  created $dff cell `$procdff$401' with positive edge clock.

7.5.10. Executing PROC_MEMWR pass (convert process memory writes to cells).

7.5.11. Executing PROC_CLEAN pass (remove empty switches from decision trees).
Removing empty process `TRELLIS_FF.$proc$/home/david/miniconda3/envs/digital/bin/../share/yosys/ecp5/cells_sim.v:0$225'.
Found and cleaned up 2 empty switches in `\TRELLIS_FF.$proc$/home/david/miniconda3/envs/digital/bin/../share/yosys/ecp5/cells_sim.v:350$224'.
Removing empty process `TRELLIS_FF.$proc$/home/david/miniconda3/envs/digital/bin/../share/yosys/ecp5/cells_sim.v:350$224'.
Removing empty process `DPR16X4C.$proc$/home/david/miniconda3/envs/digital/bin/../share/yosys/ecp5/cells_sim.v:0$199'.
Found and cleaned up 1 empty switch in `\DPR16X4C.$proc$/home/david/miniconda3/envs/digital/bin/../share/yosys/ecp5/cells_sim.v:285$176'.
Removing empty process `TRELLIS_DPR16X4.$proc$/home/david/miniconda3/envs/digital/bin/../share/yosys/ecp5/cells_sim.v:0$142'.
Found and cleaned up 1 empty switch in `\TRELLIS_DPR16X4.$proc$/home/david/miniconda3/envs/digital/bin/../share/yosys/ecp5/cells_sim.v:221$118'.
Removing empty process `TRELLIS_DPR16X4.$proc$/home/david/miniconda3/envs/digital/bin/../share/yosys/ecp5/cells_sim.v:213$117'.
Removing empty process `cct.$proc$cct.v:0$240'.
Found and cleaned up 2 empty switches in `\cct.$proc$cct.v:14$238'.
Removing empty process `cct.$proc$cct.v:14$238'.
Found and cleaned up 4 empty switches in `\comp.$proc$comp.v:10$235'.
Removing empty process `comp.$proc$comp.v:10$235'.
Found and cleaned up 2 empty switches in `\compb.$proc$compb.v:11$234'.
Removing empty process `compb.$proc$compb.v:11$234'.
Found and cleaned up 3 empty switches in `\cont.$proc$cont.v:9$231'.
Removing empty process `cont.$proc$cont.v:9$231'.
Removing empty process `control_BIN_BCD.$proc$control_BIN_BCD.v:0$230'.
Found and cleaned up 1 empty switch in `\control_BIN_BCD.$proc$control_BIN_BCD.v:91$229'.
Removing empty process `control_BIN_BCD.$proc$control_BIN_BCD.v:91$229'.
Found and cleaned up 5 empty switches in `\control_BIN_BCD.$proc$control_BIN_BCD.v:40$226'.
Removing empty process `control_BIN_BCD.$proc$control_BIN_BCD.v:40$226'.
Cleaned up 21 empty switches.

7.5.12. Executing OPT_EXPR pass (perform const folding).
Optimizing module cct.
Optimizing module comp.
Optimizing module compb.
Optimizing module cont.
Optimizing module control_BIN_BCD.
Optimizing module BIN_BCD.

7.6. Executing FLATTEN pass (flatten design).
Deleting now unused module cct.
Deleting now unused module comp.
Deleting now unused module compb.
Deleting now unused module cont.
Deleting now unused module control_BIN_BCD.

7.7. Executing TRIBUF pass.

7.8. Executing DEMINOUT pass (demote inout ports to input or output).

7.9. Executing OPT_EXPR pass (perform const folding).
Optimizing module BIN_BCD.

7.10. Executing OPT_CLEAN pass (remove unused cells and wires).
Finding unused cells or wires in module \BIN_BCD..
Removed 0 unused cells and 108 unused wires.

7.11. Executing CHECK pass (checking for obvious problems).
Checking module BIN_BCD...
Found and reported 0 problems.

7.12. Executing OPT pass (performing simple optimizations).

7.12.1. Executing OPT_EXPR pass (perform const folding).
Optimizing module BIN_BCD.

7.12.2. Executing OPT_MERGE pass (detect identical cells).
Finding identical cells in module `\BIN_BCD'.
Removed a total of 11 cells.

7.12.3. Executing OPT_MUXTREE pass (detect dead branches in mux trees).
Running muxtree optimizer on module \BIN_BCD..
  Creating internal representation of mux trees.
  Evaluating internal representation of mux trees.
  Analyzing evaluation results.
    dead port 1/2 on $mux $flatten\comp0.$procmux$290.
    dead port 1/2 on $mux $flatten\comp0.$procmux$293.
    dead port 1/2 on $mux $flatten\comp0.$procmux$299.
    dead port 2/2 on $mux $flatten\comp1.$procmux$278.
    dead port 1/2 on $mux $flatten\comp1.$procmux$281.
    dead port 1/2 on $mux $flatten\comp1.$procmux$284.
    dead port 1/2 on $mux $flatten\comp1.$procmux$290.
    dead port 1/2 on $mux $flatten\comp1.$procmux$293.
    dead port 1/2 on $mux $flatten\comp1.$procmux$299.
    dead port 2/2 on $mux $flatten\comp2.$procmux$278.
    dead port 1/2 on $mux $flatten\comp2.$procmux$281.
    dead port 1/2 on $mux $flatten\comp2.$procmux$284.
    dead port 1/2 on $mux $flatten\comp2.$procmux$290.
    dead port 1/2 on $mux $flatten\comp2.$procmux$293.
    dead port 1/2 on $mux $flatten\comp2.$procmux$299.
    dead port 1/2 on $mux $flatten\compb0.$procmux$308.
    dead port 2/2 on $mux $flatten\control_BIN_BCD0.$procmux$329.
    dead port 1/2 on $mux $flatten\control_BIN_BCD0.$procmux$332.
    dead port 2/2 on $mux $flatten\control_BIN_BCD0.$procmux$338.
    dead port 1/2 on $mux $flatten\control_BIN_BCD0.$procmux$341.
    dead port 2/2 on $mux $flatten\control_BIN_BCD0.$procmux$353.
    dead port 1/2 on $mux $flatten\control_BIN_BCD0.$procmux$356.
    dead port 1/2 on $mux $flatten\control_BIN_BCD0.$procmux$368.
    dead port 2/2 on $mux $flatten\comp0.$procmux$278.
    dead port 1/2 on $mux $flatten\comp0.$procmux$281.
    dead port 1/2 on $mux $flatten\comp0.$procmux$284.
    dead port 1/2 on $mux $flatten\control_BIN_BCD0.$procmux$380.
Removed 27 multiplexer ports.

7.12.4. Executing OPT_REDUCE pass (consolidate $*mux and $reduce_* inputs).
  Optimizing cells in module \BIN_BCD.
    New ctrl vector for $pmux cell $flatten\control_BIN_BCD0.$procmux$370: { $flatten\control_BIN_BCD0.$procmux$354_CMP $auto$opt_reduce.cc:134:opt_pmux$403 $flatten\control_BIN_BCD0.$procmux$330_CMP }
  Optimizing cells in module \BIN_BCD.
Performed a total of 1 changes.

7.12.5. Executing OPT_MERGE pass (detect identical cells).
Finding identical cells in module `\BIN_BCD'.
Removed a total of 0 cells.

7.12.6. Executing OPT_DFF pass (perform DFF optimizations).

7.12.7. Executing OPT_CLEAN pass (remove unused cells and wires).
Finding unused cells or wires in module \BIN_BCD..
Removed 0 unused cells and 38 unused wires.

7.12.8. Executing OPT_EXPR pass (perform const folding).
Optimizing module BIN_BCD.

7.12.9. Rerunning OPT passes. (Maybe there is more to do..)

7.12.10. Executing OPT_MUXTREE pass (detect dead branches in mux trees).
Running muxtree optimizer on module \BIN_BCD..
  Creating internal representation of mux trees.
  Evaluating internal representation of mux trees.
  Analyzing evaluation results.
Removed 0 multiplexer ports.

7.12.11. Executing OPT_REDUCE pass (consolidate $*mux and $reduce_* inputs).
  Optimizing cells in module \BIN_BCD.
Performed a total of 0 changes.

7.12.12. Executing OPT_MERGE pass (detect identical cells).
Finding identical cells in module `\BIN_BCD'.
Removed a total of 0 cells.

7.12.13. Executing OPT_DFF pass (perform DFF optimizations).

7.12.14. Executing OPT_CLEAN pass (remove unused cells and wires).
Finding unused cells or wires in module \BIN_BCD..

7.12.15. Executing OPT_EXPR pass (perform const folding).
Optimizing module BIN_BCD.

7.12.16. Finished OPT passes. (There is nothing left to do.)

7.13. Executing FSM pass (extract and optimize FSM).

7.13.1. Executing FSM_DETECT pass (finding FSMs in design).
Not marking BIN_BCD.control_BIN_BCD0.state as FSM state register:
    Users of register don't seem to benefit from recoding.
    Register has an initialization value.

7.13.2. Executing FSM_EXTRACT pass (extracting FSM from design).

7.13.3. Executing FSM_OPT pass (simple optimizations of FSMs).

7.13.4. Executing OPT_CLEAN pass (remove unused cells and wires).
Finding unused cells or wires in module \BIN_BCD..

7.13.5. Executing FSM_OPT pass (simple optimizations of FSMs).

7.13.6. Executing FSM_RECODE pass (re-assigning FSM state encoding).

7.13.7. Executing FSM_INFO pass (dumping all available information on FSM cells).

7.13.8. Executing FSM_MAP pass (mapping FSMs to basic logic).

7.14. Executing OPT pass (performing simple optimizations).

7.14.1. Executing OPT_EXPR pass (perform const folding).
Optimizing module BIN_BCD.

7.14.2. Executing OPT_MERGE pass (detect identical cells).
Finding identical cells in module `\BIN_BCD'.
Removed a total of 0 cells.

7.14.3. Executing OPT_MUXTREE pass (detect dead branches in mux trees).
Running muxtree optimizer on module \BIN_BCD..
  Creating internal representation of mux trees.
  Evaluating internal representation of mux trees.
  Analyzing evaluation results.
Removed 0 multiplexer ports.

7.14.4. Executing OPT_REDUCE pass (consolidate $*mux and $reduce_* inputs).
  Optimizing cells in module \BIN_BCD.
Performed a total of 0 changes.

7.14.5. Executing OPT_MERGE pass (detect identical cells).
Finding identical cells in module `\BIN_BCD'.
Removed a total of 0 cells.

7.14.6. Executing OPT_DFF pass (perform DFF optimizations).
Adding EN signal on $flatten\control_BIN_BCD0.$procdff$401 ($dff) from module BIN_BCD (D = $flatten\control_BIN_BCD0.$2\count[3:0], Q = \control_BIN_BCD0.count).
Adding SRST signal on $flatten\control_BIN_BCD0.$procdff$400 ($dff) from module BIN_BCD (D = $flatten\control_BIN_BCD0.$2\state[2:0], Q = \control_BIN_BCD0.state, rval = 3'000).
Adding SRST signal on $flatten\cont0.$procdff$398 ($dff) from module BIN_BCD (D = $flatten\cont0.$1\h[0:0], Q = \cont0.h, rval = 1'1).
Adding EN signal on $auto$ff.cc:266:slice$412 ($sdff) from module BIN_BCD (D = 1'0, Q = \cont0.h).
Adding EN signal on $flatten\compb0.$procdff$397 ($dff) from module BIN_BCD (D = $flatten\compb0.$0\o[7:0], Q = \compb0.o).
Adding SRST signal on $flatten\comp2.$procdff$396 ($dff) from module BIN_BCD (D = $flatten\comp2.$2\o[3:0], Q = \comp2.o, rval = 4'0000).
Adding EN signal on $auto$ff.cc:266:slice$417 ($sdff) from module BIN_BCD (D = $flatten\comp2.$2\o[3:0], Q = \comp2.o).
Adding SRST signal on $flatten\comp1.$procdff$396 ($dff) from module BIN_BCD (D = $flatten\comp1.$2\o[3:0], Q = \comp1.o, rval = 4'0000).
Adding EN signal on $auto$ff.cc:266:slice$421 ($sdff) from module BIN_BCD (D = $flatten\comp1.$2\o[3:0], Q = \comp1.o).
Adding SRST signal on $flatten\comp0.$procdff$396 ($dff) from module BIN_BCD (D = $flatten\comp0.$2\o[3:0], Q = \comp0.o, rval = 4'0000).
Adding EN signal on $auto$ff.cc:266:slice$425 ($sdff) from module BIN_BCD (D = $flatten\comp0.$2\o[3:0], Q = \comp0.o).
Adding SRST signal on $flatten\cct0.$procdff$395 ($dff) from module BIN_BCD (D = $flatten\cct0.$1\R[19:0] [0], Q = \cct0.R [0], rval = 1'0).
Adding EN signal on $flatten\cct0.$procdff$395 ($dff) from module BIN_BCD (D = $flatten\cct0.$0\R[19:0] [19], Q = \cct0.R [19]).

7.14.7. Executing OPT_CLEAN pass (remove unused cells and wires).
Finding unused cells or wires in module \BIN_BCD..
Removed 7 unused cells and 7 unused wires.

7.14.8. Executing OPT_EXPR pass (perform const folding).
Optimizing module BIN_BCD.

7.14.9. Rerunning OPT passes. (Maybe there is more to do..)

7.14.10. Executing OPT_MUXTREE pass (detect dead branches in mux trees).
Running muxtree optimizer on module \BIN_BCD..
  Creating internal representation of mux trees.
  Evaluating internal representation of mux trees.
  Analyzing evaluation results.
Removed 0 multiplexer ports.

7.14.11. Executing OPT_REDUCE pass (consolidate $*mux and $reduce_* inputs).
  Optimizing cells in module \BIN_BCD.
    New ctrl vector for $pmux cell $flatten\control_BIN_BCD0.$procmux$370: { $flatten\control_BIN_BCD0.$procmux$354_CMP $flatten\control_BIN_BCD0.$procmux$330_CMP }
  Optimizing cells in module \BIN_BCD.
Performed a total of 1 changes.

7.14.12. Executing OPT_MERGE pass (detect identical cells).
Finding identical cells in module `\BIN_BCD'.
Removed a total of 2 cells.

7.14.13. Executing OPT_DFF pass (perform DFF optimizations).

7.14.14. Executing OPT_CLEAN pass (remove unused cells and wires).
Finding unused cells or wires in module \BIN_BCD..
Removed 0 unused cells and 2 unused wires.

7.14.15. Executing OPT_EXPR pass (perform const folding).
Optimizing module BIN_BCD.

7.14.16. Rerunning OPT passes. (Maybe there is more to do..)

7.14.17. Executing OPT_MUXTREE pass (detect dead branches in mux trees).
Running muxtree optimizer on module \BIN_BCD..
  Creating internal representation of mux trees.
  Evaluating internal representation of mux trees.
  Analyzing evaluation results.
Removed 0 multiplexer ports.

7.14.18. Executing OPT_REDUCE pass (consolidate $*mux and $reduce_* inputs).
  Optimizing cells in module \BIN_BCD.
Performed a total of 0 changes.

7.14.19. Executing OPT_MERGE pass (detect identical cells).
Finding identical cells in module `\BIN_BCD'.
Removed a total of 0 cells.

7.14.20. Executing OPT_DFF pass (perform DFF optimizations).

7.14.21. Executing OPT_CLEAN pass (remove unused cells and wires).
Finding unused cells or wires in module \BIN_BCD..

7.14.22. Executing OPT_EXPR pass (perform const folding).
Optimizing module BIN_BCD.

7.14.23. Finished OPT passes. (There is nothing left to do.)

7.15. Executing WREDUCE pass (reducing word size of cells).
Removed top 29 address bits (of 32) from memory init port BIN_BCD.$flatten\control_BIN_BCD0.$auto$mem.cc:319:emit$244 ($flatten\control_BIN_BCD0.$auto$proc_rom.cc:150:do_switch$242).
Removed top 2 bits (of 4) from port B of cell BIN_BCD.$flatten\comp0.$add$comp.v:17$237 ($add).
Removed top 1 bits (of 4) from port B of cell BIN_BCD.$flatten\comp0.$ge$comp.v:16$236 ($ge).
Removed top 2 bits (of 4) from port B of cell BIN_BCD.$flatten\comp1.$add$comp.v:17$237 ($add).
Removed top 1 bits (of 4) from port B of cell BIN_BCD.$flatten\comp1.$ge$comp.v:16$236 ($ge).
Removed top 2 bits (of 4) from port B of cell BIN_BCD.$flatten\comp2.$add$comp.v:17$237 ($add).
Removed top 1 bits (of 4) from port B of cell BIN_BCD.$flatten\comp2.$ge$comp.v:16$236 ($ge).
Removed top 3 bits (of 4) from port B of cell BIN_BCD.$flatten\cont0.$sub$cont.v:15$232 ($sub).
Removed top 2 bits (of 3) from port B of cell BIN_BCD.$flatten\control_BIN_BCD0.$procmux$365_CMP0 ($eq).
Removed top 1 bits (of 3) from port B of cell BIN_BCD.$flatten\control_BIN_BCD0.$procmux$364_CMP0 ($eq).
Removed top 1 bits (of 3) from port B of cell BIN_BCD.$flatten\control_BIN_BCD0.$procmux$363_CMP0 ($eq).
Removed top 2 bits (of 3) from mux cell BIN_BCD.$flatten\control_BIN_BCD0.$procmux$351 ($mux).
Removed top 28 bits (of 32) from port B of cell BIN_BCD.$flatten\control_BIN_BCD0.$gt$control_BIN_BCD.v:78$228 ($gt).
Removed top 31 bits (of 32) from port B of cell BIN_BCD.$flatten\control_BIN_BCD0.$add$control_BIN_BCD.v:77$227 ($add).
Removed top 28 bits (of 32) from port Y of cell BIN_BCD.$flatten\control_BIN_BCD0.$add$control_BIN_BCD.v:77$227 ($add).
Removed top 2 bits (of 3) from wire BIN_BCD.$flatten\control_BIN_BCD0.$3\state[2:0].
Removed top 28 bits (of 32) from wire BIN_BCD.$flatten\control_BIN_BCD0.$add$control_BIN_BCD.v:77$227_Y.

7.16. Executing PEEPOPT pass (run peephole optimizers).

7.17. Executing OPT_CLEAN pass (remove unused cells and wires).
Finding unused cells or wires in module \BIN_BCD..
Removed 0 unused cells and 2 unused wires.

7.18. Executing SHARE pass (SAT-based resource sharing).

7.19. Executing TECHMAP pass (map to technology primitives).

7.19.1. Executing Verilog-2005 frontend: /home/david/miniconda3/envs/digital/bin/../share/yosys/cmp2lut.v
Parsing Verilog input from `/home/david/miniconda3/envs/digital/bin/../share/yosys/cmp2lut.v' to AST representation.
Generating RTLIL representation for module `\_90_lut_cmp_'.
Successfully finished Verilog frontend.

7.19.2. Continuing TECHMAP pass.
Using template $paramod$1040698f0de885a21719b5a2c9c5bd8b59f8c709\_90_lut_cmp_ for cells of type $ge.
Using template $paramod$e4c92889d88a2565010b877d9939a0ac6b8fc9a2\_90_lut_cmp_ for cells of type $gt.
No more expansions possible.

7.20. Executing OPT_EXPR pass (perform const folding).
Optimizing module BIN_BCD.

7.21. Executing OPT_CLEAN pass (remove unused cells and wires).
Finding unused cells or wires in module \BIN_BCD..
Removed 0 unused cells and 12 unused wires.

7.22. Executing TECHMAP pass (map to technology primitives).

7.22.1. Executing Verilog-2005 frontend: /home/david/miniconda3/envs/digital/bin/../share/yosys/mul2dsp.v
Parsing Verilog input from `/home/david/miniconda3/envs/digital/bin/../share/yosys/mul2dsp.v' to AST representation.
Generating RTLIL representation for module `\_80_mul'.
Generating RTLIL representation for module `\_90_soft_mul'.
Successfully finished Verilog frontend.

7.22.2. Executing Verilog-2005 frontend: /home/david/miniconda3/envs/digital/bin/../share/yosys/ecp5/dsp_map.v
Parsing Verilog input from `/home/david/miniconda3/envs/digital/bin/../share/yosys/ecp5/dsp_map.v' to AST representation.
Generating RTLIL representation for module `\$__MUL18X18'.
Successfully finished Verilog frontend.

7.22.3. Continuing TECHMAP pass.
No more expansions possible.

7.23. Executing ALUMACC pass (create $alu and $macc cells).
Extracting $alu and $macc cells in module BIN_BCD:
  creating $macc model for $flatten\comp0.$add$comp.v:17$237 ($add).
  creating $macc model for $flatten\comp1.$add$comp.v:17$237 ($add).
  creating $macc model for $flatten\comp2.$add$comp.v:17$237 ($add).
  creating $macc model for $flatten\cont0.$sub$cont.v:15$232 ($sub).
  creating $macc model for $flatten\control_BIN_BCD0.$add$control_BIN_BCD.v:77$227 ($add).
  creating $alu model for $macc $flatten\control_BIN_BCD0.$add$control_BIN_BCD.v:77$227.
  creating $alu model for $macc $flatten\cont0.$sub$cont.v:15$232.
  creating $alu model for $macc $flatten\comp2.$add$comp.v:17$237.
  creating $alu model for $macc $flatten\comp1.$add$comp.v:17$237.
  creating $alu model for $macc $flatten\comp0.$add$comp.v:17$237.
  creating $alu cell for $flatten\comp0.$add$comp.v:17$237: $auto$alumacc.cc:485:replace_alu$444
  creating $alu cell for $flatten\comp1.$add$comp.v:17$237: $auto$alumacc.cc:485:replace_alu$447
  creating $alu cell for $flatten\comp2.$add$comp.v:17$237: $auto$alumacc.cc:485:replace_alu$450
  creating $alu cell for $flatten\cont0.$sub$cont.v:15$232: $auto$alumacc.cc:485:replace_alu$453
  creating $alu cell for $flatten\control_BIN_BCD0.$add$control_BIN_BCD.v:77$227: $auto$alumacc.cc:485:replace_alu$456
  created 5 $alu and 0 $macc cells.

7.24. Executing OPT pass (performing simple optimizations).

7.24.1. Executing OPT_EXPR pass (perform const folding).
Optimizing module BIN_BCD.

7.24.2. Executing OPT_MERGE pass (detect identical cells).
Finding identical cells in module `\BIN_BCD'.
Removed a total of 0 cells.

7.24.3. Executing OPT_MUXTREE pass (detect dead branches in mux trees).
Running muxtree optimizer on module \BIN_BCD..
  Creating internal representation of mux trees.
  Evaluating internal representation of mux trees.
  Analyzing evaluation results.
Removed 0 multiplexer ports.

7.24.4. Executing OPT_REDUCE pass (consolidate $*mux and $reduce_* inputs).
  Optimizing cells in module \BIN_BCD.
Performed a total of 0 changes.

7.24.5. Executing OPT_MERGE pass (detect identical cells).
Finding identical cells in module `\BIN_BCD'.
Removed a total of 0 cells.

7.24.6. Executing OPT_DFF pass (perform DFF optimizations).

7.24.7. Executing OPT_CLEAN pass (remove unused cells and wires).
Finding unused cells or wires in module \BIN_BCD..

7.24.8. Executing OPT_EXPR pass (perform const folding).
Optimizing module BIN_BCD.

7.24.9. Finished OPT passes. (There is nothing left to do.)

7.25. Executing MEMORY pass.

7.25.1. Executing OPT_MEM pass (optimize memories).
Performed a total of 0 transformations.

7.25.2. Executing OPT_MEM_PRIORITY pass (removing unnecessary memory write priority relations).
Performed a total of 0 transformations.

7.25.3. Executing OPT_MEM_FEEDBACK pass (finding memory read-to-write feedback paths).

7.25.4. Executing MEMORY_BMUX2ROM pass (converting muxes to ROMs).

7.25.5. Executing MEMORY_DFF pass (merging $dff cells to $memrd).
Checking read port `$flatten\control_BIN_BCD0.$auto$proc_rom.cc:150:do_switch$242'[0] in module `\BIN_BCD': no output FF found.
Checking read port address `$flatten\control_BIN_BCD0.$auto$proc_rom.cc:150:do_switch$242'[0] in module `\BIN_BCD': address FF has fully-defined init value, not supported.

7.25.6. Executing OPT_CLEAN pass (remove unused cells and wires).
Finding unused cells or wires in module \BIN_BCD..

7.25.7. Executing MEMORY_SHARE pass (consolidating $memrd/$memwr cells).

7.25.8. Executing OPT_MEM_WIDEN pass (optimize memories where all ports are wide).
Performed a total of 0 transformations.

7.25.9. Executing OPT_CLEAN pass (remove unused cells and wires).
Finding unused cells or wires in module \BIN_BCD..

7.25.10. Executing MEMORY_COLLECT pass (generating $mem cells).

7.26. Executing OPT_CLEAN pass (remove unused cells and wires).
Finding unused cells or wires in module \BIN_BCD..

7.27. Executing MEMORY_LIBMAP pass (mapping memories to cells).
using FF mapping for memory BIN_BCD.$flatten\control_BIN_BCD0.$auto$proc_rom.cc:150:do_switch$242

7.28. Executing TECHMAP pass (map to technology primitives).

7.28.1. Executing Verilog-2005 frontend: /home/david/miniconda3/envs/digital/bin/../share/yosys/ecp5/lutrams_map.v
Parsing Verilog input from `/home/david/miniconda3/envs/digital/bin/../share/yosys/ecp5/lutrams_map.v' to AST representation.
Generating RTLIL representation for module `\$__TRELLIS_DPR16X4_'.
Successfully finished Verilog frontend.

7.28.2. Executing Verilog-2005 frontend: /home/david/miniconda3/envs/digital/bin/../share/yosys/ecp5/brams_map.v
Parsing Verilog input from `/home/david/miniconda3/envs/digital/bin/../share/yosys/ecp5/brams_map.v' to AST representation.
Generating RTLIL representation for module `\$__ECP5_DP16KD_'.
Generating RTLIL representation for module `\$__ECP5_PDPW16KD_'.
Successfully finished Verilog frontend.

7.28.3. Continuing TECHMAP pass.
No more expansions possible.

7.29. Executing OPT pass (performing simple optimizations).

7.29.1. Executing OPT_EXPR pass (perform const folding).
Optimizing module BIN_BCD.

7.29.2. Executing OPT_MERGE pass (detect identical cells).
Finding identical cells in module `\BIN_BCD'.
Removed a total of 0 cells.

7.29.3. Executing OPT_DFF pass (perform DFF optimizations).
Adding SRST signal on $auto$ff.cc:266:slice$404 ($dffe) from module BIN_BCD (D = $techmap443$flatten\control_BIN_BCD0.$gt$control_BIN_BCD.v:78$228.A, Q = \control_BIN_BCD0.count, rval = 4'0000).

7.29.4. Executing OPT_CLEAN pass (remove unused cells and wires).
Finding unused cells or wires in module \BIN_BCD..
Removed 2 unused cells and 7 unused wires.

7.29.5. Rerunning OPT passes. (Removed registers in this run.)

7.29.6. Executing OPT_EXPR pass (perform const folding).
Optimizing module BIN_BCD.

7.29.7. Executing OPT_MERGE pass (detect identical cells).
Finding identical cells in module `\BIN_BCD'.
Removed a total of 0 cells.

7.29.8. Executing OPT_DFF pass (perform DFF optimizations).

7.29.9. Executing OPT_CLEAN pass (remove unused cells and wires).
Finding unused cells or wires in module \BIN_BCD..

7.29.10. Finished fast OPT passes.

7.30. Executing MEMORY_MAP pass (converting memories to logic and flip-flops).
Mapping memory $flatten\control_BIN_BCD0.$auto$proc_rom.cc:150:do_switch$242 in module \BIN_BCD:
  created 8 $dff cells and 0 static cells of width 6.
  read interface: 0 $dff and 7 $mux cells.
  write interface: 0 write mux blocks.

7.31. Executing OPT pass (performing simple optimizations).

7.31.1. Executing OPT_EXPR pass (perform const folding).
Optimizing module BIN_BCD.

7.31.2. Executing OPT_MERGE pass (detect identical cells).
Finding identical cells in module `\BIN_BCD'.
Removed a total of 0 cells.

7.31.3. Executing OPT_MUXTREE pass (detect dead branches in mux trees).
Running muxtree optimizer on module \BIN_BCD..
  Creating internal representation of mux trees.
  Evaluating internal representation of mux trees.
  Analyzing evaluation results.
Removed 0 multiplexer ports.

7.31.4. Executing OPT_REDUCE pass (consolidate $*mux and $reduce_* inputs).
  Optimizing cells in module \BIN_BCD.
    Consolidated identical input bits for $mux cell $memory$flatten\control_BIN_BCD0.$auto$proc_rom.cc:150:do_switch$242$rdmux[0][2][2]$607:
      Old ports: A=6'000000, B=6'000100, Y=$memory$flatten\control_BIN_BCD0.$auto$proc_rom.cc:150:do_switch$242$rdmux[0][1][1]$a$599
      New ports: A=1'0, B=1'1, Y=$memory$flatten\control_BIN_BCD0.$auto$proc_rom.cc:150:do_switch$242$rdmux[0][1][1]$a$599 [2]
      New connections: { $memory$flatten\control_BIN_BCD0.$auto$proc_rom.cc:150:do_switch$242$rdmux[0][1][1]$a$599 [5:3] $memory$flatten\control_BIN_BCD0.$auto$proc_rom.cc:150:do_switch$242$rdmux[0][1][1]$a$599 [1:0] } = 5'00000
    Consolidated identical input bits for $mux cell $memory$flatten\control_BIN_BCD0.$auto$proc_rom.cc:150:do_switch$242$rdmux[0][2][1]$604:
      Old ports: A=6'010000, B=6'000010, Y=$memory$flatten\control_BIN_BCD0.$auto$proc_rom.cc:150:do_switch$242$rdmux[0][1][0]$b$597
      New ports: A=2'10, B=2'01, Y={ $memory$flatten\control_BIN_BCD0.$auto$proc_rom.cc:150:do_switch$242$rdmux[0][1][0]$b$597 [4] $memory$flatten\control_BIN_BCD0.$auto$proc_rom.cc:150:do_switch$242$rdmux[0][1][0]$b$597 [1] }
      New connections: { $memory$flatten\control_BIN_BCD0.$auto$proc_rom.cc:150:do_switch$242$rdmux[0][1][0]$b$597 [5] $memory$flatten\control_BIN_BCD0.$auto$proc_rom.cc:150:do_switch$242$rdmux[0][1][0]$b$597 [3:2] $memory$flatten\control_BIN_BCD0.$auto$proc_rom.cc:150:do_switch$242$rdmux[0][1][0]$b$597 [0] } = 4'0000
    Consolidated identical input bits for $mux cell $memory$flatten\control_BIN_BCD0.$auto$proc_rom.cc:150:do_switch$242$rdmux[0][2][0]$601:
      Old ports: A=6'000001, B=6'001000, Y=$memory$flatten\control_BIN_BCD0.$auto$proc_rom.cc:150:do_switch$242$rdmux[0][1][0]$a$596
      New ports: A=2'01, B=2'10, Y={ $memory$flatten\control_BIN_BCD0.$auto$proc_rom.cc:150:do_switch$242$rdmux[0][1][0]$a$596 [3] $memory$flatten\control_BIN_BCD0.$auto$proc_rom.cc:150:do_switch$242$rdmux[0][1][0]$a$596 [0] }
      New connections: { $memory$flatten\control_BIN_BCD0.$auto$proc_rom.cc:150:do_switch$242$rdmux[0][1][0]$a$596 [5:4] $memory$flatten\control_BIN_BCD0.$auto$proc_rom.cc:150:do_switch$242$rdmux[0][1][0]$a$596 [2:1] } = 4'0000
    Consolidated identical input bits for $mux cell $memory$flatten\control_BIN_BCD0.$auto$proc_rom.cc:150:do_switch$242$rdmux[0][2][3]$610:
      Old ports: A=6'000000, B=6'100000, Y=$memory$flatten\control_BIN_BCD0.$auto$proc_rom.cc:150:do_switch$242$rdmux[0][1][1]$b$600
      New ports: A=1'0, B=1'1, Y=$memory$flatten\control_BIN_BCD0.$auto$proc_rom.cc:150:do_switch$242$rdmux[0][1][1]$b$600 [5]
      New connections: $memory$flatten\control_BIN_BCD0.$auto$proc_rom.cc:150:do_switch$242$rdmux[0][1][1]$b$600 [4:0] = 5'00000
    Consolidated identical input bits for $mux cell $flatten\control_BIN_BCD0.$procmux$327:
      Old ports: A=3'111, B=3'000, Y=$flatten\control_BIN_BCD0.$5\state[2:0]
      New ports: A=1'1, B=1'0, Y=$flatten\control_BIN_BCD0.$5\state[2:0] [0]
      New connections: $flatten\control_BIN_BCD0.$5\state[2:0] [2:1] = { $flatten\control_BIN_BCD0.$5\state[2:0] [0] $flatten\control_BIN_BCD0.$5\state[2:0] [0] }
    Consolidated identical input bits for $mux cell $flatten\control_BIN_BCD0.$procmux$336:
      Old ports: A=3'001, B=3'111, Y=$flatten\control_BIN_BCD0.$4\state[2:0]
      New ports: A=1'0, B=1'1, Y=$flatten\control_BIN_BCD0.$4\state[2:0] [1]
      New connections: { $flatten\control_BIN_BCD0.$4\state[2:0] [2] $flatten\control_BIN_BCD0.$4\state[2:0] [0] } = { $flatten\control_BIN_BCD0.$4\state[2:0] [1] 1'1 }
  Optimizing cells in module \BIN_BCD.
    Consolidated identical input bits for $mux cell $memory$flatten\control_BIN_BCD0.$auto$proc_rom.cc:150:do_switch$242$rdmux[0][1][1]$598:
      Old ports: A=$memory$flatten\control_BIN_BCD0.$auto$proc_rom.cc:150:do_switch$242$rdmux[0][1][1]$a$599, B=$memory$flatten\control_BIN_BCD0.$auto$proc_rom.cc:150:do_switch$242$rdmux[0][1][1]$b$600, Y=$memory$flatten\control_BIN_BCD0.$auto$proc_rom.cc:150:do_switch$242$rdmux[0][0][0]$b$594
      New ports: A={ 1'0 $memory$flatten\control_BIN_BCD0.$auto$proc_rom.cc:150:do_switch$242$rdmux[0][1][1]$a$599 [2] }, B={ $memory$flatten\control_BIN_BCD0.$auto$proc_rom.cc:150:do_switch$242$rdmux[0][1][1]$b$600 [5] 1'0 }, Y={ $memory$flatten\control_BIN_BCD0.$auto$proc_rom.cc:150:do_switch$242$rdmux[0][0][0]$b$594 [5] $memory$flatten\control_BIN_BCD0.$auto$proc_rom.cc:150:do_switch$242$rdmux[0][0][0]$b$594 [2] }
      New connections: { $memory$flatten\control_BIN_BCD0.$auto$proc_rom.cc:150:do_switch$242$rdmux[0][0][0]$b$594 [4:3] $memory$flatten\control_BIN_BCD0.$auto$proc_rom.cc:150:do_switch$242$rdmux[0][0][0]$b$594 [1:0] } = 4'0000
    Consolidated identical input bits for $mux cell $memory$flatten\control_BIN_BCD0.$auto$proc_rom.cc:150:do_switch$242$rdmux[0][1][0]$595:
      Old ports: A=$memory$flatten\control_BIN_BCD0.$auto$proc_rom.cc:150:do_switch$242$rdmux[0][1][0]$a$596, B=$memory$flatten\control_BIN_BCD0.$auto$proc_rom.cc:150:do_switch$242$rdmux[0][1][0]$b$597, Y=$memory$flatten\control_BIN_BCD0.$auto$proc_rom.cc:150:do_switch$242$rdmux[0][0][0]$a$593
      New ports: A={ 1'0 $memory$flatten\control_BIN_BCD0.$auto$proc_rom.cc:150:do_switch$242$rdmux[0][1][0]$a$596 [3] 1'0 $memory$flatten\control_BIN_BCD0.$auto$proc_rom.cc:150:do_switch$242$rdmux[0][1][0]$a$596 [0] }, B={ $memory$flatten\control_BIN_BCD0.$auto$proc_rom.cc:150:do_switch$242$rdmux[0][1][0]$b$597 [4] 1'0 $memory$flatten\control_BIN_BCD0.$auto$proc_rom.cc:150:do_switch$242$rdmux[0][1][0]$b$597 [1] 1'0 }, Y={ $memory$flatten\control_BIN_BCD0.$auto$proc_rom.cc:150:do_switch$242$rdmux[0][0][0]$a$593 [4:3] $memory$flatten\control_BIN_BCD0.$auto$proc_rom.cc:150:do_switch$242$rdmux[0][0][0]$a$593 [1:0] }
      New connections: { $memory$flatten\control_BIN_BCD0.$auto$proc_rom.cc:150:do_switch$242$rdmux[0][0][0]$a$593 [5] $memory$flatten\control_BIN_BCD0.$auto$proc_rom.cc:150:do_switch$242$rdmux[0][0][0]$a$593 [2] } = 2'00
  Optimizing cells in module \BIN_BCD.
Performed a total of 8 changes.

7.31.5. Executing OPT_MERGE pass (detect identical cells).
Finding identical cells in module `\BIN_BCD'.
Removed a total of 1 cells.

7.31.6. Executing OPT_DFF pass (perform DFF optimizations).

7.31.7. Executing OPT_CLEAN pass (remove unused cells and wires).
Finding unused cells or wires in module \BIN_BCD..
Removed 0 unused cells and 9 unused wires.

7.31.8. Executing OPT_EXPR pass (perform const folding).
Optimizing module BIN_BCD.

7.31.9. Rerunning OPT passes. (Maybe there is more to do..)

7.31.10. Executing OPT_MUXTREE pass (detect dead branches in mux trees).
Running muxtree optimizer on module \BIN_BCD..
  Creating internal representation of mux trees.
  Evaluating internal representation of mux trees.
  Analyzing evaluation results.
Removed 0 multiplexer ports.

7.31.11. Executing OPT_REDUCE pass (consolidate $*mux and $reduce_* inputs).
  Optimizing cells in module \BIN_BCD.
Performed a total of 0 changes.

7.31.12. Executing OPT_MERGE pass (detect identical cells).
Finding identical cells in module `\BIN_BCD'.
Removed a total of 0 cells.

7.31.13. Executing OPT_DFF pass (perform DFF optimizations).

7.31.14. Executing OPT_CLEAN pass (remove unused cells and wires).
Finding unused cells or wires in module \BIN_BCD..

7.31.15. Executing OPT_EXPR pass (perform const folding).
Optimizing module BIN_BCD.

7.31.16. Finished OPT passes. (There is nothing left to do.)

7.32. Executing TECHMAP pass (map to technology primitives).

7.32.1. Executing Verilog-2005 frontend: /home/david/miniconda3/envs/digital/bin/../share/yosys/techmap.v
Parsing Verilog input from `/home/david/miniconda3/envs/digital/bin/../share/yosys/techmap.v' to AST representation.
Generating RTLIL representation for module `\_90_simplemap_bool_ops'.
Generating RTLIL representation for module `\_90_simplemap_reduce_ops'.
Generating RTLIL representation for module `\_90_simplemap_logic_ops'.
Generating RTLIL representation for module `\_90_simplemap_compare_ops'.
Generating RTLIL representation for module `\_90_simplemap_various'.
Generating RTLIL representation for module `\_90_simplemap_registers'.
Generating RTLIL representation for module `\_90_shift_ops_shr_shl_sshl_sshr'.
Generating RTLIL representation for module `\_90_shift_shiftx'.
Generating RTLIL representation for module `\_90_fa'.
Generating RTLIL representation for module `\_90_lcu'.
Generating RTLIL representation for module `\_90_alu'.
Generating RTLIL representation for module `\_90_macc'.
Generating RTLIL representation for module `\_90_alumacc'.
Generating RTLIL representation for module `\$__div_mod_u'.
Generating RTLIL representation for module `\$__div_mod_trunc'.
Generating RTLIL representation for module `\_90_div'.
Generating RTLIL representation for module `\_90_mod'.
Generating RTLIL representation for module `\$__div_mod_floor'.
Generating RTLIL representation for module `\_90_divfloor'.
Generating RTLIL representation for module `\_90_modfloor'.
Generating RTLIL representation for module `\_90_pow'.
Generating RTLIL representation for module `\_90_pmux'.
Generating RTLIL representation for module `\_90_demux'.
Generating RTLIL representation for module `\_90_lut'.
Successfully finished Verilog frontend.

7.32.2. Executing Verilog-2005 frontend: /home/david/miniconda3/envs/digital/bin/../share/yosys/ecp5/arith_map.v
Parsing Verilog input from `/home/david/miniconda3/envs/digital/bin/../share/yosys/ecp5/arith_map.v' to AST representation.
Generating RTLIL representation for module `\_80_ecp5_alu'.
Successfully finished Verilog frontend.

7.32.3. Continuing TECHMAP pass.
Using extmapper simplemap for cells of type $mux.
Using extmapper simplemap for cells of type $lut.
Using extmapper simplemap for cells of type $not.
Using template $paramod$f85408ed1aa3d09e465edae8a7bf590332ae9f7b\_90_alu for cells of type $alu.
Using extmapper simplemap for cells of type $sdffe.
Using extmapper simplemap for cells of type $reduce_bool.
Using extmapper simplemap for cells of type $reduce_and.
Using extmapper simplemap for cells of type $dffe.
Using template $paramod$8742280fdebca84e1c87f2a86ed84f62d558f4cc\_90_alu for cells of type $alu.
Using extmapper simplemap for cells of type $sdff.
Using extmapper simplemap for cells of type $dff.
Using extmapper simplemap for cells of type $logic_not.
Using template $paramod$32a7b7b86c07519b7537abc18e96f0331f97914d\_90_alu for cells of type $alu.
Using extmapper simplemap for cells of type $reduce_or.
Using extmapper simplemap for cells of type $eq.
Using template $paramod$a285b5a57fe61eabc57c91b8c412748ee1151a85\_90_pmux for cells of type $pmux.
Using extmapper simplemap for cells of type $sdffce.
Using extmapper simplemap for cells of type $and.
Using extmapper simplemap for cells of type $xor.
Using extmapper simplemap for cells of type $pos.
Using template $paramod\_90_lcu\WIDTH=32'00000000000000000000000000000100 for cells of type $lcu.
Using extmapper simplemap for cells of type $or.
No more expansions possible.

7.33. Executing OPT pass (performing simple optimizations).

7.33.1. Executing OPT_EXPR pass (perform const folding).
Optimizing module BIN_BCD.

7.33.2. Executing OPT_MERGE pass (detect identical cells).
Finding identical cells in module `\BIN_BCD'.
Removed a total of 29 cells.

7.33.3. Executing OPT_DFF pass (perform DFF optimizations).

7.33.4. Executing OPT_CLEAN pass (remove unused cells and wires).
Finding unused cells or wires in module \BIN_BCD..
Removed 24 unused cells and 241 unused wires.

7.33.5. Finished fast OPT passes.

7.34. Executing OPT_CLEAN pass (remove unused cells and wires).
Finding unused cells or wires in module \BIN_BCD..

7.35. Executing DFFLEGALIZE pass (convert FFs to types supported by the target).

7.36. Executing TECHMAP pass (map to technology primitives).

7.36.1. Executing Verilog-2005 frontend: /home/david/miniconda3/envs/digital/bin/../share/yosys/ecp5/cells_map.v
Parsing Verilog input from `/home/david/miniconda3/envs/digital/bin/../share/yosys/ecp5/cells_map.v' to AST representation.
Generating RTLIL representation for module `\$_DFF_N_'.
Generating RTLIL representation for module `\$_DFF_P_'.
Generating RTLIL representation for module `\$_DFFE_NN_'.
Generating RTLIL representation for module `\$_DFFE_PN_'.
Generating RTLIL representation for module `\$_DFFE_NP_'.
Generating RTLIL representation for module `\$_DFFE_PP_'.
Generating RTLIL representation for module `\$_DFF_NP0_'.
Generating RTLIL representation for module `\$_DFF_NP1_'.
Generating RTLIL representation for module `\$_DFF_PP0_'.
Generating RTLIL representation for module `\$_DFF_PP1_'.
Generating RTLIL representation for module `\$_SDFF_NP0_'.
Generating RTLIL representation for module `\$_SDFF_NP1_'.
Generating RTLIL representation for module `\$_SDFF_PP0_'.
Generating RTLIL representation for module `\$_SDFF_PP1_'.
Generating RTLIL representation for module `\$_DFFE_NP0P_'.
Generating RTLIL representation for module `\$_DFFE_NP1P_'.
Generating RTLIL representation for module `\$_DFFE_PP0P_'.
Generating RTLIL representation for module `\$_DFFE_PP1P_'.
Generating RTLIL representation for module `\$_DFFE_NP0N_'.
Generating RTLIL representation for module `\$_DFFE_NP1N_'.
Generating RTLIL representation for module `\$_DFFE_PP0N_'.
Generating RTLIL representation for module `\$_DFFE_PP1N_'.
Generating RTLIL representation for module `\$_SDFFE_NP0P_'.
Generating RTLIL representation for module `\$_SDFFE_NP1P_'.
Generating RTLIL representation for module `\$_SDFFE_PP0P_'.
Generating RTLIL representation for module `\$_SDFFE_PP1P_'.
Generating RTLIL representation for module `\$_SDFFE_NP0N_'.
Generating RTLIL representation for module `\$_SDFFE_NP1N_'.
Generating RTLIL representation for module `\$_SDFFE_PP0N_'.
Generating RTLIL representation for module `\$_SDFFE_PP1N_'.
Generating RTLIL representation for module `\$_ALDFF_NP_'.
Generating RTLIL representation for module `\$_ALDFF_PP_'.
Generating RTLIL representation for module `\$_ALDFFE_NPN_'.
Generating RTLIL representation for module `\$_ALDFFE_NPP_'.
Generating RTLIL representation for module `\$_ALDFFE_PPN_'.
Generating RTLIL representation for module `\$_ALDFFE_PPP_'.
Generating RTLIL representation for module `\FD1P3AX'.
Generating RTLIL representation for module `\FD1P3AY'.
Generating RTLIL representation for module `\FD1P3BX'.
Generating RTLIL representation for module `\FD1P3DX'.
Generating RTLIL representation for module `\FD1P3IX'.
Generating RTLIL representation for module `\FD1P3JX'.
Generating RTLIL representation for module `\FD1S3AX'.
Generating RTLIL representation for module `\FD1S3AY'.
Generating RTLIL representation for module `\FD1S3BX'.
Generating RTLIL representation for module `\FD1S3DX'.
Generating RTLIL representation for module `\FD1S3IX'.
Generating RTLIL representation for module `\FD1S3JX'.
Generating RTLIL representation for module `\IFS1P3BX'.
Generating RTLIL representation for module `\IFS1P3DX'.
Generating RTLIL representation for module `\IFS1P3IX'.
Generating RTLIL representation for module `\IFS1P3JX'.
Generating RTLIL representation for module `\OFS1P3BX'.
Generating RTLIL representation for module `\OFS1P3DX'.
Generating RTLIL representation for module `\OFS1P3IX'.
Generating RTLIL representation for module `\OFS1P3JX'.
Generating RTLIL representation for module `\IB'.
Generating RTLIL representation for module `\IBPU'.
Generating RTLIL representation for module `\IBPD'.
Generating RTLIL representation for module `\OB'.
Generating RTLIL representation for module `\OBZ'.
Generating RTLIL representation for module `\OBZPU'.
Generating RTLIL representation for module `\OBZPD'.
Generating RTLIL representation for module `\OBCO'.
Generating RTLIL representation for module `\BB'.
Generating RTLIL representation for module `\BBPU'.
Generating RTLIL representation for module `\BBPD'.
Generating RTLIL representation for module `\ILVDS'.
Generating RTLIL representation for module `\OLVDS'.
Successfully finished Verilog frontend.

7.36.2. Continuing TECHMAP pass.
Using template \$_SDFFE_NP0P_ for cells of type $_SDFFE_NP0P_.
Using template $paramod\$_DFF_P_\_TECHMAP_WIREINIT_Q_=1'x for cells of type $_DFF_P_.
Using template \$_SDFFE_PP1P_ for cells of type $_SDFFE_PP1P_.
Using template $paramod\$_DFF_N_\_TECHMAP_WIREINIT_Q_=1'0 for cells of type $_DFF_N_.
Using template \$_SDFF_PP0_ for cells of type $_SDFF_PP0_.
Using template $paramod\$_DFFE_NP_\_TECHMAP_WIREINIT_Q_=1'0 for cells of type $_DFFE_NP_.
Using template $paramod\$_DFFE_NP_\_TECHMAP_WIREINIT_Q_=1'x for cells of type $_DFFE_NP_.
Using template \$_SDFF_NP0_ for cells of type $_SDFF_NP0_.
Using template \$_SDFFE_PP0P_ for cells of type $_SDFFE_PP0P_.
No more expansions possible.

7.37. Executing OPT_EXPR pass (perform const folding).
Optimizing module BIN_BCD.

7.38. Executing SIMPLEMAP pass (map simple cells to gate primitives).

7.39. Executing LATTICE_GSR pass (implement FF init values).
Handling GSR in BIN_BCD.

7.40. Executing ATTRMVCP pass (move or copy attributes).

7.41. Executing OPT_CLEAN pass (remove unused cells and wires).
Finding unused cells or wires in module \BIN_BCD..
Removed 0 unused cells and 255 unused wires.

7.42. Executing TECHMAP pass (map to technology primitives).

7.42.1. Executing Verilog-2005 frontend: /home/david/miniconda3/envs/digital/bin/../share/yosys/ecp5/latches_map.v
Parsing Verilog input from `/home/david/miniconda3/envs/digital/bin/../share/yosys/ecp5/latches_map.v' to AST representation.
Generating RTLIL representation for module `\$_DLATCH_N_'.
Generating RTLIL representation for module `\$_DLATCH_P_'.
Successfully finished Verilog frontend.

7.42.2. Continuing TECHMAP pass.
No more expansions possible.

7.43. Executing ABC pass (technology mapping using ABC).

7.43.1. Extracting gate netlist of module `\BIN_BCD' to `<abc-temp-dir>/input.blif'..
Extracted 200 gates and 264 wires to a netlist network with 62 inputs and 63 outputs.

7.43.1.1. Executing ABC.
Running ABC command: "<yosys-exe-dir>/yosys-abc" -s -f <abc-temp-dir>/abc.script 2>&1
ABC: ABC command line: "source <abc-temp-dir>/abc.script".
ABC: 
ABC: + read_blif <abc-temp-dir>/input.blif 
ABC: + read_lut <abc-temp-dir>/lutdefs.txt 
ABC: + strash 
ABC: + &get -n 
ABC: + &fraig -x 
ABC: + &put 
ABC: + scorr 
ABC: Warning: The network is combinational (run "fraig" or "fraig_sweep").
ABC: + dc2 
ABC: + dretime 
ABC: + strash 
ABC: + dch -f 
ABC: + if 
ABC: + mfs2 
ABC: + dress <abc-temp-dir>/input.blif 
ABC: Total number of equiv classes                =      81.
ABC: Participating nodes from both networks       =     180.
ABC: Participating nodes from the first network   =      83. (  97.65 % of nodes)
ABC: Participating nodes from the second network  =      97. ( 114.12 % of nodes)
ABC: Node pairs (any polarity)                    =      83. (  97.65 % of names can be moved)
ABC: Node pairs (same polarity)                   =      65. (  76.47 % of names can be moved)
ABC: Total runtime =     0.02 sec
ABC: + write_blif <abc-temp-dir>/output.blif 

7.43.1.2. Re-integrating ABC results.
ABC RESULTS:              $lut cells:       84
ABC RESULTS:        internal signals:      139
ABC RESULTS:           input signals:       62
ABC RESULTS:          output signals:       63
Removing temp directory.
Removed 0 unused cells and 171 unused wires.

7.44. Executing TECHMAP pass (map to technology primitives).

7.44.1. Executing Verilog-2005 frontend: /home/david/miniconda3/envs/digital/bin/../share/yosys/ecp5/cells_map.v
Parsing Verilog input from `/home/david/miniconda3/envs/digital/bin/../share/yosys/ecp5/cells_map.v' to AST representation.
Generating RTLIL representation for module `\$_DFF_N_'.
Generating RTLIL representation for module `\$_DFF_P_'.
Generating RTLIL representation for module `\$_DFFE_NN_'.
Generating RTLIL representation for module `\$_DFFE_PN_'.
Generating RTLIL representation for module `\$_DFFE_NP_'.
Generating RTLIL representation for module `\$_DFFE_PP_'.
Generating RTLIL representation for module `\$_DFF_NP0_'.
Generating RTLIL representation for module `\$_DFF_NP1_'.
Generating RTLIL representation for module `\$_DFF_PP0_'.
Generating RTLIL representation for module `\$_DFF_PP1_'.
Generating RTLIL representation for module `\$_SDFF_NP0_'.
Generating RTLIL representation for module `\$_SDFF_NP1_'.
Generating RTLIL representation for module `\$_SDFF_PP0_'.
Generating RTLIL representation for module `\$_SDFF_PP1_'.
Generating RTLIL representation for module `\$_DFFE_NP0P_'.
Generating RTLIL representation for module `\$_DFFE_NP1P_'.
Generating RTLIL representation for module `\$_DFFE_PP0P_'.
Generating RTLIL representation for module `\$_DFFE_PP1P_'.
Generating RTLIL representation for module `\$_DFFE_NP0N_'.
Generating RTLIL representation for module `\$_DFFE_NP1N_'.
Generating RTLIL representation for module `\$_DFFE_PP0N_'.
Generating RTLIL representation for module `\$_DFFE_PP1N_'.
Generating RTLIL representation for module `\$_SDFFE_NP0P_'.
Generating RTLIL representation for module `\$_SDFFE_NP1P_'.
Generating RTLIL representation for module `\$_SDFFE_PP0P_'.
Generating RTLIL representation for module `\$_SDFFE_PP1P_'.
Generating RTLIL representation for module `\$_SDFFE_NP0N_'.
Generating RTLIL representation for module `\$_SDFFE_NP1N_'.
Generating RTLIL representation for module `\$_SDFFE_PP0N_'.
Generating RTLIL representation for module `\$_SDFFE_PP1N_'.
Generating RTLIL representation for module `\$_ALDFF_NP_'.
Generating RTLIL representation for module `\$_ALDFF_PP_'.
Generating RTLIL representation for module `\$_ALDFFE_NPN_'.
Generating RTLIL representation for module `\$_ALDFFE_NPP_'.
Generating RTLIL representation for module `\$_ALDFFE_PPN_'.
Generating RTLIL representation for module `\$_ALDFFE_PPP_'.
Generating RTLIL representation for module `\FD1P3AX'.
Generating RTLIL representation for module `\FD1P3AY'.
Generating RTLIL representation for module `\FD1P3BX'.
Generating RTLIL representation for module `\FD1P3DX'.
Generating RTLIL representation for module `\FD1P3IX'.
Generating RTLIL representation for module `\FD1P3JX'.
Generating RTLIL representation for module `\FD1S3AX'.
Generating RTLIL representation for module `\FD1S3AY'.
Generating RTLIL representation for module `\FD1S3BX'.
Generating RTLIL representation for module `\FD1S3DX'.
Generating RTLIL representation for module `\FD1S3IX'.
Generating RTLIL representation for module `\FD1S3JX'.
Generating RTLIL representation for module `\IFS1P3BX'.
Generating RTLIL representation for module `\IFS1P3DX'.
Generating RTLIL representation for module `\IFS1P3IX'.
Generating RTLIL representation for module `\IFS1P3JX'.
Generating RTLIL representation for module `\OFS1P3BX'.
Generating RTLIL representation for module `\OFS1P3DX'.
Generating RTLIL representation for module `\OFS1P3IX'.
Generating RTLIL representation for module `\OFS1P3JX'.
Generating RTLIL representation for module `\IB'.
Generating RTLIL representation for module `\IBPU'.
Generating RTLIL representation for module `\IBPD'.
Generating RTLIL representation for module `\OB'.
Generating RTLIL representation for module `\OBZ'.
Generating RTLIL representation for module `\OBZPU'.
Generating RTLIL representation for module `\OBZPD'.
Generating RTLIL representation for module `\OBCO'.
Generating RTLIL representation for module `\BB'.
Generating RTLIL representation for module `\BBPU'.
Generating RTLIL representation for module `\BBPD'.
Generating RTLIL representation for module `\ILVDS'.
Generating RTLIL representation for module `\OLVDS'.
Generating RTLIL representation for module `\$lut'.
Successfully finished Verilog frontend.

7.44.2. Continuing TECHMAP pass.
Using template $paramod$698f19534fd4202ff7144bb418ddadd3bd697808\$lut for cells of type $lut.
Using template $paramod$e6d292e8a120b103bbc95c1207cef4ffaf5bbea9\$lut for cells of type $lut.
Using template $paramod\$lut\WIDTH=32'00000000000000000000000000000011\LUT=8'00000001 for cells of type $lut.
Using template $paramod\$lut\WIDTH=32'00000000000000000000000000000011\LUT=8'10101100 for cells of type $lut.
Using template $paramod\$lut\WIDTH=32'00000000000000000000000000000011\LUT=8'01000000 for cells of type $lut.
Using template $paramod$b90b71ea6794d4df9214a397ef660beae65050c1\$lut for cells of type $lut.
Using template $paramod$04f85d2dc32b543a25451973d6d8c27cddec4554\$lut for cells of type $lut.
Using template $paramod$c227f721a44fefdada39f6c9acbbd79680d6e12a\$lut for cells of type $lut.
Using template $paramod$d57205d09a6ca501d965ad55f376408ce83b8ae6\$lut for cells of type $lut.
Using template $paramod$5ae5d9174a1027727dd829f3e4da84d53e4cac94\$lut for cells of type $lut.
Using template $paramod$415b9dd3a15783ae56c103f189fd8e182f997441\$lut for cells of type $lut.
Using template $paramod\$lut\WIDTH=32'00000000000000000000000000000011\LUT=8'01111000 for cells of type $lut.
Using template $paramod$272652f6c6fbe9a75eff76e45cc7e2788835518b\$lut for cells of type $lut.
Using template $paramod\$lut\WIDTH=32'00000000000000000000000000000011\LUT=8'00010000 for cells of type $lut.
Using template $paramod\$lut\WIDTH=32'00000000000000000000000000000011\LUT=8'10100011 for cells of type $lut.
Using template $paramod\$lut\WIDTH=32'00000000000000000000000000000010\LUT=4'0100 for cells of type $lut.
Using template $paramod\$lut\WIDTH=32'00000000000000000000000000000010\LUT=4'0110 for cells of type $lut.
Using template $paramod$850120f9475f1c0d3fb2053a72eebfb1cfba27aa\$lut for cells of type $lut.
Using template $paramod\$lut\WIDTH=32'00000000000000000000000000000001\LUT=2'01 for cells of type $lut.
Using template $paramod\$lut\WIDTH=32'00000000000000000000000000000011\LUT=8'01010011 for cells of type $lut.
Using template $paramod\$lut\WIDTH=32'00000000000000000000000000000011\LUT=8'01011100 for cells of type $lut.
Using template $paramod$0b6f453804ac3801a209f5ac8dac5cb6800d4842\$lut for cells of type $lut.
Using template $paramod$7bb6a37e65823eeb4b38c370fec30ab082759a14\$lut for cells of type $lut.
Using template $paramod\$lut\WIDTH=32'00000000000000000000000000000011\LUT=8'10000000 for cells of type $lut.
Using template $paramod\$lut\WIDTH=32'00000000000000000000000000000011\LUT=8'00001110 for cells of type $lut.
Using template $paramod\$lut\WIDTH=32'00000000000000000000000000000011\LUT=8'01100000 for cells of type $lut.
Using template $paramod\$lut\WIDTH=32'00000000000000000000000000000010\LUT=4'1110 for cells of type $lut.
Using template $paramod\$lut\WIDTH=32'00000000000000000000000000000011\LUT=8'00010100 for cells of type $lut.
Using template $paramod\$lut\WIDTH=32'00000000000000000000000000000011\LUT=8'10110100 for cells of type $lut.
Using template $paramod$4fe95f26cdbe130c5f44b4f784cbc7a2ad0b9854\$lut for cells of type $lut.
Using template $paramod$8ed59c40901578af0f880d866acc67a9fca90ce3\$lut for cells of type $lut.
Using template $paramod$165ec7588cf66efffbe1eb79ecf571b64655cea6\$lut for cells of type $lut.
Using template $paramod$308edf5d6dd7908f659fe2d518f6e24471754244\$lut for cells of type $lut.
No more expansions possible.

7.45. Executing OPT_LUT_INS pass (discard unused LUT inputs).
Optimizing LUTs in BIN_BCD.
  Optimizing lut $abc$1451$auto$blifparse.cc:525:parse_blif$1469.genblk1.genblk1.genblk1.genblk1.genblk1.lut1 (4 -> 3)
  Optimizing lut $abc$1451$auto$blifparse.cc:525:parse_blif$1467.genblk1.genblk1.genblk1.genblk1.genblk1.lut1 (4 -> 3)
  Optimizing lut $abc$1451$auto$blifparse.cc:525:parse_blif$1515.genblk1.genblk1.genblk1.genblk1.genblk1.lut1 (4 -> 3)
  Optimizing lut $abc$1451$auto$blifparse.cc:525:parse_blif$1509.genblk1.genblk1.genblk1.genblk1.genblk1.lut1 (4 -> 3)
  Optimizing lut $abc$1451$auto$blifparse.cc:525:parse_blif$1470.genblk1.genblk1.genblk1.genblk1.genblk1.lut1 (4 -> 3)
  Optimizing lut $abc$1451$auto$blifparse.cc:525:parse_blif$1467.genblk1.genblk1.genblk1.genblk1.genblk1.lut0 (4 -> 3)
  Optimizing lut $abc$1451$auto$blifparse.cc:525:parse_blif$1513.genblk1.genblk1.genblk1.genblk1.genblk1.lut1 (4 -> 3)
  Optimizing lut $abc$1451$auto$blifparse.cc:525:parse_blif$1469.genblk1.genblk1.genblk1.genblk1.genblk1.lut0 (4 -> 3)
  Optimizing lut $abc$1451$auto$blifparse.cc:525:parse_blif$1470.genblk1.genblk1.genblk1.genblk1.genblk1.lut0 (4 -> 3)
  Optimizing lut $abc$1451$auto$blifparse.cc:525:parse_blif$1452.genblk1.genblk1.genblk1.genblk1.genblk1.lut1 (4 -> 0)
  Optimizing lut $abc$1451$auto$blifparse.cc:525:parse_blif$1510.genblk1.genblk1.genblk1.genblk1.genblk1.lut0 (4 -> 3)
  Optimizing lut $abc$1451$auto$blifparse.cc:525:parse_blif$1514.genblk1.genblk1.genblk1.genblk1.genblk1.lut0 (4 -> 3)
  Optimizing lut $abc$1451$auto$blifparse.cc:525:parse_blif$1518.genblk1.genblk1.genblk1.genblk1.genblk1.lut0 (4 -> 3)
  Optimizing lut $abc$1451$auto$blifparse.cc:525:parse_blif$1511.genblk1.genblk1.genblk1.genblk1.genblk1.lut1 (4 -> 3)
  Optimizing lut $abc$1451$auto$blifparse.cc:525:parse_blif$1519.genblk1.genblk1.genblk1.genblk1.genblk1.lut1 (4 -> 3)
  Optimizing lut $abc$1451$auto$blifparse.cc:525:parse_blif$1517.genblk1.genblk1.genblk1.genblk1.genblk1.lut1 (4 -> 3)
Removed 0 unused cells and 175 unused wires.

7.46. Executing AUTONAME pass.
Renamed 2109 objects in module BIN_BCD (19 iterations).

7.47. Executing HIERARCHY pass (managing design hierarchy).

7.47.1. Analyzing design hierarchy..
Top module:  \BIN_BCD

7.47.2. Analyzing design hierarchy..
Top module:  \BIN_BCD
Removed 0 unused modules.

7.48. Printing statistics.

=== BIN_BCD ===

   Number of wires:                193
   Number of wire bits:            365
   Number of public wires:         193
   Number of public wire bits:     365
   Number of memories:               0
   Number of memory bits:            0
   Number of processes:              0
   Number of cells:                208
     LUT4                          120
     PFUMX                          36
     TRELLIS_FF                     52

7.49. Executing CHECK pass (checking for obvious problems).
Checking module BIN_BCD...
Found and reported 0 problems.

7.50. Executing JSON backend.

8. Executing Verilog backend.

8.1. Executing BMUXMAP pass.

8.2. Executing DEMUXMAP pass.
Dumping module `\BIN_BCD'.

End of script. Logfile hash: d03056ee78, CPU: user 1.37s system 0.06s, MEM: 31.98 MB peak
Yosys 0.33+6 (git sha1 41b34a193, x86_64-conda-linux-gnu-cc 11.2.0 -fvisibility-inlines-hidden -fmessage-length=0 -march=nocona -mtune=haswell -ftree-vectorize -fPIC -fstack-protector-strong -fno-plt -O2 -ffunction-sections -fdebug-prefix-map=/root/conda-eda/conda-eda/workdir/conda-env/conda-bld/yosys_1694128612374/work=/usr/local/src/conda/yosys-0.33_7_g41b34a193 -fdebug-prefix-map=/home/david/miniconda3/envs/digital=/usr/local/src/conda-prefix -fPIC -Os -fno-merge-constants)
Time spent: 39% 25x read_verilog (0 sec), 13% 1x abc (0 sec), ...
