#! /usr/bin/env bash
exec /home/david/miniconda3/envs/digital/bin/vvp -f "$0" "$@" <<'# EOF'
:ivl_version "13.0 (devel)" "(0_8-6859-gf50cc35d2-dirty)";
:ivl_delay_selection "TYPICAL";
:vpi_time_precision - 12;
:vpi_module "/home/david/miniconda3/envs/digital/lib/ivl/system.vpi";
:vpi_module "/home/david/miniconda3/envs/digital/lib/ivl/vhdl_sys.vpi";
:vpi_module "/home/david/miniconda3/envs/digital/lib/ivl/vhdl_textio.vpi";
:vpi_module "/home/david/miniconda3/envs/digital/lib/ivl/v2005_math.vpi";
:vpi_module "/home/david/miniconda3/envs/digital/lib/ivl/va_math.vpi";
S_0x2838f1a0 .scope module, "DIV_TB" "DIV_TB" 2 4;
 .timescale -9 -12;
P_0x2838f330 .param/real "DUTY_CYCLE" 0 2 17, Cr<m4000000000000000gfc1>; value=0.500000
P_0x2838f370 .param/l "OFFSET" 0 2 18, +C4<00000000000000000000000000000000>;
P_0x2838f3b0 .param/l "PERIOD" 0 2 16, +C4<00000000000000000000000000010100>;
v0x284014a0_0 .var "DEN", 14 0;
v0x284015d0_0 .var "NUM", 15 0;
v0x284016e0_0 .net "R", 15 0, v0x283c0e80_0;  1 drivers
v0x284017d0_0 .var "clk", 0 0;
v0x28401900_0 .net "done", 0 0, v0x283ffd40_0;  1 drivers
v0x284019f0_0 .var "i", 20 0;
v0x28401ad0_0 .var "init", 0 0;
v0x28401bc0_0 .var "rst", 0 0;
E_0x283d13f0 .event "reset_trigger";
E_0x283c3fe0 .event "reset_done_trigger";
S_0x283d3c80 .scope begin, "TEST_CASE" "TEST_CASE" 2 66, 2 66 0, S_0x2838f1a0;
 .timescale -9 -12;
S_0x283d3e10 .scope module, "uut" "DIV" 2 14, 3 1 0, S_0x2838f1a0;
 .timescale -9 -12;
    .port_info 0 /INPUT 1 "clk";
    .port_info 1 /INPUT 1 "init";
    .port_info 2 /INPUT 1 "rst";
    .port_info 3 /INPUT 16 "NUM";
    .port_info 4 /INPUT 15 "DEN";
    .port_info 5 /OUTPUT 16 "R";
    .port_info 6 /OUTPUT 1 "done";
v0x28400ad0_0 .net "DEN", 14 0, v0x284014a0_0;  1 drivers
v0x28400bb0_0 .net "NUM", 15 0, v0x284015d0_0;  1 drivers
v0x28400c50_0 .net "R", 15 0, v0x283c0e80_0;  alias, 1 drivers
v0x28400d50_0 .net "clk", 0 0, v0x284017d0_0;  1 drivers
v0x28400df0_0 .net "done", 0 0, v0x283ffd40_0;  alias, 1 drivers
v0x28400ee0_0 .net "init", 0 0, v0x28401ad0_0;  1 drivers
v0x28400fb0_0 .net "rst", 0 0, v0x28401bc0_0;  1 drivers
v0x28401080_0 .net "w_DEN", 15 0, v0x283c3370_0;  1 drivers
v0x28401170_0 .net "w_DP", 15 0, v0x28400460_0;  1 drivers
v0x28401210_0 .net "w_ac", 0 0, v0x283ffa20_0;  1 drivers
v0x284012b0_0 .net "w_de", 0 0, v0x283ffc50_0;  1 drivers
v0x284013a0_0 .net "w_rs", 0 0, v0x283ffea0_0;  1 drivers
L_0x28401cb0 .part v0x28400460_0, 15, 1;
S_0x283d5b70 .scope module, "acc0" "acc" 3 21, 4 1 0, S_0x283d3e10;
 .timescale -9 -12;
    .port_info 0 /INPUT 1 "clk";
    .port_info 1 /INPUT 1 "rs";
    .port_info 2 /INPUT 1 "ac";
    .port_info 3 /OUTPUT 16 "R";
v0x283c0e80_0 .var "R", 15 0;
v0x283c1110_0 .net "ac", 0 0, v0x283ffa20_0;  alias, 1 drivers
v0x283c2410_0 .net "clk", 0 0, v0x284017d0_0;  alias, 1 drivers
v0x283c2760_0 .net "rs", 0 0, v0x283ffea0_0;  alias, 1 drivers
E_0x283c4020 .event negedge, v0x283c2410_0;
S_0x283ff110 .scope module, "comp20" "comp2" 3 17, 5 1 0, S_0x283d3e10;
 .timescale -9 -12;
    .port_info 0 /INPUT 15 "DEN";
    .port_info 1 /OUTPUT 16 "c2";
v0x283c2ba0_0 .net "DEN", 14 0, v0x284014a0_0;  alias, 1 drivers
v0x283c3370_0 .var "c2", 15 0;
E_0x283ff360 .event anyedge, v0x283c2ba0_0;
S_0x283ff4e0 .scope module, "control_DIV0" "control_DIV" 3 23, 6 1 0, S_0x283d3e10;
 .timescale -9 -12;
    .port_info 0 /INPUT 1 "clk";
    .port_info 1 /INPUT 1 "rst";
    .port_info 2 /INPUT 1 "init";
    .port_info 3 /INPUT 1 "DP";
    .port_info 4 /OUTPUT 1 "rs";
    .port_info 5 /OUTPUT 1 "de";
    .port_info 6 /OUTPUT 1 "ac";
    .port_info 7 /OUTPUT 1 "done";
P_0x283c3880 .param/l "ACC" 0 6 15, C4<011>;
P_0x283c38c0 .param/l "CHECK" 0 6 12, C4<000>;
P_0x283c3900 .param/l "DEC" 0 6 14, C4<010>;
P_0x283c3940 .param/l "END" 0 6 16, C4<100>;
P_0x283c3980 .param/l "START" 0 6 13, C4<001>;
v0x283bb9c0_0 .net "DP", 0 0, L_0x28401cb0;  1 drivers
v0x283ffa20_0 .var "ac", 0 0;
v0x283ffae0_0 .net "clk", 0 0, v0x284017d0_0;  alias, 1 drivers
v0x283ffbb0_0 .var "count", 3 0;
v0x283ffc50_0 .var "de", 0 0;
v0x283ffd40_0 .var "done", 0 0;
v0x283ffde0_0 .net "init", 0 0, v0x28401ad0_0;  alias, 1 drivers
v0x283ffea0_0 .var "rs", 0 0;
v0x283fff40_0 .net "rst", 0 0, v0x28401bc0_0;  alias, 1 drivers
v0x283fffe0_0 .var "state", 2 0;
E_0x283ff920 .event anyedge, v0x283fffe0_0;
E_0x283ff980 .event posedge, v0x283c2410_0;
S_0x284001c0 .scope module, "dec0" "dec" 3 19, 7 1 0, S_0x283d3e10;
 .timescale -9 -12;
    .port_info 0 /INPUT 1 "clk";
    .port_info 1 /INPUT 1 "rs";
    .port_info 2 /INPUT 1 "de";
    .port_info 3 /INPUT 16 "c2";
    .port_info 4 /INPUT 16 "NUM";
    .port_info 5 /OUTPUT 16 "DP";
v0x28400460_0 .var "DP", 15 0;
v0x28400560_0 .net "NUM", 15 0, v0x284015d0_0;  alias, 1 drivers
v0x28400640_0 .net "c2", 15 0, v0x283c3370_0;  alias, 1 drivers
v0x28400740_0 .net "clk", 0 0, v0x284017d0_0;  alias, 1 drivers
v0x28400830_0 .net "de", 0 0, v0x283ffc50_0;  alias, 1 drivers
v0x28400920_0 .net "rs", 0 0, v0x283ffea0_0;  alias, 1 drivers
    .scope S_0x283ff110;
T_0 ;
    %wait E_0x283ff360;
    %load/vec4 v0x283c2ba0_0;
    %pad/u 16;
    %inv;
    %addi 1, 0, 16;
    %store/vec4 v0x283c3370_0, 0, 16;
    %jmp T_0;
    .thread T_0, $push;
    .scope S_0x284001c0;
T_1 ;
    %pushi/vec4 0, 0, 16;
    %store/vec4 v0x28400460_0, 0, 16;
    %end;
    .thread T_1;
    .scope S_0x284001c0;
T_2 ;
    %wait E_0x283c4020;
    %load/vec4 v0x28400920_0;
    %flag_set/vec4 8;
    %jmp/0xz  T_2.0, 8;
    %load/vec4 v0x28400560_0;
    %store/vec4 v0x28400460_0, 0, 16;
    %jmp T_2.1;
T_2.0 ;
    %load/vec4 v0x28400830_0;
    %flag_set/vec4 8;
    %jmp/0xz  T_2.2, 8;
    %load/vec4 v0x28400460_0;
    %load/vec4 v0x28400640_0;
    %add;
    %store/vec4 v0x28400460_0, 0, 16;
    %jmp T_2.3;
T_2.2 ;
    %load/vec4 v0x28400460_0;
    %store/vec4 v0x28400460_0, 0, 16;
T_2.3 ;
T_2.1 ;
    %jmp T_2;
    .thread T_2;
    .scope S_0x283d5b70;
T_3 ;
    %pushi/vec4 0, 0, 16;
    %store/vec4 v0x283c0e80_0, 0, 16;
    %end;
    .thread T_3;
    .scope S_0x283d5b70;
T_4 ;
    %wait E_0x283c4020;
    %load/vec4 v0x283c2760_0;
    %flag_set/vec4 8;
    %jmp/0xz  T_4.0, 8;
    %pushi/vec4 0, 0, 16;
    %store/vec4 v0x283c0e80_0, 0, 16;
    %jmp T_4.1;
T_4.0 ;
    %load/vec4 v0x283c1110_0;
    %flag_set/vec4 8;
    %jmp/0xz  T_4.2, 8;
    %load/vec4 v0x283c0e80_0;
    %addi 1, 0, 16;
    %store/vec4 v0x283c0e80_0, 0, 16;
    %jmp T_4.3;
T_4.2 ;
    %load/vec4 v0x283c0e80_0;
    %store/vec4 v0x283c0e80_0, 0, 16;
T_4.3 ;
T_4.1 ;
    %jmp T_4;
    .thread T_4;
    .scope S_0x283ff4e0;
T_5 ;
    %pushi/vec4 0, 0, 1;
    %store/vec4 v0x283ffea0_0, 0, 1;
    %pushi/vec4 0, 0, 1;
    %store/vec4 v0x283ffc50_0, 0, 1;
    %pushi/vec4 0, 0, 1;
    %store/vec4 v0x283ffa20_0, 0, 1;
    %pushi/vec4 0, 0, 1;
    %store/vec4 v0x283ffd40_0, 0, 1;
    %pushi/vec4 0, 0, 3;
    %store/vec4 v0x283fffe0_0, 0, 3;
    %end;
    .thread T_5;
    .scope S_0x283ff4e0;
T_6 ;
    %wait E_0x283ff980;
    %load/vec4 v0x283fff40_0;
    %flag_set/vec4 8;
    %jmp/0xz  T_6.0, 8;
    %pushi/vec4 1, 0, 3;
    %store/vec4 v0x283fffe0_0, 0, 3;
    %jmp T_6.1;
T_6.0 ;
    %load/vec4 v0x283fffe0_0;
    %dup/vec4;
    %pushi/vec4 1, 0, 3;
    %cmp/u;
    %jmp/1 T_6.2, 6;
    %dup/vec4;
    %pushi/vec4 2, 0, 3;
    %cmp/u;
    %jmp/1 T_6.3, 6;
    %dup/vec4;
    %pushi/vec4 0, 0, 3;
    %cmp/u;
    %jmp/1 T_6.4, 6;
    %dup/vec4;
    %pushi/vec4 4, 0, 3;
    %cmp/u;
    %jmp/1 T_6.5, 6;
    %dup/vec4;
    %pushi/vec4 3, 0, 3;
    %cmp/u;
    %jmp/1 T_6.6, 6;
    %pushi/vec4 1, 0, 3;
    %store/vec4 v0x283fffe0_0, 0, 3;
    %jmp T_6.8;
T_6.2 ;
    %pushi/vec4 0, 0, 4;
    %store/vec4 v0x283ffbb0_0, 0, 4;
    %load/vec4 v0x283ffde0_0;
    %flag_set/vec4 8;
    %jmp/0xz  T_6.9, 8;
    %pushi/vec4 2, 0, 3;
    %store/vec4 v0x283fffe0_0, 0, 3;
    %jmp T_6.10;
T_6.9 ;
    %pushi/vec4 1, 0, 3;
    %store/vec4 v0x283fffe0_0, 0, 3;
T_6.10 ;
    %jmp T_6.8;
T_6.3 ;
    %pushi/vec4 0, 0, 3;
    %store/vec4 v0x283fffe0_0, 0, 3;
    %jmp T_6.8;
T_6.4 ;
    %load/vec4 v0x283bb9c0_0;
    %flag_set/vec4 8;
    %jmp/0xz  T_6.11, 8;
    %pushi/vec4 4, 0, 3;
    %store/vec4 v0x283fffe0_0, 0, 3;
    %jmp T_6.12;
T_6.11 ;
    %pushi/vec4 3, 0, 3;
    %store/vec4 v0x283fffe0_0, 0, 3;
T_6.12 ;
    %jmp T_6.8;
T_6.5 ;
    %load/vec4 v0x283ffbb0_0;
    %addi 1, 0, 4;
    %store/vec4 v0x283ffbb0_0, 0, 4;
    %load/vec4 v0x283ffbb0_0;
    %pad/u 32;
    %cmpi/u 9, 0, 32;
    %flag_or 5, 4; GT is !LE
    %flag_inv 5;
    %jmp/0xz  T_6.13, 5;
    %pushi/vec4 1, 0, 3;
    %store/vec4 v0x283fffe0_0, 0, 3;
    %jmp T_6.14;
T_6.13 ;
    %pushi/vec4 4, 0, 3;
    %store/vec4 v0x283fffe0_0, 0, 3;
T_6.14 ;
    %jmp T_6.8;
T_6.6 ;
    %pushi/vec4 2, 0, 3;
    %store/vec4 v0x283fffe0_0, 0, 3;
    %jmp T_6.8;
T_6.8 ;
    %pop/vec4 1;
T_6.1 ;
    %jmp T_6;
    .thread T_6;
    .scope S_0x283ff4e0;
T_7 ;
    %wait E_0x283ff920;
    %load/vec4 v0x283fffe0_0;
    %dup/vec4;
    %pushi/vec4 1, 0, 3;
    %cmp/u;
    %jmp/1 T_7.0, 6;
    %dup/vec4;
    %pushi/vec4 2, 0, 3;
    %cmp/u;
    %jmp/1 T_7.1, 6;
    %dup/vec4;
    %pushi/vec4 0, 0, 3;
    %cmp/u;
    %jmp/1 T_7.2, 6;
    %dup/vec4;
    %pushi/vec4 3, 0, 3;
    %cmp/u;
    %jmp/1 T_7.3, 6;
    %dup/vec4;
    %pushi/vec4 4, 0, 3;
    %cmp/u;
    %jmp/1 T_7.4, 6;
    %pushi/vec4 0, 0, 1;
    %store/vec4 v0x283ffea0_0, 0, 1;
    %pushi/vec4 0, 0, 1;
    %store/vec4 v0x283ffc50_0, 0, 1;
    %pushi/vec4 0, 0, 1;
    %store/vec4 v0x283ffa20_0, 0, 1;
    %pushi/vec4 0, 0, 1;
    %store/vec4 v0x283ffd40_0, 0, 1;
    %jmp T_7.6;
T_7.0 ;
    %pushi/vec4 1, 0, 1;
    %store/vec4 v0x283ffea0_0, 0, 1;
    %pushi/vec4 0, 0, 1;
    %store/vec4 v0x283ffc50_0, 0, 1;
    %pushi/vec4 0, 0, 1;
    %store/vec4 v0x283ffa20_0, 0, 1;
    %pushi/vec4 0, 0, 1;
    %store/vec4 v0x283ffd40_0, 0, 1;
    %jmp T_7.6;
T_7.1 ;
    %pushi/vec4 0, 0, 1;
    %store/vec4 v0x283ffea0_0, 0, 1;
    %pushi/vec4 1, 0, 1;
    %store/vec4 v0x283ffc50_0, 0, 1;
    %pushi/vec4 0, 0, 1;
    %store/vec4 v0x283ffa20_0, 0, 1;
    %pushi/vec4 0, 0, 1;
    %store/vec4 v0x283ffd40_0, 0, 1;
    %jmp T_7.6;
T_7.2 ;
    %pushi/vec4 0, 0, 1;
    %store/vec4 v0x283ffea0_0, 0, 1;
    %pushi/vec4 0, 0, 1;
    %store/vec4 v0x283ffc50_0, 0, 1;
    %pushi/vec4 0, 0, 1;
    %store/vec4 v0x283ffa20_0, 0, 1;
    %pushi/vec4 0, 0, 1;
    %store/vec4 v0x283ffd40_0, 0, 1;
    %jmp T_7.6;
T_7.3 ;
    %pushi/vec4 0, 0, 1;
    %store/vec4 v0x283ffea0_0, 0, 1;
    %pushi/vec4 0, 0, 1;
    %store/vec4 v0x283ffc50_0, 0, 1;
    %pushi/vec4 1, 0, 1;
    %store/vec4 v0x283ffa20_0, 0, 1;
    %pushi/vec4 0, 0, 1;
    %store/vec4 v0x283ffd40_0, 0, 1;
    %jmp T_7.6;
T_7.4 ;
    %pushi/vec4 0, 0, 1;
    %store/vec4 v0x283ffea0_0, 0, 1;
    %pushi/vec4 0, 0, 1;
    %store/vec4 v0x283ffc50_0, 0, 1;
    %pushi/vec4 0, 0, 1;
    %store/vec4 v0x283ffa20_0, 0, 1;
    %pushi/vec4 1, 0, 1;
    %store/vec4 v0x283ffd40_0, 0, 1;
    %jmp T_7.6;
T_7.6 ;
    %pop/vec4 1;
    %jmp T_7;
    .thread T_7, $push;
    .scope S_0x2838f1a0;
T_8 ;
T_8.0 ;
    %wait E_0x283d13f0;
    %wait E_0x283c4020;
    %pushi/vec4 1, 0, 1;
    %store/vec4 v0x28401bc0_0, 0, 1;
    %wait E_0x283c4020;
    %pushi/vec4 0, 0, 1;
    %store/vec4 v0x28401bc0_0, 0, 1;
    %event E_0x283c3fe0;
    %jmp T_8.0;
T_8.1 ;
    %end;
    .thread T_8;
    .scope S_0x2838f1a0;
T_9 ;
    %pushi/vec4 0, 0, 1;
    %store/vec4 v0x284017d0_0, 0, 1;
    %pushi/vec4 0, 0, 1;
    %store/vec4 v0x28401ad0_0, 0, 1;
    %pushi/vec4 0, 0, 1;
    %store/vec4 v0x28401bc0_0, 0, 1;
    %pushi/vec4 23, 0, 16;
    %store/vec4 v0x284015d0_0, 0, 16;
    %pushi/vec4 7, 0, 15;
    %store/vec4 v0x284014a0_0, 0, 15;
    %end;
    .thread T_9;
    .scope S_0x2838f1a0;
T_10 ;
    %delay 0, 0;
T_10.0 ;
    %pushi/vec4 0, 0, 1;
    %store/vec4 v0x284017d0_0, 0, 1;
    %delay 10000, 0;
    %pushi/vec4 1, 0, 1;
    %store/vec4 v0x284017d0_0, 0, 1;
    %delay 10000, 0;
    %jmp T_10.0;
T_10.1 ;
    %end;
    .thread T_10;
    .scope S_0x2838f1a0;
T_11 ;
    %delay 10000, 0;
    %event E_0x283d13f0;
    %wait E_0x283c3fe0;
    %wait E_0x283ff980;
    %pushi/vec4 0, 0, 1;
    %store/vec4 v0x28401ad0_0, 0, 1;
    %wait E_0x283ff980;
    %pushi/vec4 1, 0, 1;
    %store/vec4 v0x28401ad0_0, 0, 1;
    %pushi/vec4 0, 0, 21;
    %store/vec4 v0x284019f0_0, 0, 21;
T_11.0 ; Top of for-loop 
    %load/vec4 v0x284019f0_0;
    %pad/u 32;
    %cmpi/u 2, 0, 32;
    %jmp/0xz T_11.1, 5;
    %wait E_0x283ff980;
T_11.2 ; for-loop step statement
    %load/vec4 v0x284019f0_0;
    %addi 1, 0, 21;
    %store/vec4 v0x284019f0_0, 0, 21;
    %jmp T_11.0;
T_11.1 ; for-loop exit label
    %pushi/vec4 0, 0, 1;
    %store/vec4 v0x28401ad0_0, 0, 1;
    %pushi/vec4 0, 0, 21;
    %store/vec4 v0x284019f0_0, 0, 21;
T_11.3 ; Top of for-loop 
    %load/vec4 v0x284019f0_0;
    %pad/u 32;
    %cmpi/u 17, 0, 32;
    %jmp/0xz T_11.4, 5;
    %wait E_0x283ff980;
T_11.5 ; for-loop step statement
    %load/vec4 v0x284019f0_0;
    %addi 1, 0, 21;
    %store/vec4 v0x284019f0_0, 0, 21;
    %jmp T_11.3;
T_11.4 ; for-loop exit label
    %end;
    .thread T_11;
    .scope S_0x2838f1a0;
T_12 ;
    %fork t_1, S_0x283d3c80;
    %jmp t_0;
    .scope S_0x283d3c80;
t_1 ;
    %vpi_call 2 67 "$dumpfile", "DIV_TB.vcd" {0 0 0};
    %vpi_call 2 68 "$dumpvars", 32'sb11111111111111111111111111111111, S_0x283d3e10 {0 0 0};
    %delay 1200000, 0;
    %vpi_call 2 69 "$finish" {0 0 0};
    %end;
    .scope S_0x2838f1a0;
t_0 %join;
    %end;
    .thread T_12;
# The file index is used to find the file name in the following table.
:file_names 8;
    "N/A";
    "<interactive>";
    "DIV_TB.v";
    "DIV.v";
    "acc.v";
    "comp2.v";
    "control_DIV.v";
    "dec.v";
# EOF
