#! /usr/bin/env bash
exec /home/david/miniconda3/envs/digital/bin/vvp -f "$0" "$@" <<'# EOF'
:ivl_version "13.0 (devel)" "(0_8-6859-gf50cc35d2-dirty)";
:ivl_delay_selection "TYPICAL";
:vpi_time_precision - 12;
:vpi_module "/home/david/miniconda3/envs/digital/lib/ivl/system.vpi";
:vpi_module "/home/david/miniconda3/envs/digital/lib/ivl/vhdl_sys.vpi";
:vpi_module "/home/david/miniconda3/envs/digital/lib/ivl/vhdl_textio.vpi";
:vpi_module "/home/david/miniconda3/envs/digital/lib/ivl/v2005_math.vpi";
:vpi_module "/home/david/miniconda3/envs/digital/lib/ivl/va_math.vpi";
S_0x18503cf0 .scope module, "MULT_TB" "MULT_TB" 2 4;
 .timescale -9 -12;
P_0x184cd5c0 .param/real "DUTY_CYCLE" 0 2 17, Cr<m4000000000000000gfc1>; value=0.500000
P_0x184cd600 .param/l "OFFSET" 0 2 18, +C4<00000000000000000000000000000000>;
P_0x184cd640 .param/l "PERIOD" 0 2 16, +C4<00000000000000000000000000010100>;
v0x18544330_0 .var "A", 15 0;
v0x18544460_0 .var "B", 15 0;
v0x18544570_0 .net "R", 31 0, v0x18502150_0;  1 drivers
v0x18544660_0 .var "clk", 0 0;
v0x18544700_0 .net "done", 0 0, v0x185422c0_0;  1 drivers
v0x18544840_0 .var "i", 20 0;
v0x18544920_0 .var "init", 0 0;
v0x18544a10_0 .var "rst", 0 0;
E_0x1850ed50 .event "reset_trigger";
E_0x18503460 .event "reset_done_trigger";
S_0x184cc140 .scope begin, "TEST_CASE" "TEST_CASE" 2 64, 2 64 0, S_0x18503cf0;
 .timescale -9 -12;
S_0x184cc2d0 .scope module, "uut" "MULT" 2 14, 3 1 0, S_0x18503cf0;
 .timescale -9 -12;
    .port_info 0 /INPUT 1 "clk";
    .port_info 1 /INPUT 1 "init";
    .port_info 2 /INPUT 1 "rst";
    .port_info 3 /INPUT 16 "A";
    .port_info 4 /INPUT 16 "B";
    .port_info 5 /OUTPUT 32 "R";
    .port_info 6 /OUTPUT 1 "done";
v0x18543820_0 .net "A", 15 0, v0x18544330_0;  1 drivers
v0x18543900_0 .net "B", 15 0, v0x18544460_0;  1 drivers
v0x185439a0_0 .net "R", 31 0, v0x18502150_0;  alias, 1 drivers
v0x18543aa0_0 .net "clk", 0 0, v0x18544660_0;  1 drivers
v0x18543b40_0 .net "done", 0 0, v0x185422c0_0;  alias, 1 drivers
v0x18543be0_0 .net "init", 0 0, v0x18544920_0;  1 drivers
v0x18543cb0_0 .net "rst", 0 0, v0x18544a10_0;  1 drivers
v0x18543d80_0 .net "w_A", 31 0, v0x18542d60_0;  1 drivers
v0x18543e70_0 .net "w_B", 15 0, v0x185434f0_0;  1 drivers
v0x18543f10_0 .net "w_ad", 0 0, v0x185420c0_0;  1 drivers
v0x18544000_0 .net "w_rs", 0 0, v0x18542450_0;  1 drivers
v0x18544130_0 .net "w_sh", 0 0, v0x18542590_0;  1 drivers
v0x185441d0_0 .net "w_z", 0 0, v0x184f9fb0_0;  1 drivers
L_0x18544b00 .part v0x185434f0_0, 0, 1;
S_0x18511370 .scope module, "acc0" "acc" 3 24, 4 1 0, S_0x184cc2d0;
 .timescale -9 -12;
    .port_info 0 /INPUT 1 "clk";
    .port_info 1 /INPUT 1 "rs";
    .port_info 2 /INPUT 1 "ad";
    .port_info 3 /INPUT 32 "A";
    .port_info 4 /OUTPUT 32 "r";
v0x18500630_0 .net "A", 31 0, v0x18542d60_0;  alias, 1 drivers
v0x185019c0_0 .net "ad", 0 0, v0x185420c0_0;  alias, 1 drivers
v0x18501d10_0 .net "clk", 0 0, v0x18544660_0;  alias, 1 drivers
v0x18502150_0 .var "r", 31 0;
v0x18502920_0 .net "rs", 0 0, v0x18542450_0;  alias, 1 drivers
E_0x185034a0 .event negedge, v0x18501d10_0;
S_0x18541530 .scope module, "comp0" "comp" 3 22, 5 1 0, S_0x184cc2d0;
 .timescale -9 -12;
    .port_info 0 /INPUT 16 "B";
    .port_info 1 /OUTPUT 1 "z";
v0x184f9580_0 .net "B", 15 0, v0x185434f0_0;  alias, 1 drivers
v0x184f9fb0_0 .var "z", 0 0;
E_0x18541780 .event anyedge, v0x184f9580_0;
S_0x185418e0 .scope module, "control_MULT0" "control_MULT" 3 26, 6 1 0, S_0x184cc2d0;
 .timescale -9 -12;
    .port_info 0 /INPUT 1 "clk";
    .port_info 1 /INPUT 1 "rst";
    .port_info 2 /INPUT 1 "init";
    .port_info 3 /INPUT 1 "B";
    .port_info 4 /INPUT 1 "z";
    .port_info 5 /OUTPUT 1 "rs";
    .port_info 6 /OUTPUT 1 "sh";
    .port_info 7 /OUTPUT 1 "ad";
    .port_info 8 /OUTPUT 1 "done";
P_0x18541ac0 .param/l "ADD" 0 6 17, C4<011>;
P_0x18541b00 .param/l "CHECK" 0 6 15, C4<001>;
P_0x18541b40 .param/l "CHECK2" 0 6 18, C4<100>;
P_0x18541b80 .param/l "END" 0 6 19, C4<101>;
P_0x18541bc0 .param/l "SHIFT" 0 6 16, C4<010>;
P_0x18541c00 .param/l "START" 0 6 14, C4<000>;
v0x18541fe0_0 .net "B", 0 0, L_0x18544b00;  1 drivers
v0x185420c0_0 .var "ad", 0 0;
v0x18542180_0 .net "clk", 0 0, v0x18544660_0;  alias, 1 drivers
v0x18542220_0 .var "count", 3 0;
v0x185422c0_0 .var "done", 0 0;
v0x185423b0_0 .net "init", 0 0, v0x18544920_0;  alias, 1 drivers
v0x18542450_0 .var "rs", 0 0;
v0x185424f0_0 .net "rst", 0 0, v0x18544a10_0;  alias, 1 drivers
v0x18542590_0 .var "sh", 0 0;
v0x18542650_0 .var "state", 2 0;
v0x18542730_0 .net "z", 0 0, v0x184f9fb0_0;  alias, 1 drivers
E_0x18541f20 .event anyedge, v0x18542650_0;
E_0x18541f80 .event posedge, v0x18501d10_0;
S_0x18542900 .scope module, "rsl0" "rsl" 3 20, 7 1 0, S_0x184cc2d0;
 .timescale -9 -12;
    .port_info 0 /INPUT 1 "clk";
    .port_info 1 /INPUT 1 "rs";
    .port_info 2 /INPUT 1 "sh";
    .port_info 3 /INPUT 16 "i_A";
    .port_info 4 /OUTPUT 32 "o_A";
v0x18542b70_0 .net "clk", 0 0, v0x18544660_0;  alias, 1 drivers
v0x18542c80_0 .net "i_A", 15 0, v0x18544330_0;  alias, 1 drivers
v0x18542d60_0 .var "o_A", 31 0;
v0x18542e30_0 .net "rs", 0 0, v0x18542450_0;  alias, 1 drivers
v0x18542f20_0 .net "sh", 0 0, v0x18542590_0;  alias, 1 drivers
S_0x18543070 .scope module, "rsr0" "rsr" 3 18, 8 1 0, S_0x184cc2d0;
 .timescale -9 -12;
    .port_info 0 /INPUT 1 "clk";
    .port_info 1 /INPUT 1 "rs";
    .port_info 2 /INPUT 1 "sh";
    .port_info 3 /INPUT 16 "i_B";
    .port_info 4 /OUTPUT 16 "o_B";
v0x18543350_0 .net "clk", 0 0, v0x18544660_0;  alias, 1 drivers
v0x18543410_0 .net "i_B", 15 0, v0x18544460_0;  alias, 1 drivers
v0x185434f0_0 .var "o_B", 15 0;
v0x185435c0_0 .net "rs", 0 0, v0x18542450_0;  alias, 1 drivers
v0x18543660_0 .net "sh", 0 0, v0x18542590_0;  alias, 1 drivers
    .scope S_0x18543070;
T_0 ;
    %wait E_0x185034a0;
    %load/vec4 v0x185435c0_0;
    %flag_set/vec4 8;
    %jmp/0xz  T_0.0, 8;
    %load/vec4 v0x18543410_0;
    %store/vec4 v0x185434f0_0, 0, 16;
    %jmp T_0.1;
T_0.0 ;
    %load/vec4 v0x18543660_0;
    %flag_set/vec4 8;
    %jmp/0xz  T_0.2, 8;
    %load/vec4 v0x185434f0_0;
    %ix/load 4, 1, 0;
    %flag_set/imm 4, 0;
    %shiftr 4;
    %store/vec4 v0x185434f0_0, 0, 16;
    %jmp T_0.3;
T_0.2 ;
    %load/vec4 v0x185434f0_0;
    %store/vec4 v0x185434f0_0, 0, 16;
T_0.3 ;
T_0.1 ;
    %jmp T_0;
    .thread T_0;
    .scope S_0x18542900;
T_1 ;
    %wait E_0x185034a0;
    %load/vec4 v0x18542e30_0;
    %flag_set/vec4 8;
    %jmp/0xz  T_1.0, 8;
    %load/vec4 v0x18542c80_0;
    %pad/u 32;
    %store/vec4 v0x18542d60_0, 0, 32;
    %jmp T_1.1;
T_1.0 ;
    %load/vec4 v0x18542f20_0;
    %flag_set/vec4 8;
    %jmp/0xz  T_1.2, 8;
    %load/vec4 v0x18542d60_0;
    %ix/load 4, 1, 0;
    %flag_set/imm 4, 0;
    %shiftl 4;
    %store/vec4 v0x18542d60_0, 0, 32;
    %jmp T_1.3;
T_1.2 ;
    %load/vec4 v0x18542d60_0;
    %store/vec4 v0x18542d60_0, 0, 32;
T_1.3 ;
T_1.1 ;
    %jmp T_1;
    .thread T_1;
    .scope S_0x18541530;
T_2 ;
    %wait E_0x18541780;
    %load/vec4 v0x184f9580_0;
    %pad/u 32;
    %cmpi/e 0, 0, 32;
    %jmp/0xz  T_2.0, 4;
    %pushi/vec4 1, 0, 1;
    %store/vec4 v0x184f9fb0_0, 0, 1;
    %jmp T_2.1;
T_2.0 ;
    %pushi/vec4 0, 0, 1;
    %store/vec4 v0x184f9fb0_0, 0, 1;
T_2.1 ;
    %jmp T_2;
    .thread T_2, $push;
    .scope S_0x18511370;
T_3 ;
    %pushi/vec4 0, 0, 32;
    %store/vec4 v0x18502150_0, 0, 32;
    %end;
    .thread T_3;
    .scope S_0x18511370;
T_4 ;
    %wait E_0x185034a0;
    %load/vec4 v0x18502920_0;
    %flag_set/vec4 8;
    %jmp/0xz  T_4.0, 8;
    %pushi/vec4 0, 0, 32;
    %store/vec4 v0x18502150_0, 0, 32;
    %jmp T_4.1;
T_4.0 ;
    %load/vec4 v0x185019c0_0;
    %flag_set/vec4 8;
    %jmp/0xz  T_4.2, 8;
    %load/vec4 v0x18502150_0;
    %load/vec4 v0x18500630_0;
    %add;
    %store/vec4 v0x18502150_0, 0, 32;
    %jmp T_4.3;
T_4.2 ;
    %load/vec4 v0x18502150_0;
    %store/vec4 v0x18502150_0, 0, 32;
T_4.3 ;
T_4.1 ;
    %jmp T_4;
    .thread T_4;
    .scope S_0x185418e0;
T_5 ;
    %pushi/vec4 0, 0, 1;
    %store/vec4 v0x18542450_0, 0, 1;
    %pushi/vec4 0, 0, 1;
    %store/vec4 v0x18542590_0, 0, 1;
    %pushi/vec4 0, 0, 1;
    %store/vec4 v0x185420c0_0, 0, 1;
    %pushi/vec4 0, 0, 1;
    %store/vec4 v0x185422c0_0, 0, 1;
    %pushi/vec4 0, 0, 3;
    %store/vec4 v0x18542650_0, 0, 3;
    %end;
    .thread T_5;
    .scope S_0x185418e0;
T_6 ;
    %wait E_0x18541f80;
    %load/vec4 v0x185424f0_0;
    %flag_set/vec4 8;
    %jmp/0xz  T_6.0, 8;
    %pushi/vec4 0, 0, 3;
    %store/vec4 v0x18542650_0, 0, 3;
    %jmp T_6.1;
T_6.0 ;
    %load/vec4 v0x18542650_0;
    %dup/vec4;
    %pushi/vec4 0, 0, 3;
    %cmp/u;
    %jmp/1 T_6.2, 6;
    %dup/vec4;
    %pushi/vec4 1, 0, 3;
    %cmp/u;
    %jmp/1 T_6.3, 6;
    %dup/vec4;
    %pushi/vec4 3, 0, 3;
    %cmp/u;
    %jmp/1 T_6.4, 6;
    %dup/vec4;
    %pushi/vec4 2, 0, 3;
    %cmp/u;
    %jmp/1 T_6.5, 6;
    %dup/vec4;
    %pushi/vec4 4, 0, 3;
    %cmp/u;
    %jmp/1 T_6.6, 6;
    %dup/vec4;
    %pushi/vec4 5, 0, 3;
    %cmp/u;
    %jmp/1 T_6.7, 6;
    %pushi/vec4 0, 0, 3;
    %store/vec4 v0x18542650_0, 0, 3;
    %jmp T_6.9;
T_6.2 ;
    %pushi/vec4 0, 0, 4;
    %store/vec4 v0x18542220_0, 0, 4;
    %load/vec4 v0x185423b0_0;
    %flag_set/vec4 8;
    %jmp/0xz  T_6.10, 8;
    %pushi/vec4 1, 0, 3;
    %store/vec4 v0x18542650_0, 0, 3;
    %jmp T_6.11;
T_6.10 ;
    %pushi/vec4 0, 0, 3;
    %store/vec4 v0x18542650_0, 0, 3;
T_6.11 ;
    %jmp T_6.9;
T_6.3 ;
    %load/vec4 v0x18541fe0_0;
    %flag_set/vec4 8;
    %jmp/0xz  T_6.12, 8;
    %pushi/vec4 3, 0, 3;
    %store/vec4 v0x18542650_0, 0, 3;
    %jmp T_6.13;
T_6.12 ;
    %pushi/vec4 2, 0, 3;
    %store/vec4 v0x18542650_0, 0, 3;
T_6.13 ;
    %jmp T_6.9;
T_6.4 ;
    %pushi/vec4 2, 0, 3;
    %store/vec4 v0x18542650_0, 0, 3;
    %jmp T_6.9;
T_6.5 ;
    %pushi/vec4 4, 0, 3;
    %store/vec4 v0x18542650_0, 0, 3;
    %jmp T_6.9;
T_6.6 ;
    %load/vec4 v0x18542730_0;
    %flag_set/vec4 8;
    %jmp/0xz  T_6.14, 8;
    %pushi/vec4 5, 0, 3;
    %store/vec4 v0x18542650_0, 0, 3;
    %jmp T_6.15;
T_6.14 ;
    %pushi/vec4 1, 0, 3;
    %store/vec4 v0x18542650_0, 0, 3;
T_6.15 ;
    %jmp T_6.9;
T_6.7 ;
    %load/vec4 v0x18542220_0;
    %addi 1, 0, 4;
    %store/vec4 v0x18542220_0, 0, 4;
    %load/vec4 v0x18542220_0;
    %pad/u 32;
    %cmpi/u 9, 0, 32;
    %flag_or 5, 4; GT is !LE
    %flag_inv 5;
    %jmp/0xz  T_6.16, 5;
    %pushi/vec4 0, 0, 3;
    %store/vec4 v0x18542650_0, 0, 3;
    %jmp T_6.17;
T_6.16 ;
    %pushi/vec4 5, 0, 3;
    %store/vec4 v0x18542650_0, 0, 3;
T_6.17 ;
    %jmp T_6.9;
T_6.9 ;
    %pop/vec4 1;
T_6.1 ;
    %jmp T_6;
    .thread T_6;
    .scope S_0x185418e0;
T_7 ;
    %wait E_0x18541f20;
    %load/vec4 v0x18542650_0;
    %dup/vec4;
    %pushi/vec4 0, 0, 3;
    %cmp/u;
    %jmp/1 T_7.0, 6;
    %dup/vec4;
    %pushi/vec4 1, 0, 3;
    %cmp/u;
    %jmp/1 T_7.1, 6;
    %dup/vec4;
    %pushi/vec4 3, 0, 3;
    %cmp/u;
    %jmp/1 T_7.2, 6;
    %dup/vec4;
    %pushi/vec4 2, 0, 3;
    %cmp/u;
    %jmp/1 T_7.3, 6;
    %dup/vec4;
    %pushi/vec4 4, 0, 3;
    %cmp/u;
    %jmp/1 T_7.4, 6;
    %dup/vec4;
    %pushi/vec4 5, 0, 3;
    %cmp/u;
    %jmp/1 T_7.5, 6;
    %pushi/vec4 0, 0, 1;
    %store/vec4 v0x18542450_0, 0, 1;
    %pushi/vec4 0, 0, 1;
    %store/vec4 v0x18542590_0, 0, 1;
    %pushi/vec4 0, 0, 1;
    %store/vec4 v0x185420c0_0, 0, 1;
    %pushi/vec4 0, 0, 1;
    %store/vec4 v0x185422c0_0, 0, 1;
    %jmp T_7.7;
T_7.0 ;
    %pushi/vec4 1, 0, 1;
    %store/vec4 v0x18542450_0, 0, 1;
    %pushi/vec4 0, 0, 1;
    %store/vec4 v0x18542590_0, 0, 1;
    %pushi/vec4 0, 0, 1;
    %store/vec4 v0x185420c0_0, 0, 1;
    %pushi/vec4 0, 0, 1;
    %store/vec4 v0x185422c0_0, 0, 1;
    %jmp T_7.7;
T_7.1 ;
    %pushi/vec4 0, 0, 1;
    %store/vec4 v0x18542450_0, 0, 1;
    %pushi/vec4 0, 0, 1;
    %store/vec4 v0x18542590_0, 0, 1;
    %pushi/vec4 0, 0, 1;
    %store/vec4 v0x185420c0_0, 0, 1;
    %pushi/vec4 0, 0, 1;
    %store/vec4 v0x185422c0_0, 0, 1;
    %jmp T_7.7;
T_7.2 ;
    %pushi/vec4 0, 0, 1;
    %store/vec4 v0x18542450_0, 0, 1;
    %pushi/vec4 0, 0, 1;
    %store/vec4 v0x18542590_0, 0, 1;
    %pushi/vec4 1, 0, 1;
    %store/vec4 v0x185420c0_0, 0, 1;
    %pushi/vec4 0, 0, 1;
    %store/vec4 v0x185422c0_0, 0, 1;
    %jmp T_7.7;
T_7.3 ;
    %pushi/vec4 0, 0, 1;
    %store/vec4 v0x18542450_0, 0, 1;
    %pushi/vec4 1, 0, 1;
    %store/vec4 v0x18542590_0, 0, 1;
    %pushi/vec4 0, 0, 1;
    %store/vec4 v0x185420c0_0, 0, 1;
    %pushi/vec4 0, 0, 1;
    %store/vec4 v0x185422c0_0, 0, 1;
    %jmp T_7.7;
T_7.4 ;
    %pushi/vec4 0, 0, 1;
    %store/vec4 v0x18542450_0, 0, 1;
    %pushi/vec4 0, 0, 1;
    %store/vec4 v0x18542590_0, 0, 1;
    %pushi/vec4 0, 0, 1;
    %store/vec4 v0x185420c0_0, 0, 1;
    %pushi/vec4 0, 0, 1;
    %store/vec4 v0x185422c0_0, 0, 1;
    %jmp T_7.7;
T_7.5 ;
    %pushi/vec4 0, 0, 1;
    %store/vec4 v0x18542450_0, 0, 1;
    %pushi/vec4 0, 0, 1;
    %store/vec4 v0x18542590_0, 0, 1;
    %pushi/vec4 0, 0, 1;
    %store/vec4 v0x185420c0_0, 0, 1;
    %pushi/vec4 1, 0, 1;
    %store/vec4 v0x185422c0_0, 0, 1;
    %jmp T_7.7;
T_7.7 ;
    %pop/vec4 1;
    %jmp T_7;
    .thread T_7, $push;
    .scope S_0x18503cf0;
T_8 ;
T_8.0 ;
    %wait E_0x1850ed50;
    %wait E_0x185034a0;
    %pushi/vec4 1, 0, 1;
    %store/vec4 v0x18544a10_0, 0, 1;
    %wait E_0x185034a0;
    %pushi/vec4 0, 0, 1;
    %store/vec4 v0x18544a10_0, 0, 1;
    %event E_0x18503460;
    %jmp T_8.0;
T_8.1 ;
    %end;
    .thread T_8;
    .scope S_0x18503cf0;
T_9 ;
    %pushi/vec4 0, 0, 1;
    %store/vec4 v0x18544660_0, 0, 1;
    %pushi/vec4 0, 0, 1;
    %store/vec4 v0x18544920_0, 0, 1;
    %pushi/vec4 0, 0, 1;
    %store/vec4 v0x18544a10_0, 0, 1;
    %pushi/vec4 5, 0, 16;
    %store/vec4 v0x18544330_0, 0, 16;
    %pushi/vec4 3, 0, 16;
    %store/vec4 v0x18544460_0, 0, 16;
    %end;
    .thread T_9;
    .scope S_0x18503cf0;
T_10 ;
    %delay 0, 0;
T_10.0 ;
    %pushi/vec4 0, 0, 1;
    %store/vec4 v0x18544660_0, 0, 1;
    %delay 10000, 0;
    %pushi/vec4 1, 0, 1;
    %store/vec4 v0x18544660_0, 0, 1;
    %delay 10000, 0;
    %jmp T_10.0;
T_10.1 ;
    %end;
    .thread T_10;
    .scope S_0x18503cf0;
T_11 ;
    %delay 10000, 0;
    %event E_0x1850ed50;
    %wait E_0x18503460;
    %wait E_0x18541f80;
    %pushi/vec4 0, 0, 1;
    %store/vec4 v0x18544920_0, 0, 1;
    %wait E_0x18541f80;
    %pushi/vec4 1, 0, 1;
    %store/vec4 v0x18544920_0, 0, 1;
    %pushi/vec4 0, 0, 21;
    %store/vec4 v0x18544840_0, 0, 21;
T_11.0 ; Top of for-loop 
    %load/vec4 v0x18544840_0;
    %pad/u 32;
    %cmpi/u 2, 0, 32;
    %jmp/0xz T_11.1, 5;
    %wait E_0x18541f80;
T_11.2 ; for-loop step statement
    %load/vec4 v0x18544840_0;
    %addi 1, 0, 21;
    %store/vec4 v0x18544840_0, 0, 21;
    %jmp T_11.0;
T_11.1 ; for-loop exit label
    %pushi/vec4 0, 0, 1;
    %store/vec4 v0x18544920_0, 0, 1;
    %pushi/vec4 0, 0, 21;
    %store/vec4 v0x18544840_0, 0, 21;
T_11.3 ; Top of for-loop 
    %load/vec4 v0x18544840_0;
    %pad/u 32;
    %cmpi/u 17, 0, 32;
    %jmp/0xz T_11.4, 5;
    %wait E_0x18541f80;
T_11.5 ; for-loop step statement
    %load/vec4 v0x18544840_0;
    %addi 1, 0, 21;
    %store/vec4 v0x18544840_0, 0, 21;
    %jmp T_11.3;
T_11.4 ; for-loop exit label
    %end;
    .thread T_11;
    .scope S_0x18503cf0;
T_12 ;
    %fork t_1, S_0x184cc140;
    %jmp t_0;
    .scope S_0x184cc140;
t_1 ;
    %vpi_call 2 65 "$dumpfile", "MULT_TB.vcd" {0 0 0};
    %vpi_call 2 66 "$dumpvars", 32'sb11111111111111111111111111111111, S_0x184cc2d0 {0 0 0};
    %delay 1200000, 0;
    %vpi_call 2 67 "$finish" {0 0 0};
    %end;
    .scope S_0x18503cf0;
t_0 %join;
    %end;
    .thread T_12;
# The file index is used to find the file name in the following table.
:file_names 9;
    "N/A";
    "<interactive>";
    "MULT_TB.v";
    "MULT.v";
    "acc.v";
    "comp.v";
    "control_MULT.v";
    "rsl.v";
    "rsr.v";
# EOF
